ARM GAS  c:\Tmp\cccz0DGf.s 			page 1


   1              		.syntax unified
   2              		.cpu cortex-m4
   3              		.eabi_attribute 27, 3
   4              		.eabi_attribute 28, 1
   5              		.fpu fpv4-sp-d16
   6              		.eabi_attribute 20, 1
   7              		.eabi_attribute 21, 1
   8              		.eabi_attribute 23, 3
   9              		.eabi_attribute 24, 1
  10              		.eabi_attribute 25, 1
  11              		.eabi_attribute 26, 1
  12              		.eabi_attribute 30, 6
  13              		.eabi_attribute 34, 1
  14              		.eabi_attribute 18, 4
  15              		.thumb
  16              		.file	"accel.c"
  17              		.text
  18              	.Ltext0:
  19              		.cfi_sections	.debug_frame
  20              		.section	.text.initAccel,"ax",%progbits
  21              		.align	2
  22              		.p2align 4,,15
  23              		.global	initAccel
  24              		.thumb
  25              		.thumb_func
  26              		.type	initAccel, %function
  27              	initAccel:
  28              	.LFB118:
  29              		.file 1 "accel.c"
  30              		.loc 1 19 0
  31              		.cfi_startproc
  32              		@ args = 0, pretend = 0, frame = 0
  33              		@ frame_needed = 0, uses_anonymous_args = 0
  34 0000 08B5     		push	{r3, lr}
  35              		.cfi_def_cfa_offset 8
  36              		.cfi_offset 3, -8
  37              		.cfi_offset 14, -4
  38              		.loc 1 22 0
  39 0002 204B     		ldr	r3, .L2
  40 0004 1F4A     		ldr	r2, .L2
  41 0006 526C     		ldr	r2, [r2, #68]
  42 0008 42F48052 		orr	r2, r2, #4096
  43 000c 5A64     		str	r2, [r3, #68]
  44              		.loc 1 26 0
  45 000e 1E4B     		ldr	r3, .L2+4
  46 0010 1D4A     		ldr	r2, .L2+4
  47 0012 1288     		ldrh	r2, [r2]	@ movhi
  48 0014 92B2     		uxth	r2, r2
  49 0016 42F00302 		orr	r2, r2, #3
  50 001a 92B2     		uxth	r2, r2
  51 001c 1A80     		strh	r2, [r3]	@ movhi
  52              		.loc 1 28 0
  53 001e 1A4B     		ldr	r3, .L2+4
  54 0020 194A     		ldr	r2, .L2+4
  55 0022 1288     		ldrh	r2, [r2]	@ movhi
  56 0024 92B2     		uxth	r2, r2
  57 0026 22F40062 		bic	r2, r2, #2048
ARM GAS  c:\Tmp\cccz0DGf.s 			page 2


  58 002a 92B2     		uxth	r2, r2
  59 002c 1A80     		strh	r2, [r3]	@ movhi
  60              		.loc 1 30 0
  61 002e 164B     		ldr	r3, .L2+4
  62 0030 154A     		ldr	r2, .L2+4
  63 0032 1288     		ldrh	r2, [r2]	@ movhi
  64 0034 92B2     		uxth	r2, r2
  65 0036 92B2     		uxth	r2, r2
  66 0038 22F03802 		bic	r2, r2, #56
  67 003c 92B2     		uxth	r2, r2
  68 003e 42F01802 		orr	r2, r2, #24
  69 0042 92B2     		uxth	r2, r2
  70 0044 92B2     		uxth	r2, r2
  71 0046 1A80     		strh	r2, [r3]	@ movhi
  72              		.loc 1 32 0
  73 0048 0F4B     		ldr	r3, .L2+4
  74 004a 0F4A     		ldr	r2, .L2+4
  75 004c 1288     		ldrh	r2, [r2]	@ movhi
  76 004e 92B2     		uxth	r2, r2
  77 0050 42F44072 		orr	r2, r2, #768
  78 0054 92B2     		uxth	r2, r2
  79 0056 1A80     		strh	r2, [r3]	@ movhi
  80              		.loc 1 35 0
  81 0058 0C4B     		ldr	r3, .L2+8
  82 005a 0822     		movs	r2, #8
  83 005c 1A83     		strh	r2, [r3, #24]	@ movhi
  84              		.loc 1 38 0
  85 005e 0A4B     		ldr	r3, .L2+4
  86 0060 094A     		ldr	r2, .L2+4
  87 0062 1288     		ldrh	r2, [r2]	@ movhi
  88 0064 92B2     		uxth	r2, r2
  89 0066 42F04402 		orr	r2, r2, #68
  90 006a 92B2     		uxth	r2, r2
  91 006c 1A80     		strh	r2, [r3]	@ movhi
  92              		.loc 1 42 0
  93 006e 3220     		movs	r0, #50
  94 0070 FFF7FEFF 		bl	gptDelayUs
  95              		.loc 1 43 0
  96 0074 2020     		movs	r0, #32
  97 0076 4721     		movs	r1, #71
  98 0078 FFF7FEFF 		bl	writeAccel
  99              		.loc 1 44 0
 100 007c 3220     		movs	r0, #50
 101 007e FFF7FEFF 		bl	gptDelayUs
 102              		.loc 1 46 0
 103 0082 08BD     		pop	{r3, pc}
 104              	.L3:
 105              		.align	2
 106              	.L2:
 107 0084 00380240 		.word	1073887232
 108 0088 00300140 		.word	1073819648
 109 008c 00100240 		.word	1073876992
 110              		.cfi_endproc
 111              	.LFE118:
 112              		.size	initAccel, .-initAccel
 113              		.section	.text.readAccel,"ax",%progbits
 114              		.align	2
ARM GAS  c:\Tmp\cccz0DGf.s 			page 3


 115              		.p2align 4,,15
 116              		.global	readAccel
 117              		.thumb
 118              		.thumb_func
 119              		.type	readAccel, %function
 120              	readAccel:
 121              	.LFB119:
 122              		.loc 1 60 0
 123              		.cfi_startproc
 124              		@ args = 0, pretend = 0, frame = 16
 125              		@ frame_needed = 0, uses_anonymous_args = 0
 126 0000 00B5     		push	{lr}
 127              		.cfi_def_cfa_offset 4
 128              		.cfi_offset 14, -4
 129 0002 85B0     		sub	sp, sp, #20
 130              		.cfi_def_cfa_offset 24
 131 0004 0190     		str	r0, [sp, #4]
 132 0006 0091     		str	r1, [sp]
 133              		.loc 1 65 0
 134 0008 019B     		ldr	r3, [sp, #4]
 135 000a 03F03F03 		and	r3, r3, #63
 136 000e 0193     		str	r3, [sp, #4]
 137              		.loc 1 69 0
 138 0010 019B     		ldr	r3, [sp, #4]
 139 0012 0E2B     		cmp	r3, #14
 140 0014 02DC     		bgt	.L5
 141              		.loc 1 70 0
 142 0016 40F2E933 		movw	r3, #1001
 143 001a 5AE0     		b	.L13
 144              	.L5:
 145              		.loc 1 71 0
 146 001c 019B     		ldr	r3, [sp, #4]
 147 001e 1F2B     		cmp	r3, #31
 148 0020 05DC     		bgt	.L7
 149              		.loc 1 71 0 is_stmt 0 discriminator 1
 150 0022 019B     		ldr	r3, [sp, #4]
 151 0024 0F2B     		cmp	r3, #15
 152 0026 02DD     		ble	.L7
 153              		.loc 1 72 0 is_stmt 1
 154 0028 40F2E933 		movw	r3, #1001
 155 002c 51E0     		b	.L13
 156              	.L7:
 157              		.loc 1 73 0
 158 002e 019B     		ldr	r3, [sp, #4]
 159 0030 262B     		cmp	r3, #38
 160 0032 05DC     		bgt	.L8
 161              		.loc 1 73 0 is_stmt 0 discriminator 1
 162 0034 019B     		ldr	r3, [sp, #4]
 163 0036 232B     		cmp	r3, #35
 164 0038 02DD     		ble	.L8
 165              		.loc 1 74 0 is_stmt 1
 166 003a 40F2E933 		movw	r3, #1001
 167 003e 48E0     		b	.L13
 168              	.L8:
 169              		.loc 1 75 0
 170 0040 019B     		ldr	r3, [sp, #4]
 171 0042 2F2B     		cmp	r3, #47
ARM GAS  c:\Tmp\cccz0DGf.s 			page 4


 172 0044 05DC     		bgt	.L9
 173              		.loc 1 75 0 is_stmt 0 discriminator 1
 174 0046 019B     		ldr	r3, [sp, #4]
 175 0048 2D2B     		cmp	r3, #45
 176 004a 02DD     		ble	.L9
 177              		.loc 1 76 0 is_stmt 1
 178 004c 40F2E933 		movw	r3, #1001
 179 0050 3FE0     		b	.L13
 180              	.L9:
 181              		.loc 1 79 0
 182 0052 224B     		ldr	r3, .L14
 183 0054 0822     		movs	r2, #8
 184 0056 5A83     		strh	r2, [r3, #26]	@ movhi
 185              		.loc 1 85 0
 186 0058 019B     		ldr	r3, [sp, #4]
 187 005a 43F08003 		orr	r3, r3, #128
 188 005e 0193     		str	r3, [sp, #4]
 189              		.loc 1 88 0
 190 0060 1F4B     		ldr	r3, .L14+4
 191 0062 019A     		ldr	r2, [sp, #4]
 192 0064 92B2     		uxth	r2, r2
 193 0066 9A81     		strh	r2, [r3, #12]	@ movhi
 194              		.loc 1 91 0
 195 0068 0220     		movs	r0, #2
 196 006a FFF7FEFF 		bl	gptDelayUs
 197              		.loc 1 94 0
 198 006e 00BF     		nop
 199              	.L10:
 200              		.loc 1 94 0 is_stmt 0 discriminator 1
 201 0070 1B4B     		ldr	r3, .L14+4
 202 0072 1B89     		ldrh	r3, [r3, #8]	@ movhi
 203 0074 9BB2     		uxth	r3, r3
 204 0076 03F00103 		and	r3, r3, #1
 205 007a 002B     		cmp	r3, #0
 206 007c F8D0     		beq	.L10
 207              		.loc 1 99 0 is_stmt 1
 208 007e 184B     		ldr	r3, .L14+4
 209 0080 9B89     		ldrh	r3, [r3, #12]	@ movhi
 210 0082 9BB2     		uxth	r3, r3
 211 0084 DBB2     		uxtb	r3, r3
 212 0086 8DF80B30 		strb	r3, [sp, #11]
 213              		.loc 1 102 0
 214 008a 154B     		ldr	r3, .L14+4
 215 008c FF22     		movs	r2, #255
 216 008e 9A81     		strh	r2, [r3, #12]	@ movhi
 217              		.loc 1 105 0
 218 0090 0220     		movs	r0, #2
 219 0092 FFF7FEFF 		bl	gptDelayUs
 220              		.loc 1 108 0
 221 0096 00BF     		nop
 222              	.L11:
 223              		.loc 1 108 0 is_stmt 0 discriminator 1
 224 0098 114B     		ldr	r3, .L14+4
 225 009a 1B89     		ldrh	r3, [r3, #8]	@ movhi
 226 009c 9BB2     		uxth	r3, r3
 227 009e 03F00103 		and	r3, r3, #1
 228 00a2 002B     		cmp	r3, #0
ARM GAS  c:\Tmp\cccz0DGf.s 			page 5


 229 00a4 F8D0     		beq	.L11
 230              		.loc 1 112 0 is_stmt 1
 231 00a6 0E4B     		ldr	r3, .L14+4
 232 00a8 9B89     		ldrh	r3, [r3, #12]	@ movhi
 233 00aa 9BB2     		uxth	r3, r3
 234 00ac DBB2     		uxtb	r3, r3
 235 00ae 8DF80B30 		strb	r3, [sp, #11]
 236              		.loc 1 115 0
 237 00b2 0A4B     		ldr	r3, .L14
 238 00b4 0822     		movs	r2, #8
 239 00b6 1A83     		strh	r2, [r3, #24]	@ movhi
 240              		.loc 1 120 0
 241 00b8 009B     		ldr	r3, [sp]
 242 00ba 002B     		cmp	r3, #0
 243 00bc 03D1     		bne	.L12
 244              		.loc 1 121 0
 245 00be 9DF80B30 		ldrb	r3, [sp, #11]	@ zero_extendqisi2
 246 00c2 5BB2     		sxtb	r3, r3
 247 00c4 05E0     		b	.L13
 248              	.L12:
 249              		.loc 1 126 0
 250 00c6 0DF10B03 		add	r3, sp, #11
 251 00ca 0393     		str	r3, [sp, #12]
 252              		.loc 1 129 0
 253 00cc 039B     		ldr	r3, [sp, #12]
 254 00ce 1B78     		ldrb	r3, [r3]	@ zero_extendqisi2
 255 00d0 5BB2     		sxtb	r3, r3
 256              	.L13:
 257              		.loc 1 130 0
 258 00d2 1846     		mov	r0, r3
 259 00d4 05B0     		add	sp, sp, #20
 260              		@ sp needed
 261 00d6 5DF804FB 		ldr	pc, [sp], #4
 262              	.L15:
 263 00da 00BF     		.align	2
 264              	.L14:
 265 00dc 00100240 		.word	1073876992
 266 00e0 00300140 		.word	1073819648
 267              		.cfi_endproc
 268              	.LFE119:
 269              		.size	readAccel, .-readAccel
 270 00e4 AFF30080 		.section	.text.itoa,"ax",%progbits
 270      AFF30080 
 270      AFF30080 
 271              		.align	2
 272              		.p2align 4,,15
 273              		.global	itoa
 274              		.thumb
 275              		.thumb_func
 276              		.type	itoa, %function
 277              	itoa:
 278              	.LFB120:
 279              		.loc 1 145 0
 280              		.cfi_startproc
 281              		@ args = 0, pretend = 0, frame = 32
 282              		@ frame_needed = 0, uses_anonymous_args = 0
 283              		@ link register save eliminated.
ARM GAS  c:\Tmp\cccz0DGf.s 			page 6


 284 0000 88B0     		sub	sp, sp, #32
 285              		.cfi_def_cfa_offset 32
 286 0002 0390     		str	r0, [sp, #12]
 287 0004 0291     		str	r1, [sp, #8]
 288 0006 0192     		str	r2, [sp, #4]
 289              		.loc 1 146 0
 290 0008 0023     		movs	r3, #0
 291 000a 0793     		str	r3, [sp, #28]
 292              		.loc 1 147 0
 293 000c 0023     		movs	r3, #0
 294 000e 0693     		str	r3, [sp, #24]
 295              		.loc 1 151 0
 296 0010 039B     		ldr	r3, [sp, #12]
 297 0012 002B     		cmp	r3, #0
 298 0014 04DA     		bge	.L17
 299              		.loc 1 152 0
 300 0016 0123     		movs	r3, #1
 301 0018 0793     		str	r3, [sp, #28]
 302              		.loc 1 153 0
 303 001a 039B     		ldr	r3, [sp, #12]
 304 001c 5B42     		negs	r3, r3
 305 001e 0393     		str	r3, [sp, #12]
 306              	.L17:
 307              		.loc 1 158 0
 308 0020 039B     		ldr	r3, [sp, #12]
 309 0022 019A     		ldr	r2, [sp, #4]
 310 0024 93FBF2F2 		sdiv	r2, r3, r2
 311 0028 0199     		ldr	r1, [sp, #4]
 312 002a 01FB02F2 		mul	r2, r1, r2
 313 002e 9B1A     		subs	r3, r3, r2
 314 0030 0593     		str	r3, [sp, #20]
 315              		.loc 1 159 0
 316 0032 059B     		ldr	r3, [sp, #20]
 317 0034 092B     		cmp	r3, #9
 318 0036 08DC     		bgt	.L18
 319              		.loc 1 160 0
 320 0038 069B     		ldr	r3, [sp, #24]
 321 003a 029A     		ldr	r2, [sp, #8]
 322 003c 1344     		add	r3, r3, r2
 323 003e 059A     		ldr	r2, [sp, #20]
 324 0040 D2B2     		uxtb	r2, r2
 325 0042 3032     		adds	r2, r2, #48
 326 0044 D2B2     		uxtb	r2, r2
 327 0046 1A70     		strb	r2, [r3]
 328 0048 07E0     		b	.L19
 329              	.L18:
 330              		.loc 1 162 0
 331 004a 069B     		ldr	r3, [sp, #24]
 332 004c 029A     		ldr	r2, [sp, #8]
 333 004e 1344     		add	r3, r3, r2
 334 0050 059A     		ldr	r2, [sp, #20]
 335 0052 D2B2     		uxtb	r2, r2
 336 0054 3732     		adds	r2, r2, #55
 337 0056 D2B2     		uxtb	r2, r2
 338 0058 1A70     		strb	r2, [r3]
 339              	.L19:
 340              		.loc 1 163 0
ARM GAS  c:\Tmp\cccz0DGf.s 			page 7


 341 005a 069B     		ldr	r3, [sp, #24]
 342 005c 0133     		adds	r3, r3, #1
 343 005e 0693     		str	r3, [sp, #24]
 344              		.loc 1 164 0
 345 0060 039A     		ldr	r2, [sp, #12]
 346 0062 019B     		ldr	r3, [sp, #4]
 347 0064 92FBF3F3 		sdiv	r3, r2, r3
 348 0068 0393     		str	r3, [sp, #12]
 349              		.loc 1 165 0
 350 006a 039B     		ldr	r3, [sp, #12]
 351 006c 002B     		cmp	r3, #0
 352 006e D7DC     		bgt	.L17
 353              		.loc 1 168 0
 354 0070 079B     		ldr	r3, [sp, #28]
 355 0072 002B     		cmp	r3, #0
 356 0074 05D0     		beq	.L20
 357              		.loc 1 169 0
 358 0076 069B     		ldr	r3, [sp, #24]
 359 0078 029A     		ldr	r2, [sp, #8]
 360 007a 1344     		add	r3, r3, r2
 361 007c 2D22     		movs	r2, #45
 362 007e 1A70     		strb	r2, [r3]
 363 0080 02E0     		b	.L21
 364              	.L20:
 365              		.loc 1 171 0
 366 0082 069B     		ldr	r3, [sp, #24]
 367 0084 013B     		subs	r3, r3, #1
 368 0086 0693     		str	r3, [sp, #24]
 369              	.L21:
 370              		.loc 1 174 0
 371 0088 069B     		ldr	r3, [sp, #24]
 372 008a 0133     		adds	r3, r3, #1
 373 008c 029A     		ldr	r2, [sp, #8]
 374 008e 1344     		add	r3, r3, r2
 375 0090 0022     		movs	r2, #0
 376 0092 1A70     		strb	r2, [r3]
 377              		.loc 1 179 0
 378 0094 0023     		movs	r3, #0
 379 0096 0593     		str	r3, [sp, #20]
 380              	.L22:
 381              		.loc 1 181 0 discriminator 1
 382 0098 059B     		ldr	r3, [sp, #20]
 383 009a 029A     		ldr	r2, [sp, #8]
 384 009c 1344     		add	r3, r3, r2
 385 009e 1B78     		ldrb	r3, [r3]	@ zero_extendqisi2
 386 00a0 0793     		str	r3, [sp, #28]
 387              		.loc 1 182 0 discriminator 1
 388 00a2 059B     		ldr	r3, [sp, #20]
 389 00a4 5A1C     		adds	r2, r3, #1
 390 00a6 0592     		str	r2, [sp, #20]
 391 00a8 029A     		ldr	r2, [sp, #8]
 392 00aa 1344     		add	r3, r3, r2
 393 00ac 069A     		ldr	r2, [sp, #24]
 394 00ae 0299     		ldr	r1, [sp, #8]
 395 00b0 0A44     		add	r2, r2, r1
 396 00b2 1278     		ldrb	r2, [r2]	@ zero_extendqisi2
 397 00b4 1A70     		strb	r2, [r3]
ARM GAS  c:\Tmp\cccz0DGf.s 			page 8


 398              		.loc 1 183 0 discriminator 1
 399 00b6 069B     		ldr	r3, [sp, #24]
 400 00b8 5A1E     		subs	r2, r3, #1
 401 00ba 0692     		str	r2, [sp, #24]
 402 00bc 029A     		ldr	r2, [sp, #8]
 403 00be 1344     		add	r3, r3, r2
 404 00c0 079A     		ldr	r2, [sp, #28]
 405 00c2 D2B2     		uxtb	r2, r2
 406 00c4 1A70     		strb	r2, [r3]
 407              		.loc 1 184 0 discriminator 1
 408 00c6 059A     		ldr	r2, [sp, #20]
 409 00c8 069B     		ldr	r3, [sp, #24]
 410 00ca 9A42     		cmp	r2, r3
 411 00cc E4DB     		blt	.L22
 412              		.loc 1 186 0
 413 00ce 029B     		ldr	r3, [sp, #8]
 414              		.loc 1 187 0
 415 00d0 1846     		mov	r0, r3
 416 00d2 08B0     		add	sp, sp, #32
 417              		@ sp needed
 418 00d4 7047     		bx	lr
 419              		.cfi_endproc
 420              	.LFE120:
 421              		.size	itoa, .-itoa
 422 00d6 00BFAFF3 		.section	.text.writeAccel,"ax",%progbits
 422      0080AFF3 
 422      0080
 423              		.align	2
 424              		.p2align 4,,15
 425              		.global	writeAccel
 426              		.thumb
 427              		.thumb_func
 428              		.type	writeAccel, %function
 429              	writeAccel:
 430              	.LFB121:
 431              		.loc 1 189 0
 432              		.cfi_startproc
 433              		@ args = 0, pretend = 0, frame = 8
 434              		@ frame_needed = 0, uses_anonymous_args = 0
 435 0000 00B5     		push	{lr}
 436              		.cfi_def_cfa_offset 4
 437              		.cfi_offset 14, -4
 438 0002 83B0     		sub	sp, sp, #12
 439              		.cfi_def_cfa_offset 16
 440 0004 0190     		str	r0, [sp, #4]
 441 0006 0091     		str	r1, [sp]
 442              		.loc 1 191 0
 443 0008 019B     		ldr	r3, [sp, #4]
 444 000a 03F03F03 		and	r3, r3, #63
 445 000e 0193     		str	r3, [sp, #4]
 446              		.loc 1 195 0
 447 0010 019B     		ldr	r3, [sp, #4]
 448 0012 0E2B     		cmp	r3, #14
 449 0014 02DC     		bgt	.L25
 450              		.loc 1 196 0
 451 0016 40F2E933 		movw	r3, #1001
 452 001a 3FE0     		b	.L26
ARM GAS  c:\Tmp\cccz0DGf.s 			page 9


 453              	.L25:
 454              		.loc 1 197 0
 455 001c 019B     		ldr	r3, [sp, #4]
 456 001e 1F2B     		cmp	r3, #31
 457 0020 05DC     		bgt	.L27
 458              		.loc 1 197 0 is_stmt 0 discriminator 1
 459 0022 019B     		ldr	r3, [sp, #4]
 460 0024 0F2B     		cmp	r3, #15
 461 0026 02DD     		ble	.L27
 462              		.loc 1 198 0 is_stmt 1
 463 0028 40F2E933 		movw	r3, #1001
 464 002c 36E0     		b	.L26
 465              	.L27:
 466              		.loc 1 199 0
 467 002e 019B     		ldr	r3, [sp, #4]
 468 0030 262B     		cmp	r3, #38
 469 0032 05DC     		bgt	.L28
 470              		.loc 1 199 0 is_stmt 0 discriminator 1
 471 0034 019B     		ldr	r3, [sp, #4]
 472 0036 232B     		cmp	r3, #35
 473 0038 02DD     		ble	.L28
 474              		.loc 1 200 0 is_stmt 1
 475 003a 40F2E933 		movw	r3, #1001
 476 003e 2DE0     		b	.L26
 477              	.L28:
 478              		.loc 1 201 0
 479 0040 019B     		ldr	r3, [sp, #4]
 480 0042 2F2B     		cmp	r3, #47
 481 0044 05DC     		bgt	.L29
 482              		.loc 1 201 0 is_stmt 0 discriminator 1
 483 0046 019B     		ldr	r3, [sp, #4]
 484 0048 2D2B     		cmp	r3, #45
 485 004a 02DD     		ble	.L29
 486              		.loc 1 202 0 is_stmt 1
 487 004c 40F2E933 		movw	r3, #1001
 488 0050 24E0     		b	.L26
 489              	.L29:
 490              		.loc 1 205 0
 491 0052 144B     		ldr	r3, .L32
 492 0054 0822     		movs	r2, #8
 493 0056 5A83     		strh	r2, [r3, #26]	@ movhi
 494              		.loc 1 213 0
 495 0058 134B     		ldr	r3, .L32+4
 496 005a 019A     		ldr	r2, [sp, #4]
 497 005c 92B2     		uxth	r2, r2
 498 005e 9A81     		strh	r2, [r3, #12]	@ movhi
 499              		.loc 1 216 0
 500 0060 0220     		movs	r0, #2
 501 0062 FFF7FEFF 		bl	gptDelayUs
 502              		.loc 1 219 0
 503 0066 00BF     		nop
 504              	.L30:
 505              		.loc 1 219 0 is_stmt 0 discriminator 1
 506 0068 0F4B     		ldr	r3, .L32+4
 507 006a 1B89     		ldrh	r3, [r3, #8]	@ movhi
 508 006c 9BB2     		uxth	r3, r3
 509 006e 03F00103 		and	r3, r3, #1
ARM GAS  c:\Tmp\cccz0DGf.s 			page 10


 510 0072 002B     		cmp	r3, #0
 511 0074 F8D0     		beq	.L30
 512              		.loc 1 222 0 is_stmt 1
 513 0076 0C4B     		ldr	r3, .L32+4
 514 0078 009A     		ldr	r2, [sp]
 515 007a 92B2     		uxth	r2, r2
 516 007c 9A81     		strh	r2, [r3, #12]	@ movhi
 517              		.loc 1 225 0
 518 007e 0220     		movs	r0, #2
 519 0080 FFF7FEFF 		bl	gptDelayUs
 520              		.loc 1 228 0
 521 0084 00BF     		nop
 522              	.L31:
 523              		.loc 1 228 0 is_stmt 0 discriminator 1
 524 0086 084B     		ldr	r3, .L32+4
 525 0088 1B89     		ldrh	r3, [r3, #8]	@ movhi
 526 008a 9BB2     		uxth	r3, r3
 527 008c 03F00103 		and	r3, r3, #1
 528 0090 002B     		cmp	r3, #0
 529 0092 F8D0     		beq	.L31
 530              		.loc 1 231 0 is_stmt 1
 531 0094 034B     		ldr	r3, .L32
 532 0096 0822     		movs	r2, #8
 533 0098 1A83     		strh	r2, [r3, #24]	@ movhi
 534              		.loc 1 234 0
 535 009a 0123     		movs	r3, #1
 536              	.L26:
 537              		.loc 1 235 0
 538 009c 1846     		mov	r0, r3
 539 009e 03B0     		add	sp, sp, #12
 540              		@ sp needed
 541 00a0 5DF804FB 		ldr	pc, [sp], #4
 542              	.L33:
 543              		.align	2
 544              	.L32:
 545 00a4 00100240 		.word	1073876992
 546 00a8 00300140 		.word	1073819648
 547              		.cfi_endproc
 548              	.LFE121:
 549              		.size	writeAccel, .-writeAccel
 550 00ac AFF30080 		.text
 551              	.Letext0:
 552              		.file 2 "c:\\stm32v2\\gnu-arm\\arm-none-eabi\\include\\machine\\_default_types.h"
 553              		.file 3 "c:\\stm32v2\\gnu-arm\\arm-none-eabi\\include\\stdint.h"
 554              		.file 4 "C:/STM32v2/ChibiOS_2.6.2/os/hal/platforms/STM32F4xx/stm32f4xx.h"
 555              		.file 5 "C:/STM32v2/ChibiOS_2.6.2/os/hal/platforms/STM32/GPIOv2/pal_lld.h"
 556              		.file 6 "C:/STM32v2/ChibiOS_2.6.2/os/ports/common/ARMCMx/CMSIS/include/core_cm4.h"
 557              		.section	.debug_info,"",%progbits
 558              	.Ldebug_info0:
 559 0000 91050000 		.4byte	0x591
 560 0004 0400     		.2byte	0x4
 561 0006 00000000 		.4byte	.Ldebug_abbrev0
 562 000a 04       		.byte	0x4
 563 000b 01       		.uleb128 0x1
 564 000c BF010000 		.4byte	.LASF75
 565 0010 01       		.byte	0x1
 566 0011 B2010000 		.4byte	.LASF76
ARM GAS  c:\Tmp\cccz0DGf.s 			page 11


 567 0015 6C000000 		.4byte	.LASF77
 568 0019 00000000 		.4byte	.Ldebug_ranges0+0
 569 001d 00000000 		.4byte	0
 570 0021 00000000 		.4byte	.Ldebug_line0
 571 0025 02       		.uleb128 0x2
 572 0026 04       		.byte	0x4
 573 0027 05       		.byte	0x5
 574 0028 696E7400 		.ascii	"int\000"
 575 002c 03       		.uleb128 0x3
 576 002d 04       		.byte	0x4
 577 002e 07       		.byte	0x7
 578 002f 81010000 		.4byte	.LASF0
 579 0033 04       		.uleb128 0x4
 580 0034 27010000 		.4byte	.LASF4
 581 0038 02       		.byte	0x2
 582 0039 1B       		.byte	0x1b
 583 003a 3E000000 		.4byte	0x3e
 584 003e 03       		.uleb128 0x3
 585 003f 01       		.byte	0x1
 586 0040 06       		.byte	0x6
 587 0041 55010000 		.4byte	.LASF1
 588 0045 03       		.uleb128 0x3
 589 0046 01       		.byte	0x1
 590 0047 08       		.byte	0x8
 591 0048 35010000 		.4byte	.LASF2
 592 004c 03       		.uleb128 0x3
 593 004d 02       		.byte	0x2
 594 004e 05       		.byte	0x5
 595 004f 43010000 		.4byte	.LASF3
 596 0053 04       		.uleb128 0x4
 597 0054 54000000 		.4byte	.LASF5
 598 0058 02       		.byte	0x2
 599 0059 26       		.byte	0x26
 600 005a 5E000000 		.4byte	0x5e
 601 005e 03       		.uleb128 0x3
 602 005f 02       		.byte	0x2
 603 0060 07       		.byte	0x7
 604 0061 EB020000 		.4byte	.LASF6
 605 0065 04       		.uleb128 0x4
 606 0066 A1030000 		.4byte	.LASF7
 607 006a 02       		.byte	0x2
 608 006b 37       		.byte	0x37
 609 006c 70000000 		.4byte	0x70
 610 0070 03       		.uleb128 0x3
 611 0071 04       		.byte	0x4
 612 0072 05       		.byte	0x5
 613 0073 FD000000 		.4byte	.LASF8
 614 0077 04       		.uleb128 0x4
 615 0078 49000000 		.4byte	.LASF9
 616 007c 02       		.byte	0x2
 617 007d 38       		.byte	0x38
 618 007e 82000000 		.4byte	0x82
 619 0082 03       		.uleb128 0x3
 620 0083 04       		.byte	0x4
 621 0084 07       		.byte	0x7
 622 0085 A0010000 		.4byte	.LASF10
 623 0089 03       		.uleb128 0x3
ARM GAS  c:\Tmp\cccz0DGf.s 			page 12


 624 008a 08       		.byte	0x8
 625 008b 05       		.byte	0x5
 626 008c DE000000 		.4byte	.LASF11
 627 0090 03       		.uleb128 0x3
 628 0091 08       		.byte	0x8
 629 0092 07       		.byte	0x7
 630 0093 61010000 		.4byte	.LASF12
 631 0097 04       		.uleb128 0x4
 632 0098 23000000 		.4byte	.LASF13
 633 009c 03       		.byte	0x3
 634 009d 29       		.byte	0x29
 635 009e 33000000 		.4byte	0x33
 636 00a2 04       		.uleb128 0x4
 637 00a3 97010000 		.4byte	.LASF14
 638 00a7 03       		.byte	0x3
 639 00a8 36       		.byte	0x36
 640 00a9 53000000 		.4byte	0x53
 641 00ad 04       		.uleb128 0x4
 642 00ae 0D030000 		.4byte	.LASF15
 643 00b2 03       		.byte	0x3
 644 00b3 41       		.byte	0x41
 645 00b4 65000000 		.4byte	0x65
 646 00b8 04       		.uleb128 0x4
 647 00b9 78010000 		.4byte	.LASF16
 648 00bd 03       		.byte	0x3
 649 00be 42       		.byte	0x42
 650 00bf 77000000 		.4byte	0x77
 651 00c3 03       		.uleb128 0x3
 652 00c4 01       		.byte	0x1
 653 00c5 02       		.byte	0x2
 654 00c6 21030000 		.4byte	.LASF17
 655 00ca 05       		.uleb128 0x5
 656 00cb B8000000 		.4byte	0xb8
 657 00cf 03       		.uleb128 0x3
 658 00d0 04       		.byte	0x4
 659 00d1 07       		.byte	0x7
 660 00d2 30000000 		.4byte	.LASF18
 661 00d6 03       		.uleb128 0x3
 662 00d7 01       		.byte	0x1
 663 00d8 08       		.byte	0x8
 664 00d9 08030000 		.4byte	.LASF19
 665 00dd 06       		.uleb128 0x6
 666 00de B8000000 		.4byte	0xb8
 667 00e2 ED000000 		.4byte	0xed
 668 00e6 07       		.uleb128 0x7
 669 00e7 CF000000 		.4byte	0xcf
 670 00eb 01       		.byte	0x1
 671 00ec 00       		.byte	0
 672 00ed 05       		.uleb128 0x5
 673 00ee A2000000 		.4byte	0xa2
 674 00f2 05       		.uleb128 0x5
 675 00f3 AD000000 		.4byte	0xad
 676 00f7 08       		.uleb128 0x8
 677 00f8 90       		.byte	0x90
 678 00f9 04       		.byte	0x4
 679 00fa 5804     		.2byte	0x458
 680 00fc A0020000 		.4byte	0x2a0
ARM GAS  c:\Tmp\cccz0DGf.s 			page 13


 681 0100 09       		.uleb128 0x9
 682 0101 435200   		.ascii	"CR\000"
 683 0104 04       		.byte	0x4
 684 0105 5A04     		.2byte	0x45a
 685 0107 CA000000 		.4byte	0xca
 686 010b 00       		.byte	0
 687 010c 0A       		.uleb128 0xa
 688 010d D8020000 		.4byte	.LASF20
 689 0111 04       		.byte	0x4
 690 0112 5B04     		.2byte	0x45b
 691 0114 CA000000 		.4byte	0xca
 692 0118 04       		.byte	0x4
 693 0119 0A       		.uleb128 0xa
 694 011a 87000000 		.4byte	.LASF21
 695 011e 04       		.byte	0x4
 696 011f 5C04     		.2byte	0x45c
 697 0121 CA000000 		.4byte	0xca
 698 0125 08       		.byte	0x8
 699 0126 09       		.uleb128 0x9
 700 0127 43495200 		.ascii	"CIR\000"
 701 012b 04       		.byte	0x4
 702 012c 5D04     		.2byte	0x45d
 703 012e CA000000 		.4byte	0xca
 704 0132 0C       		.byte	0xc
 705 0133 0A       		.uleb128 0xa
 706 0134 7E000000 		.4byte	.LASF22
 707 0138 04       		.byte	0x4
 708 0139 5E04     		.2byte	0x45e
 709 013b CA000000 		.4byte	0xca
 710 013f 10       		.byte	0x10
 711 0140 0A       		.uleb128 0xa
 712 0141 8E010000 		.4byte	.LASF23
 713 0145 04       		.byte	0x4
 714 0146 5F04     		.2byte	0x45f
 715 0148 CA000000 		.4byte	0xca
 716 014c 14       		.byte	0x14
 717 014d 0A       		.uleb128 0xa
 718 014e C0030000 		.4byte	.LASF24
 719 0152 04       		.byte	0x4
 720 0153 6004     		.2byte	0x460
 721 0155 CA000000 		.4byte	0xca
 722 0159 18       		.byte	0x18
 723 015a 0A       		.uleb128 0xa
 724 015b 37030000 		.4byte	.LASF25
 725 015f 04       		.byte	0x4
 726 0160 6104     		.2byte	0x461
 727 0162 B8000000 		.4byte	0xb8
 728 0166 1C       		.byte	0x1c
 729 0167 0A       		.uleb128 0xa
 730 0168 12000000 		.4byte	.LASF26
 731 016c 04       		.byte	0x4
 732 016d 6204     		.2byte	0x462
 733 016f CA000000 		.4byte	0xca
 734 0173 20       		.byte	0x20
 735 0174 0A       		.uleb128 0xa
 736 0175 18010000 		.4byte	.LASF27
 737 0179 04       		.byte	0x4
ARM GAS  c:\Tmp\cccz0DGf.s 			page 14


 738 017a 6304     		.2byte	0x463
 739 017c CA000000 		.4byte	0xca
 740 0180 24       		.byte	0x24
 741 0181 0A       		.uleb128 0xa
 742 0182 41030000 		.4byte	.LASF28
 743 0186 04       		.byte	0x4
 744 0187 6404     		.2byte	0x464
 745 0189 DD000000 		.4byte	0xdd
 746 018d 28       		.byte	0x28
 747 018e 0A       		.uleb128 0xa
 748 018f 99030000 		.4byte	.LASF29
 749 0193 04       		.byte	0x4
 750 0194 6504     		.2byte	0x465
 751 0196 CA000000 		.4byte	0xca
 752 019a 30       		.byte	0x30
 753 019b 0A       		.uleb128 0xa
 754 019c 1B000000 		.4byte	.LASF30
 755 01a0 04       		.byte	0x4
 756 01a1 6604     		.2byte	0x466
 757 01a3 CA000000 		.4byte	0xca
 758 01a7 34       		.byte	0x34
 759 01a8 0A       		.uleb128 0xa
 760 01a9 D6000000 		.4byte	.LASF31
 761 01ad 04       		.byte	0x4
 762 01ae 6704     		.2byte	0x467
 763 01b0 CA000000 		.4byte	0xca
 764 01b4 38       		.byte	0x38
 765 01b5 0A       		.uleb128 0xa
 766 01b6 4B030000 		.4byte	.LASF32
 767 01ba 04       		.byte	0x4
 768 01bb 6804     		.2byte	0x468
 769 01bd B8000000 		.4byte	0xb8
 770 01c1 3C       		.byte	0x3c
 771 01c2 0A       		.uleb128 0xa
 772 01c3 96000000 		.4byte	.LASF33
 773 01c7 04       		.byte	0x4
 774 01c8 6904     		.2byte	0x469
 775 01ca CA000000 		.4byte	0xca
 776 01ce 40       		.byte	0x40
 777 01cf 0A       		.uleb128 0xa
 778 01d0 4D010000 		.4byte	.LASF34
 779 01d4 04       		.byte	0x4
 780 01d5 6A04     		.2byte	0x46a
 781 01d7 CA000000 		.4byte	0xca
 782 01db 44       		.byte	0x44
 783 01dc 0A       		.uleb128 0xa
 784 01dd 55030000 		.4byte	.LASF35
 785 01e1 04       		.byte	0x4
 786 01e2 6B04     		.2byte	0x46b
 787 01e4 DD000000 		.4byte	0xdd
 788 01e8 48       		.byte	0x48
 789 01e9 0A       		.uleb128 0xa
 790 01ea 00000000 		.4byte	.LASF36
 791 01ee 04       		.byte	0x4
 792 01ef 6C04     		.2byte	0x46c
 793 01f1 CA000000 		.4byte	0xca
 794 01f5 50       		.byte	0x50
ARM GAS  c:\Tmp\cccz0DGf.s 			page 15


 795 01f6 0A       		.uleb128 0xa
 796 01f7 27030000 		.4byte	.LASF37
 797 01fb 04       		.byte	0x4
 798 01fc 6D04     		.2byte	0x46d
 799 01fe CA000000 		.4byte	0xca
 800 0202 54       		.byte	0x54
 801 0203 0A       		.uleb128 0xa
 802 0204 8C000000 		.4byte	.LASF38
 803 0208 04       		.byte	0x4
 804 0209 6E04     		.2byte	0x46e
 805 020b CA000000 		.4byte	0xca
 806 020f 58       		.byte	0x58
 807 0210 0A       		.uleb128 0xa
 808 0211 5F030000 		.4byte	.LASF39
 809 0215 04       		.byte	0x4
 810 0216 6F04     		.2byte	0x46f
 811 0218 B8000000 		.4byte	0xb8
 812 021c 5C       		.byte	0x5c
 813 021d 0A       		.uleb128 0xa
 814 021e FE020000 		.4byte	.LASF40
 815 0222 04       		.byte	0x4
 816 0223 7004     		.2byte	0x470
 817 0225 CA000000 		.4byte	0xca
 818 0229 60       		.byte	0x60
 819 022a 0A       		.uleb128 0xa
 820 022b DC030000 		.4byte	.LASF41
 821 022f 04       		.byte	0x4
 822 0230 7104     		.2byte	0x471
 823 0232 CA000000 		.4byte	0xca
 824 0236 64       		.byte	0x64
 825 0237 0A       		.uleb128 0xa
 826 0238 69030000 		.4byte	.LASF42
 827 023c 04       		.byte	0x4
 828 023d 7204     		.2byte	0x472
 829 023f DD000000 		.4byte	0xdd
 830 0243 68       		.byte	0x68
 831 0244 0A       		.uleb128 0xa
 832 0245 39000000 		.4byte	.LASF43
 833 0249 04       		.byte	0x4
 834 024a 7304     		.2byte	0x473
 835 024c CA000000 		.4byte	0xca
 836 0250 70       		.byte	0x70
 837 0251 09       		.uleb128 0x9
 838 0252 43535200 		.ascii	"CSR\000"
 839 0256 04       		.byte	0x4
 840 0257 7404     		.2byte	0x474
 841 0259 CA000000 		.4byte	0xca
 842 025d 74       		.byte	0x74
 843 025e 0A       		.uleb128 0xa
 844 025f 73030000 		.4byte	.LASF44
 845 0263 04       		.byte	0x4
 846 0264 7504     		.2byte	0x475
 847 0266 DD000000 		.4byte	0xdd
 848 026a 78       		.byte	0x78
 849 026b 0A       		.uleb128 0xa
 850 026c 5F000000 		.4byte	.LASF45
 851 0270 04       		.byte	0x4
ARM GAS  c:\Tmp\cccz0DGf.s 			page 16


 852 0271 7604     		.2byte	0x476
 853 0273 CA000000 		.4byte	0xca
 854 0277 80       		.byte	0x80
 855 0278 0A       		.uleb128 0xa
 856 0279 3E000000 		.4byte	.LASF46
 857 027d 04       		.byte	0x4
 858 027e 7704     		.2byte	0x477
 859 0280 CA000000 		.4byte	0xca
 860 0284 84       		.byte	0x84
 861 0285 0A       		.uleb128 0xa
 862 0286 B2000000 		.4byte	.LASF47
 863 028a 04       		.byte	0x4
 864 028b 7804     		.2byte	0x478
 865 028d CA000000 		.4byte	0xca
 866 0291 88       		.byte	0x88
 867 0292 0A       		.uleb128 0xa
 868 0293 CE000000 		.4byte	.LASF48
 869 0297 04       		.byte	0x4
 870 0298 7904     		.2byte	0x479
 871 029a CA000000 		.4byte	0xca
 872 029e 8C       		.byte	0x8c
 873 029f 00       		.byte	0
 874 02a0 0B       		.uleb128 0xb
 875 02a1 06010000 		.4byte	.LASF49
 876 02a5 04       		.byte	0x4
 877 02a6 7B04     		.2byte	0x47b
 878 02a8 F7000000 		.4byte	0xf7
 879 02ac 08       		.uleb128 0x8
 880 02ad 24       		.byte	0x24
 881 02ae 04       		.byte	0x4
 882 02af E304     		.2byte	0x4e3
 883 02b1 9E030000 		.4byte	0x39e
 884 02b5 09       		.uleb128 0x9
 885 02b6 43523100 		.ascii	"CR1\000"
 886 02ba 04       		.byte	0x4
 887 02bb E504     		.2byte	0x4e5
 888 02bd ED000000 		.4byte	0xed
 889 02c1 00       		.byte	0
 890 02c2 0A       		.uleb128 0xa
 891 02c3 37030000 		.4byte	.LASF25
 892 02c7 04       		.byte	0x4
 893 02c8 E604     		.2byte	0x4e6
 894 02ca A2000000 		.4byte	0xa2
 895 02ce 02       		.byte	0x2
 896 02cf 09       		.uleb128 0x9
 897 02d0 43523200 		.ascii	"CR2\000"
 898 02d4 04       		.byte	0x4
 899 02d5 E704     		.2byte	0x4e7
 900 02d7 ED000000 		.4byte	0xed
 901 02db 04       		.byte	0x4
 902 02dc 0A       		.uleb128 0xa
 903 02dd 41030000 		.4byte	.LASF28
 904 02e1 04       		.byte	0x4
 905 02e2 E804     		.2byte	0x4e8
 906 02e4 A2000000 		.4byte	0xa2
 907 02e8 06       		.byte	0x6
 908 02e9 09       		.uleb128 0x9
ARM GAS  c:\Tmp\cccz0DGf.s 			page 17


 909 02ea 535200   		.ascii	"SR\000"
 910 02ed 04       		.byte	0x4
 911 02ee E904     		.2byte	0x4e9
 912 02f0 ED000000 		.4byte	0xed
 913 02f4 08       		.byte	0x8
 914 02f5 0A       		.uleb128 0xa
 915 02f6 4B030000 		.4byte	.LASF32
 916 02fa 04       		.byte	0x4
 917 02fb EA04     		.2byte	0x4ea
 918 02fd A2000000 		.4byte	0xa2
 919 0301 0A       		.byte	0xa
 920 0302 09       		.uleb128 0x9
 921 0303 445200   		.ascii	"DR\000"
 922 0306 04       		.byte	0x4
 923 0307 EB04     		.2byte	0x4eb
 924 0309 ED000000 		.4byte	0xed
 925 030d 0C       		.byte	0xc
 926 030e 0A       		.uleb128 0xa
 927 030f 55030000 		.4byte	.LASF35
 928 0313 04       		.byte	0x4
 929 0314 EC04     		.2byte	0x4ec
 930 0316 A2000000 		.4byte	0xa2
 931 031a 0E       		.byte	0xe
 932 031b 0A       		.uleb128 0xa
 933 031c 31030000 		.4byte	.LASF50
 934 0320 04       		.byte	0x4
 935 0321 ED04     		.2byte	0x4ed
 936 0323 ED000000 		.4byte	0xed
 937 0327 10       		.byte	0x10
 938 0328 0A       		.uleb128 0xa
 939 0329 5F030000 		.4byte	.LASF39
 940 032d 04       		.byte	0x4
 941 032e EE04     		.2byte	0x4ee
 942 0330 A2000000 		.4byte	0xa2
 943 0334 12       		.byte	0x12
 944 0335 0A       		.uleb128 0xa
 945 0336 E6030000 		.4byte	.LASF51
 946 033a 04       		.byte	0x4
 947 033b EF04     		.2byte	0x4ef
 948 033d ED000000 		.4byte	0xed
 949 0341 14       		.byte	0x14
 950 0342 0A       		.uleb128 0xa
 951 0343 69030000 		.4byte	.LASF42
 952 0347 04       		.byte	0x4
 953 0348 F004     		.2byte	0x4f0
 954 034a A2000000 		.4byte	0xa2
 955 034e 16       		.byte	0x16
 956 034f 0A       		.uleb128 0xa
 957 0350 65000000 		.4byte	.LASF52
 958 0354 04       		.byte	0x4
 959 0355 F104     		.2byte	0x4f1
 960 0357 ED000000 		.4byte	0xed
 961 035b 18       		.byte	0x18
 962 035c 0A       		.uleb128 0xa
 963 035d 73030000 		.4byte	.LASF44
 964 0361 04       		.byte	0x4
 965 0362 F204     		.2byte	0x4f2
ARM GAS  c:\Tmp\cccz0DGf.s 			page 18


 966 0364 A2000000 		.4byte	0xa2
 967 0368 1A       		.byte	0x1a
 968 0369 0A       		.uleb128 0xa
 969 036a C9030000 		.4byte	.LASF53
 970 036e 04       		.byte	0x4
 971 036f F304     		.2byte	0x4f3
 972 0371 ED000000 		.4byte	0xed
 973 0375 1C       		.byte	0x1c
 974 0376 0A       		.uleb128 0xa
 975 0377 7D030000 		.4byte	.LASF54
 976 037b 04       		.byte	0x4
 977 037c F404     		.2byte	0x4f4
 978 037e A2000000 		.4byte	0xa2
 979 0382 1E       		.byte	0x1e
 980 0383 0A       		.uleb128 0xa
 981 0384 D1030000 		.4byte	.LASF55
 982 0388 04       		.byte	0x4
 983 0389 F504     		.2byte	0x4f5
 984 038b ED000000 		.4byte	0xed
 985 038f 20       		.byte	0x20
 986 0390 0A       		.uleb128 0xa
 987 0391 BD000000 		.4byte	.LASF56
 988 0395 04       		.byte	0x4
 989 0396 F604     		.2byte	0x4f6
 990 0398 A2000000 		.4byte	0xa2
 991 039c 22       		.byte	0x22
 992 039d 00       		.byte	0
 993 039e 0B       		.uleb128 0xb
 994 039f 15030000 		.4byte	.LASF57
 995 03a3 04       		.byte	0x4
 996 03a4 F704     		.2byte	0x4f7
 997 03a6 AC020000 		.4byte	0x2ac
 998 03aa 0C       		.uleb128 0xc
 999 03ab 04       		.byte	0x4
 1000 03ac 05       		.byte	0x5
 1001 03ad 96       		.byte	0x96
 1002 03ae CB030000 		.4byte	0x3cb
 1003 03b2 0D       		.uleb128 0xd
 1004 03b3 73657400 		.ascii	"set\000"
 1005 03b7 05       		.byte	0x5
 1006 03b8 97       		.byte	0x97
 1007 03b9 A2000000 		.4byte	0xa2
 1008 03bd 00       		.byte	0
 1009 03be 0E       		.uleb128 0xe
 1010 03bf 21010000 		.4byte	.LASF58
 1011 03c3 05       		.byte	0x5
 1012 03c4 98       		.byte	0x98
 1013 03c5 A2000000 		.4byte	0xa2
 1014 03c9 02       		.byte	0x2
 1015 03ca 00       		.byte	0
 1016 03cb 0F       		.uleb128 0xf
 1017 03cc 04       		.byte	0x4
 1018 03cd 05       		.byte	0x5
 1019 03ce 94       		.byte	0x94
 1020 03cf E6030000 		.4byte	0x3e6
 1021 03d3 10       		.uleb128 0x10
 1022 03d4 5700     		.ascii	"W\000"
ARM GAS  c:\Tmp\cccz0DGf.s 			page 19


 1023 03d6 05       		.byte	0x5
 1024 03d7 95       		.byte	0x95
 1025 03d8 B8000000 		.4byte	0xb8
 1026 03dc 10       		.uleb128 0x10
 1027 03dd 4800     		.ascii	"H\000"
 1028 03df 05       		.byte	0x5
 1029 03e0 99       		.byte	0x99
 1030 03e1 AA030000 		.4byte	0x3aa
 1031 03e5 00       		.byte	0
 1032 03e6 0C       		.uleb128 0xc
 1033 03e7 28       		.byte	0x28
 1034 03e8 05       		.byte	0x5
 1035 03e9 8C       		.byte	0x8c
 1036 03ea 67040000 		.4byte	0x467
 1037 03ee 0E       		.uleb128 0xe
 1038 03ef 12010000 		.4byte	.LASF59
 1039 03f3 05       		.byte	0x5
 1040 03f4 8E       		.byte	0x8e
 1041 03f5 CA000000 		.4byte	0xca
 1042 03f9 00       		.byte	0
 1043 03fa 0E       		.uleb128 0xe
 1044 03fb C7000000 		.4byte	.LASF60
 1045 03ff 05       		.byte	0x5
 1046 0400 8F       		.byte	0x8f
 1047 0401 CA000000 		.4byte	0xca
 1048 0405 04       		.byte	0x4
 1049 0406 0E       		.uleb128 0xe
 1050 0407 0A000000 		.4byte	.LASF61
 1051 040b 05       		.byte	0x5
 1052 040c 90       		.byte	0x90
 1053 040d CA000000 		.4byte	0xca
 1054 0411 08       		.byte	0x8
 1055 0412 0E       		.uleb128 0xe
 1056 0413 F7000000 		.4byte	.LASF62
 1057 0417 05       		.byte	0x5
 1058 0418 91       		.byte	0x91
 1059 0419 CA000000 		.4byte	0xca
 1060 041d 0C       		.byte	0xc
 1061 041e 0D       		.uleb128 0xd
 1062 041f 49445200 		.ascii	"IDR\000"
 1063 0423 05       		.byte	0x5
 1064 0424 92       		.byte	0x92
 1065 0425 CA000000 		.4byte	0xca
 1066 0429 10       		.byte	0x10
 1067 042a 0D       		.uleb128 0xd
 1068 042b 4F445200 		.ascii	"ODR\000"
 1069 042f 05       		.byte	0x5
 1070 0430 93       		.byte	0x93
 1071 0431 CA000000 		.4byte	0xca
 1072 0435 14       		.byte	0x14
 1073 0436 0E       		.uleb128 0xe
 1074 0437 ED030000 		.4byte	.LASF63
 1075 043b 05       		.byte	0x5
 1076 043c 9A       		.byte	0x9a
 1077 043d 67040000 		.4byte	0x467
 1078 0441 18       		.byte	0x18
 1079 0442 0E       		.uleb128 0xe
ARM GAS  c:\Tmp\cccz0DGf.s 			page 20


 1080 0443 D7030000 		.4byte	.LASF64
 1081 0447 05       		.byte	0x5
 1082 0448 9B       		.byte	0x9b
 1083 0449 CA000000 		.4byte	0xca
 1084 044d 1C       		.byte	0x1c
 1085 044e 0E       		.uleb128 0xe
 1086 044f E6020000 		.4byte	.LASF65
 1087 0453 05       		.byte	0x5
 1088 0454 9C       		.byte	0x9c
 1089 0455 CA000000 		.4byte	0xca
 1090 0459 20       		.byte	0x20
 1091 045a 0E       		.uleb128 0xe
 1092 045b BA010000 		.4byte	.LASF66
 1093 045f 05       		.byte	0x5
 1094 0460 9D       		.byte	0x9d
 1095 0461 CA000000 		.4byte	0xca
 1096 0465 24       		.byte	0x24
 1097 0466 00       		.byte	0
 1098 0467 05       		.uleb128 0x5
 1099 0468 CB030000 		.4byte	0x3cb
 1100 046c 04       		.uleb128 0x4
 1101 046d B3030000 		.4byte	.LASF67
 1102 0471 05       		.byte	0x5
 1103 0472 9E       		.byte	0x9e
 1104 0473 E6030000 		.4byte	0x3e6
 1105 0477 11       		.uleb128 0x11
 1106 0478 9E000000 		.4byte	.LASF78
 1107 047c 01       		.byte	0x1
 1108 047d 13       		.byte	0x13
 1109 047e 00000000 		.4byte	.LFB118
 1110 0482 90000000 		.4byte	.LFE118-.LFB118
 1111 0486 01       		.uleb128 0x1
 1112 0487 9C       		.byte	0x9c
 1113 0488 12       		.uleb128 0x12
 1114 0489 A8000000 		.4byte	.LASF70
 1115 048d 01       		.byte	0x1
 1116 048e 3C       		.byte	0x3c
 1117 048f AD000000 		.4byte	0xad
 1118 0493 00000000 		.4byte	.LFB119
 1119 0497 E4000000 		.4byte	.LFE119-.LFB119
 1120 049b 01       		.uleb128 0x1
 1121 049c 9C       		.byte	0x9c
 1122 049d DA040000 		.4byte	0x4da
 1123 04a1 13       		.uleb128 0x13
 1124 04a2 72656700 		.ascii	"reg\000"
 1125 04a6 01       		.byte	0x1
 1126 04a7 3C       		.byte	0x3c
 1127 04a8 AD000000 		.4byte	0xad
 1128 04ac 02       		.uleb128 0x2
 1129 04ad 91       		.byte	0x91
 1130 04ae 6C       		.sleb128 -20
 1131 04af 14       		.uleb128 0x14
 1132 04b0 87030000 		.4byte	.LASF68
 1133 04b4 01       		.byte	0x1
 1134 04b5 3C       		.byte	0x3c
 1135 04b6 AD000000 		.4byte	0xad
 1136 04ba 02       		.uleb128 0x2
ARM GAS  c:\Tmp\cccz0DGf.s 			page 21


 1137 04bb 91       		.byte	0x91
 1138 04bc 68       		.sleb128 -24
 1139 04bd 15       		.uleb128 0x15
 1140 04be 76616C00 		.ascii	"val\000"
 1141 04c2 01       		.byte	0x1
 1142 04c3 3D       		.byte	0x3d
 1143 04c4 97000000 		.4byte	0x97
 1144 04c8 02       		.uleb128 0x2
 1145 04c9 91       		.byte	0x91
 1146 04ca 73       		.sleb128 -13
 1147 04cb 16       		.uleb128 0x16
 1148 04cc AB030000 		.4byte	.LASF69
 1149 04d0 01       		.byte	0x1
 1150 04d1 3E       		.byte	0x3e
 1151 04d2 DA040000 		.4byte	0x4da
 1152 04d6 02       		.uleb128 0x2
 1153 04d7 91       		.byte	0x91
 1154 04d8 74       		.sleb128 -12
 1155 04d9 00       		.byte	0
 1156 04da 17       		.uleb128 0x17
 1157 04db 04       		.byte	0x4
 1158 04dc 97000000 		.4byte	0x97
 1159 04e0 18       		.uleb128 0x18
 1160 04e1 30010000 		.4byte	.LASF71
 1161 04e5 01       		.byte	0x1
 1162 04e6 91       		.byte	0x91
 1163 04e7 4C050000 		.4byte	0x54c
 1164 04eb 00000000 		.4byte	.LFB120
 1165 04ef D6000000 		.4byte	.LFE120-.LFB120
 1166 04f3 01       		.uleb128 0x1
 1167 04f4 9C       		.byte	0x9c
 1168 04f5 4C050000 		.4byte	0x54c
 1169 04f9 13       		.uleb128 0x13
 1170 04fa 6E756D00 		.ascii	"num\000"
 1171 04fe 01       		.byte	0x1
 1172 04ff 91       		.byte	0x91
 1173 0500 AD000000 		.4byte	0xad
 1174 0504 02       		.uleb128 0x2
 1175 0505 91       		.byte	0x91
 1176 0506 6C       		.sleb128 -20
 1177 0507 13       		.uleb128 0x13
 1178 0508 73747200 		.ascii	"str\000"
 1179 050c 01       		.byte	0x1
 1180 050d 91       		.byte	0x91
 1181 050e 4C050000 		.4byte	0x54c
 1182 0512 02       		.uleb128 0x2
 1183 0513 91       		.byte	0x91
 1184 0514 68       		.sleb128 -24
 1185 0515 14       		.uleb128 0x14
 1186 0516 E0020000 		.4byte	.LASF72
 1187 051a 01       		.byte	0x1
 1188 051b 91       		.byte	0x91
 1189 051c AD000000 		.4byte	0xad
 1190 0520 02       		.uleb128 0x2
 1191 0521 91       		.byte	0x91
 1192 0522 64       		.sleb128 -28
 1193 0523 16       		.uleb128 0x16
ARM GAS  c:\Tmp\cccz0DGf.s 			page 22


 1194 0524 87030000 		.4byte	.LASF68
 1195 0528 01       		.byte	0x1
 1196 0529 92       		.byte	0x92
 1197 052a AD000000 		.4byte	0xad
 1198 052e 02       		.uleb128 0x2
 1199 052f 91       		.byte	0x91
 1200 0530 7C       		.sleb128 -4
 1201 0531 15       		.uleb128 0x15
 1202 0532 706F7300 		.ascii	"pos\000"
 1203 0536 01       		.byte	0x1
 1204 0537 93       		.byte	0x93
 1205 0538 AD000000 		.4byte	0xad
 1206 053c 02       		.uleb128 0x2
 1207 053d 91       		.byte	0x91
 1208 053e 78       		.sleb128 -8
 1209 053f 15       		.uleb128 0x15
 1210 0540 6900     		.ascii	"i\000"
 1211 0542 01       		.byte	0x1
 1212 0543 94       		.byte	0x94
 1213 0544 AD000000 		.4byte	0xad
 1214 0548 02       		.uleb128 0x2
 1215 0549 91       		.byte	0x91
 1216 054a 74       		.sleb128 -12
 1217 054b 00       		.byte	0
 1218 054c 17       		.uleb128 0x17
 1219 054d 04       		.byte	0x4
 1220 054e D6000000 		.4byte	0xd6
 1221 0552 12       		.uleb128 0x12
 1222 0553 EC000000 		.4byte	.LASF73
 1223 0557 01       		.byte	0x1
 1224 0558 BD       		.byte	0xbd
 1225 0559 AD000000 		.4byte	0xad
 1226 055d 00000000 		.4byte	.LFB121
 1227 0561 AC000000 		.4byte	.LFE121-.LFB121
 1228 0565 01       		.uleb128 0x1
 1229 0566 9C       		.byte	0x9c
 1230 0567 88050000 		.4byte	0x588
 1231 056b 13       		.uleb128 0x13
 1232 056c 72656700 		.ascii	"reg\000"
 1233 0570 01       		.byte	0x1
 1234 0571 BD       		.byte	0xbd
 1235 0572 AD000000 		.4byte	0xad
 1236 0576 02       		.uleb128 0x2
 1237 0577 91       		.byte	0x91
 1238 0578 74       		.sleb128 -12
 1239 0579 14       		.uleb128 0x14
 1240 057a 2A000000 		.4byte	.LASF74
 1241 057e 01       		.byte	0x1
 1242 057f BD       		.byte	0xbd
 1243 0580 AD000000 		.4byte	0xad
 1244 0584 02       		.uleb128 0x2
 1245 0585 91       		.byte	0x91
 1246 0586 70       		.sleb128 -16
 1247 0587 00       		.byte	0
 1248 0588 19       		.uleb128 0x19
 1249 0589 8C030000 		.4byte	.LASF79
 1250 058d 06       		.byte	0x6
ARM GAS  c:\Tmp\cccz0DGf.s 			page 23


 1251 058e 9806     		.2byte	0x698
 1252 0590 F2000000 		.4byte	0xf2
 1253 0594 00       		.byte	0
 1254              		.section	.debug_abbrev,"",%progbits
 1255              	.Ldebug_abbrev0:
 1256 0000 01       		.uleb128 0x1
 1257 0001 11       		.uleb128 0x11
 1258 0002 01       		.byte	0x1
 1259 0003 25       		.uleb128 0x25
 1260 0004 0E       		.uleb128 0xe
 1261 0005 13       		.uleb128 0x13
 1262 0006 0B       		.uleb128 0xb
 1263 0007 03       		.uleb128 0x3
 1264 0008 0E       		.uleb128 0xe
 1265 0009 1B       		.uleb128 0x1b
 1266 000a 0E       		.uleb128 0xe
 1267 000b 55       		.uleb128 0x55
 1268 000c 17       		.uleb128 0x17
 1269 000d 11       		.uleb128 0x11
 1270 000e 01       		.uleb128 0x1
 1271 000f 10       		.uleb128 0x10
 1272 0010 17       		.uleb128 0x17
 1273 0011 00       		.byte	0
 1274 0012 00       		.byte	0
 1275 0013 02       		.uleb128 0x2
 1276 0014 24       		.uleb128 0x24
 1277 0015 00       		.byte	0
 1278 0016 0B       		.uleb128 0xb
 1279 0017 0B       		.uleb128 0xb
 1280 0018 3E       		.uleb128 0x3e
 1281 0019 0B       		.uleb128 0xb
 1282 001a 03       		.uleb128 0x3
 1283 001b 08       		.uleb128 0x8
 1284 001c 00       		.byte	0
 1285 001d 00       		.byte	0
 1286 001e 03       		.uleb128 0x3
 1287 001f 24       		.uleb128 0x24
 1288 0020 00       		.byte	0
 1289 0021 0B       		.uleb128 0xb
 1290 0022 0B       		.uleb128 0xb
 1291 0023 3E       		.uleb128 0x3e
 1292 0024 0B       		.uleb128 0xb
 1293 0025 03       		.uleb128 0x3
 1294 0026 0E       		.uleb128 0xe
 1295 0027 00       		.byte	0
 1296 0028 00       		.byte	0
 1297 0029 04       		.uleb128 0x4
 1298 002a 16       		.uleb128 0x16
 1299 002b 00       		.byte	0
 1300 002c 03       		.uleb128 0x3
 1301 002d 0E       		.uleb128 0xe
 1302 002e 3A       		.uleb128 0x3a
 1303 002f 0B       		.uleb128 0xb
 1304 0030 3B       		.uleb128 0x3b
 1305 0031 0B       		.uleb128 0xb
 1306 0032 49       		.uleb128 0x49
 1307 0033 13       		.uleb128 0x13
ARM GAS  c:\Tmp\cccz0DGf.s 			page 24


 1308 0034 00       		.byte	0
 1309 0035 00       		.byte	0
 1310 0036 05       		.uleb128 0x5
 1311 0037 35       		.uleb128 0x35
 1312 0038 00       		.byte	0
 1313 0039 49       		.uleb128 0x49
 1314 003a 13       		.uleb128 0x13
 1315 003b 00       		.byte	0
 1316 003c 00       		.byte	0
 1317 003d 06       		.uleb128 0x6
 1318 003e 01       		.uleb128 0x1
 1319 003f 01       		.byte	0x1
 1320 0040 49       		.uleb128 0x49
 1321 0041 13       		.uleb128 0x13
 1322 0042 01       		.uleb128 0x1
 1323 0043 13       		.uleb128 0x13
 1324 0044 00       		.byte	0
 1325 0045 00       		.byte	0
 1326 0046 07       		.uleb128 0x7
 1327 0047 21       		.uleb128 0x21
 1328 0048 00       		.byte	0
 1329 0049 49       		.uleb128 0x49
 1330 004a 13       		.uleb128 0x13
 1331 004b 2F       		.uleb128 0x2f
 1332 004c 0B       		.uleb128 0xb
 1333 004d 00       		.byte	0
 1334 004e 00       		.byte	0
 1335 004f 08       		.uleb128 0x8
 1336 0050 13       		.uleb128 0x13
 1337 0051 01       		.byte	0x1
 1338 0052 0B       		.uleb128 0xb
 1339 0053 0B       		.uleb128 0xb
 1340 0054 3A       		.uleb128 0x3a
 1341 0055 0B       		.uleb128 0xb
 1342 0056 3B       		.uleb128 0x3b
 1343 0057 05       		.uleb128 0x5
 1344 0058 01       		.uleb128 0x1
 1345 0059 13       		.uleb128 0x13
 1346 005a 00       		.byte	0
 1347 005b 00       		.byte	0
 1348 005c 09       		.uleb128 0x9
 1349 005d 0D       		.uleb128 0xd
 1350 005e 00       		.byte	0
 1351 005f 03       		.uleb128 0x3
 1352 0060 08       		.uleb128 0x8
 1353 0061 3A       		.uleb128 0x3a
 1354 0062 0B       		.uleb128 0xb
 1355 0063 3B       		.uleb128 0x3b
 1356 0064 05       		.uleb128 0x5
 1357 0065 49       		.uleb128 0x49
 1358 0066 13       		.uleb128 0x13
 1359 0067 38       		.uleb128 0x38
 1360 0068 0B       		.uleb128 0xb
 1361 0069 00       		.byte	0
 1362 006a 00       		.byte	0
 1363 006b 0A       		.uleb128 0xa
 1364 006c 0D       		.uleb128 0xd
ARM GAS  c:\Tmp\cccz0DGf.s 			page 25


 1365 006d 00       		.byte	0
 1366 006e 03       		.uleb128 0x3
 1367 006f 0E       		.uleb128 0xe
 1368 0070 3A       		.uleb128 0x3a
 1369 0071 0B       		.uleb128 0xb
 1370 0072 3B       		.uleb128 0x3b
 1371 0073 05       		.uleb128 0x5
 1372 0074 49       		.uleb128 0x49
 1373 0075 13       		.uleb128 0x13
 1374 0076 38       		.uleb128 0x38
 1375 0077 0B       		.uleb128 0xb
 1376 0078 00       		.byte	0
 1377 0079 00       		.byte	0
 1378 007a 0B       		.uleb128 0xb
 1379 007b 16       		.uleb128 0x16
 1380 007c 00       		.byte	0
 1381 007d 03       		.uleb128 0x3
 1382 007e 0E       		.uleb128 0xe
 1383 007f 3A       		.uleb128 0x3a
 1384 0080 0B       		.uleb128 0xb
 1385 0081 3B       		.uleb128 0x3b
 1386 0082 05       		.uleb128 0x5
 1387 0083 49       		.uleb128 0x49
 1388 0084 13       		.uleb128 0x13
 1389 0085 00       		.byte	0
 1390 0086 00       		.byte	0
 1391 0087 0C       		.uleb128 0xc
 1392 0088 13       		.uleb128 0x13
 1393 0089 01       		.byte	0x1
 1394 008a 0B       		.uleb128 0xb
 1395 008b 0B       		.uleb128 0xb
 1396 008c 3A       		.uleb128 0x3a
 1397 008d 0B       		.uleb128 0xb
 1398 008e 3B       		.uleb128 0x3b
 1399 008f 0B       		.uleb128 0xb
 1400 0090 01       		.uleb128 0x1
 1401 0091 13       		.uleb128 0x13
 1402 0092 00       		.byte	0
 1403 0093 00       		.byte	0
 1404 0094 0D       		.uleb128 0xd
 1405 0095 0D       		.uleb128 0xd
 1406 0096 00       		.byte	0
 1407 0097 03       		.uleb128 0x3
 1408 0098 08       		.uleb128 0x8
 1409 0099 3A       		.uleb128 0x3a
 1410 009a 0B       		.uleb128 0xb
 1411 009b 3B       		.uleb128 0x3b
 1412 009c 0B       		.uleb128 0xb
 1413 009d 49       		.uleb128 0x49
 1414 009e 13       		.uleb128 0x13
 1415 009f 38       		.uleb128 0x38
 1416 00a0 0B       		.uleb128 0xb
 1417 00a1 00       		.byte	0
 1418 00a2 00       		.byte	0
 1419 00a3 0E       		.uleb128 0xe
 1420 00a4 0D       		.uleb128 0xd
 1421 00a5 00       		.byte	0
ARM GAS  c:\Tmp\cccz0DGf.s 			page 26


 1422 00a6 03       		.uleb128 0x3
 1423 00a7 0E       		.uleb128 0xe
 1424 00a8 3A       		.uleb128 0x3a
 1425 00a9 0B       		.uleb128 0xb
 1426 00aa 3B       		.uleb128 0x3b
 1427 00ab 0B       		.uleb128 0xb
 1428 00ac 49       		.uleb128 0x49
 1429 00ad 13       		.uleb128 0x13
 1430 00ae 38       		.uleb128 0x38
 1431 00af 0B       		.uleb128 0xb
 1432 00b0 00       		.byte	0
 1433 00b1 00       		.byte	0
 1434 00b2 0F       		.uleb128 0xf
 1435 00b3 17       		.uleb128 0x17
 1436 00b4 01       		.byte	0x1
 1437 00b5 0B       		.uleb128 0xb
 1438 00b6 0B       		.uleb128 0xb
 1439 00b7 3A       		.uleb128 0x3a
 1440 00b8 0B       		.uleb128 0xb
 1441 00b9 3B       		.uleb128 0x3b
 1442 00ba 0B       		.uleb128 0xb
 1443 00bb 01       		.uleb128 0x1
 1444 00bc 13       		.uleb128 0x13
 1445 00bd 00       		.byte	0
 1446 00be 00       		.byte	0
 1447 00bf 10       		.uleb128 0x10
 1448 00c0 0D       		.uleb128 0xd
 1449 00c1 00       		.byte	0
 1450 00c2 03       		.uleb128 0x3
 1451 00c3 08       		.uleb128 0x8
 1452 00c4 3A       		.uleb128 0x3a
 1453 00c5 0B       		.uleb128 0xb
 1454 00c6 3B       		.uleb128 0x3b
 1455 00c7 0B       		.uleb128 0xb
 1456 00c8 49       		.uleb128 0x49
 1457 00c9 13       		.uleb128 0x13
 1458 00ca 00       		.byte	0
 1459 00cb 00       		.byte	0
 1460 00cc 11       		.uleb128 0x11
 1461 00cd 2E       		.uleb128 0x2e
 1462 00ce 00       		.byte	0
 1463 00cf 3F       		.uleb128 0x3f
 1464 00d0 19       		.uleb128 0x19
 1465 00d1 03       		.uleb128 0x3
 1466 00d2 0E       		.uleb128 0xe
 1467 00d3 3A       		.uleb128 0x3a
 1468 00d4 0B       		.uleb128 0xb
 1469 00d5 3B       		.uleb128 0x3b
 1470 00d6 0B       		.uleb128 0xb
 1471 00d7 27       		.uleb128 0x27
 1472 00d8 19       		.uleb128 0x19
 1473 00d9 11       		.uleb128 0x11
 1474 00da 01       		.uleb128 0x1
 1475 00db 12       		.uleb128 0x12
 1476 00dc 06       		.uleb128 0x6
 1477 00dd 40       		.uleb128 0x40
 1478 00de 18       		.uleb128 0x18
ARM GAS  c:\Tmp\cccz0DGf.s 			page 27


 1479 00df 9642     		.uleb128 0x2116
 1480 00e1 19       		.uleb128 0x19
 1481 00e2 00       		.byte	0
 1482 00e3 00       		.byte	0
 1483 00e4 12       		.uleb128 0x12
 1484 00e5 2E       		.uleb128 0x2e
 1485 00e6 01       		.byte	0x1
 1486 00e7 3F       		.uleb128 0x3f
 1487 00e8 19       		.uleb128 0x19
 1488 00e9 03       		.uleb128 0x3
 1489 00ea 0E       		.uleb128 0xe
 1490 00eb 3A       		.uleb128 0x3a
 1491 00ec 0B       		.uleb128 0xb
 1492 00ed 3B       		.uleb128 0x3b
 1493 00ee 0B       		.uleb128 0xb
 1494 00ef 27       		.uleb128 0x27
 1495 00f0 19       		.uleb128 0x19
 1496 00f1 49       		.uleb128 0x49
 1497 00f2 13       		.uleb128 0x13
 1498 00f3 11       		.uleb128 0x11
 1499 00f4 01       		.uleb128 0x1
 1500 00f5 12       		.uleb128 0x12
 1501 00f6 06       		.uleb128 0x6
 1502 00f7 40       		.uleb128 0x40
 1503 00f8 18       		.uleb128 0x18
 1504 00f9 9642     		.uleb128 0x2116
 1505 00fb 19       		.uleb128 0x19
 1506 00fc 01       		.uleb128 0x1
 1507 00fd 13       		.uleb128 0x13
 1508 00fe 00       		.byte	0
 1509 00ff 00       		.byte	0
 1510 0100 13       		.uleb128 0x13
 1511 0101 05       		.uleb128 0x5
 1512 0102 00       		.byte	0
 1513 0103 03       		.uleb128 0x3
 1514 0104 08       		.uleb128 0x8
 1515 0105 3A       		.uleb128 0x3a
 1516 0106 0B       		.uleb128 0xb
 1517 0107 3B       		.uleb128 0x3b
 1518 0108 0B       		.uleb128 0xb
 1519 0109 49       		.uleb128 0x49
 1520 010a 13       		.uleb128 0x13
 1521 010b 02       		.uleb128 0x2
 1522 010c 18       		.uleb128 0x18
 1523 010d 00       		.byte	0
 1524 010e 00       		.byte	0
 1525 010f 14       		.uleb128 0x14
 1526 0110 05       		.uleb128 0x5
 1527 0111 00       		.byte	0
 1528 0112 03       		.uleb128 0x3
 1529 0113 0E       		.uleb128 0xe
 1530 0114 3A       		.uleb128 0x3a
 1531 0115 0B       		.uleb128 0xb
 1532 0116 3B       		.uleb128 0x3b
 1533 0117 0B       		.uleb128 0xb
 1534 0118 49       		.uleb128 0x49
 1535 0119 13       		.uleb128 0x13
ARM GAS  c:\Tmp\cccz0DGf.s 			page 28


 1536 011a 02       		.uleb128 0x2
 1537 011b 18       		.uleb128 0x18
 1538 011c 00       		.byte	0
 1539 011d 00       		.byte	0
 1540 011e 15       		.uleb128 0x15
 1541 011f 34       		.uleb128 0x34
 1542 0120 00       		.byte	0
 1543 0121 03       		.uleb128 0x3
 1544 0122 08       		.uleb128 0x8
 1545 0123 3A       		.uleb128 0x3a
 1546 0124 0B       		.uleb128 0xb
 1547 0125 3B       		.uleb128 0x3b
 1548 0126 0B       		.uleb128 0xb
 1549 0127 49       		.uleb128 0x49
 1550 0128 13       		.uleb128 0x13
 1551 0129 02       		.uleb128 0x2
 1552 012a 18       		.uleb128 0x18
 1553 012b 00       		.byte	0
 1554 012c 00       		.byte	0
 1555 012d 16       		.uleb128 0x16
 1556 012e 34       		.uleb128 0x34
 1557 012f 00       		.byte	0
 1558 0130 03       		.uleb128 0x3
 1559 0131 0E       		.uleb128 0xe
 1560 0132 3A       		.uleb128 0x3a
 1561 0133 0B       		.uleb128 0xb
 1562 0134 3B       		.uleb128 0x3b
 1563 0135 0B       		.uleb128 0xb
 1564 0136 49       		.uleb128 0x49
 1565 0137 13       		.uleb128 0x13
 1566 0138 02       		.uleb128 0x2
 1567 0139 18       		.uleb128 0x18
 1568 013a 00       		.byte	0
 1569 013b 00       		.byte	0
 1570 013c 17       		.uleb128 0x17
 1571 013d 0F       		.uleb128 0xf
 1572 013e 00       		.byte	0
 1573 013f 0B       		.uleb128 0xb
 1574 0140 0B       		.uleb128 0xb
 1575 0141 49       		.uleb128 0x49
 1576 0142 13       		.uleb128 0x13
 1577 0143 00       		.byte	0
 1578 0144 00       		.byte	0
 1579 0145 18       		.uleb128 0x18
 1580 0146 2E       		.uleb128 0x2e
 1581 0147 01       		.byte	0x1
 1582 0148 3F       		.uleb128 0x3f
 1583 0149 19       		.uleb128 0x19
 1584 014a 03       		.uleb128 0x3
 1585 014b 0E       		.uleb128 0xe
 1586 014c 3A       		.uleb128 0x3a
 1587 014d 0B       		.uleb128 0xb
 1588 014e 3B       		.uleb128 0x3b
 1589 014f 0B       		.uleb128 0xb
 1590 0150 27       		.uleb128 0x27
 1591 0151 19       		.uleb128 0x19
 1592 0152 49       		.uleb128 0x49
ARM GAS  c:\Tmp\cccz0DGf.s 			page 29


 1593 0153 13       		.uleb128 0x13
 1594 0154 11       		.uleb128 0x11
 1595 0155 01       		.uleb128 0x1
 1596 0156 12       		.uleb128 0x12
 1597 0157 06       		.uleb128 0x6
 1598 0158 40       		.uleb128 0x40
 1599 0159 18       		.uleb128 0x18
 1600 015a 9742     		.uleb128 0x2117
 1601 015c 19       		.uleb128 0x19
 1602 015d 01       		.uleb128 0x1
 1603 015e 13       		.uleb128 0x13
 1604 015f 00       		.byte	0
 1605 0160 00       		.byte	0
 1606 0161 19       		.uleb128 0x19
 1607 0162 34       		.uleb128 0x34
 1608 0163 00       		.byte	0
 1609 0164 03       		.uleb128 0x3
 1610 0165 0E       		.uleb128 0xe
 1611 0166 3A       		.uleb128 0x3a
 1612 0167 0B       		.uleb128 0xb
 1613 0168 3B       		.uleb128 0x3b
 1614 0169 05       		.uleb128 0x5
 1615 016a 49       		.uleb128 0x49
 1616 016b 13       		.uleb128 0x13
 1617 016c 3F       		.uleb128 0x3f
 1618 016d 19       		.uleb128 0x19
 1619 016e 3C       		.uleb128 0x3c
 1620 016f 19       		.uleb128 0x19
 1621 0170 00       		.byte	0
 1622 0171 00       		.byte	0
 1623 0172 00       		.byte	0
 1624              		.section	.debug_aranges,"",%progbits
 1625 0000 34000000 		.4byte	0x34
 1626 0004 0200     		.2byte	0x2
 1627 0006 00000000 		.4byte	.Ldebug_info0
 1628 000a 04       		.byte	0x4
 1629 000b 00       		.byte	0
 1630 000c 0000     		.2byte	0
 1631 000e 0000     		.2byte	0
 1632 0010 00000000 		.4byte	.LFB118
 1633 0014 90000000 		.4byte	.LFE118-.LFB118
 1634 0018 00000000 		.4byte	.LFB119
 1635 001c E4000000 		.4byte	.LFE119-.LFB119
 1636 0020 00000000 		.4byte	.LFB120
 1637 0024 D6000000 		.4byte	.LFE120-.LFB120
 1638 0028 00000000 		.4byte	.LFB121
 1639 002c AC000000 		.4byte	.LFE121-.LFB121
 1640 0030 00000000 		.4byte	0
 1641 0034 00000000 		.4byte	0
 1642              		.section	.debug_ranges,"",%progbits
 1643              	.Ldebug_ranges0:
 1644 0000 00000000 		.4byte	.LFB118
 1645 0004 90000000 		.4byte	.LFE118
 1646 0008 00000000 		.4byte	.LFB119
 1647 000c E4000000 		.4byte	.LFE119
 1648 0010 00000000 		.4byte	.LFB120
 1649 0014 D6000000 		.4byte	.LFE120
ARM GAS  c:\Tmp\cccz0DGf.s 			page 30


 1650 0018 00000000 		.4byte	.LFB121
 1651 001c AC000000 		.4byte	.LFE121
 1652 0020 00000000 		.4byte	0
 1653 0024 00000000 		.4byte	0
 1654              		.section	.debug_line,"",%progbits
 1655              	.Ldebug_line0:
 1656 0000 53020000 		.section	.debug_str,"MS",%progbits,1
 1656      02006B01 
 1656      00000201 
 1656      FB0E0D00 
 1656      01010101 
 1657              	.LASF36:
 1658 0000 41484231 		.ascii	"AHB1LPENR\000"
 1658      4C50454E 
 1658      5200
 1659              	.LASF61:
 1660 000a 4F535045 		.ascii	"OSPEEDR\000"
 1660      45445200 
 1661              	.LASF26:
 1662 0012 41504231 		.ascii	"APB1RSTR\000"
 1662      52535452 
 1662      00
 1663              	.LASF30:
 1664 001b 41484232 		.ascii	"AHB2ENR\000"
 1664      454E5200 
 1665              	.LASF13:
 1666 0023 696E7438 		.ascii	"int8_t\000"
 1666      5F7400
 1667              	.LASF74:
 1668 002a 64616465 		.ascii	"dades\000"
 1668      7300
 1669              	.LASF18:
 1670 0030 73697A65 		.ascii	"sizetype\000"
 1670      74797065 
 1670      00
 1671              	.LASF43:
 1672 0039 42444352 		.ascii	"BDCR\000"
 1672      00
 1673              	.LASF46:
 1674 003e 504C4C49 		.ascii	"PLLI2SCFGR\000"
 1674      32534346 
 1674      475200
 1675              	.LASF9:
 1676 0049 5F5F7569 		.ascii	"__uint32_t\000"
 1676      6E743332 
 1676      5F7400
 1677              	.LASF5:
 1678 0054 5F5F7569 		.ascii	"__uint16_t\000"
 1678      6E743136 
 1678      5F7400
 1679              	.LASF45:
 1680 005f 53534347 		.ascii	"SSCGR\000"
 1680      5200
 1681              	.LASF52:
 1682 0065 54584352 		.ascii	"TXCRCR\000"
 1682      435200
 1683              	.LASF77:
ARM GAS  c:\Tmp\cccz0DGf.s 			page 31


 1684 006c 4C3A5C53 		.ascii	"L:\\STM32\\Practica\000"
 1684      544D3332 
 1684      5C507261 
 1684      63746963 
 1684      6100
 1685              	.LASF22:
 1686 007e 41484231 		.ascii	"AHB1RSTR\000"
 1686      52535452 
 1686      00
 1687              	.LASF21:
 1688 0087 43464752 		.ascii	"CFGR\000"
 1688      00
 1689              	.LASF38:
 1690 008c 41484233 		.ascii	"AHB3LPENR\000"
 1690      4C50454E 
 1690      5200
 1691              	.LASF33:
 1692 0096 41504231 		.ascii	"APB1ENR\000"
 1692      454E5200 
 1693              	.LASF78:
 1694 009e 696E6974 		.ascii	"initAccel\000"
 1694      41636365 
 1694      6C00
 1695              	.LASF70:
 1696 00a8 72656164 		.ascii	"readAccel\000"
 1696      41636365 
 1696      6C00
 1697              	.LASF47:
 1698 00b2 504C4C53 		.ascii	"PLLSAICFGR\000"
 1698      41494346 
 1698      475200
 1699              	.LASF56:
 1700 00bd 52455345 		.ascii	"RESERVED8\000"
 1700      52564544 
 1700      3800
 1701              	.LASF60:
 1702 00c7 4F545950 		.ascii	"OTYPER\000"
 1702      455200
 1703              	.LASF48:
 1704 00ce 44434B43 		.ascii	"DCKCFGR\000"
 1704      46475200 
 1705              	.LASF31:
 1706 00d6 41484233 		.ascii	"AHB3ENR\000"
 1706      454E5200 
 1707              	.LASF11:
 1708 00de 6C6F6E67 		.ascii	"long long int\000"
 1708      206C6F6E 
 1708      6720696E 
 1708      7400
 1709              	.LASF73:
 1710 00ec 77726974 		.ascii	"writeAccel\000"
 1710      65416363 
 1710      656C00
 1711              	.LASF62:
 1712 00f7 50555044 		.ascii	"PUPDR\000"
 1712      5200
 1713              	.LASF8:
ARM GAS  c:\Tmp\cccz0DGf.s 			page 32


 1714 00fd 6C6F6E67 		.ascii	"long int\000"
 1714      20696E74 
 1714      00
 1715              	.LASF49:
 1716 0106 5243435F 		.ascii	"RCC_TypeDef\000"
 1716      54797065 
 1716      44656600 
 1717              	.LASF59:
 1718 0112 4D4F4445 		.ascii	"MODER\000"
 1718      5200
 1719              	.LASF27:
 1720 0118 41504232 		.ascii	"APB2RSTR\000"
 1720      52535452 
 1720      00
 1721              	.LASF58:
 1722 0121 636C6561 		.ascii	"clear\000"
 1722      7200
 1723              	.LASF4:
 1724 0127 5F5F696E 		.ascii	"__int8_t\000"
 1724      74385F74 
 1724      00
 1725              	.LASF71:
 1726 0130 69746F61 		.ascii	"itoa\000"
 1726      00
 1727              	.LASF2:
 1728 0135 756E7369 		.ascii	"unsigned char\000"
 1728      676E6564 
 1728      20636861 
 1728      7200
 1729              	.LASF3:
 1730 0143 73686F72 		.ascii	"short int\000"
 1730      7420696E 
 1730      7400
 1731              	.LASF34:
 1732 014d 41504232 		.ascii	"APB2ENR\000"
 1732      454E5200 
 1733              	.LASF1:
 1734 0155 7369676E 		.ascii	"signed char\000"
 1734      65642063 
 1734      68617200 
 1735              	.LASF12:
 1736 0161 6C6F6E67 		.ascii	"long long unsigned int\000"
 1736      206C6F6E 
 1736      6720756E 
 1736      7369676E 
 1736      65642069 
 1737              	.LASF16:
 1738 0178 75696E74 		.ascii	"uint32_t\000"
 1738      33325F74 
 1738      00
 1739              	.LASF0:
 1740 0181 756E7369 		.ascii	"unsigned int\000"
 1740      676E6564 
 1740      20696E74 
 1740      00
 1741              	.LASF23:
 1742 018e 41484232 		.ascii	"AHB2RSTR\000"
ARM GAS  c:\Tmp\cccz0DGf.s 			page 33


 1742      52535452 
 1742      00
 1743              	.LASF14:
 1744 0197 75696E74 		.ascii	"uint16_t\000"
 1744      31365F74 
 1744      00
 1745              	.LASF10:
 1746 01a0 6C6F6E67 		.ascii	"long unsigned int\000"
 1746      20756E73 
 1746      69676E65 
 1746      6420696E 
 1746      7400
 1747              	.LASF76:
 1748 01b2 61636365 		.ascii	"accel.c\000"
 1748      6C2E6300 
 1749              	.LASF66:
 1750 01ba 41465248 		.ascii	"AFRH\000"
 1750      00
 1751              	.LASF75:
 1752 01bf 474E5520 		.ascii	"GNU C 4.8.3 20140228 (release) [ARM/embedded-4_8-br"
 1752      4320342E 
 1752      382E3320 
 1752      32303134 
 1752      30323238 
 1753 01f2 616E6368 		.ascii	"anch revision 208322] -mcpu=cortex-m4 -mfloat-abi=h"
 1753      20726576 
 1753      6973696F 
 1753      6E203230 
 1753      38333232 
 1754 0225 61726420 		.ascii	"ard -mfpu=fpv4-sp-d16 -mno-thumb-interwork -mthumb "
 1754      2D6D6670 
 1754      753D6670 
 1754      76342D73 
 1754      702D6431 
 1755 0258 2D676764 		.ascii	"-ggdb -O0 -fomit-frame-pointer -falign-functions=16"
 1755      62202D4F 
 1755      30202D66 
 1755      6F6D6974 
 1755      2D667261 
 1756 028b 202D6673 		.ascii	" -fsingle-precision-constant -ffunction-sections -f"
 1756      696E676C 
 1756      652D7072 
 1756      65636973 
 1756      696F6E2D 
 1757 02be 64617461 		.ascii	"data-sections -fno-common\000"
 1757      2D736563 
 1757      74696F6E 
 1757      73202D66 
 1757      6E6F2D63 
 1758              	.LASF20:
 1759 02d8 504C4C43 		.ascii	"PLLCFGR\000"
 1759      46475200 
 1760              	.LASF72:
 1761 02e0 72616469 		.ascii	"radix\000"
 1761      7800
 1762              	.LASF65:
 1763 02e6 4146524C 		.ascii	"AFRL\000"
ARM GAS  c:\Tmp\cccz0DGf.s 			page 34


 1763      00
 1764              	.LASF6:
 1765 02eb 73686F72 		.ascii	"short unsigned int\000"
 1765      7420756E 
 1765      7369676E 
 1765      65642069 
 1765      6E7400
 1766              	.LASF40:
 1767 02fe 41504231 		.ascii	"APB1LPENR\000"
 1767      4C50454E 
 1767      5200
 1768              	.LASF19:
 1769 0308 63686172 		.ascii	"char\000"
 1769      00
 1770              	.LASF15:
 1771 030d 696E7433 		.ascii	"int32_t\000"
 1771      325F7400 
 1772              	.LASF57:
 1773 0315 5350495F 		.ascii	"SPI_TypeDef\000"
 1773      54797065 
 1773      44656600 
 1774              	.LASF17:
 1775 0321 5F426F6F 		.ascii	"_Bool\000"
 1775      6C00
 1776              	.LASF37:
 1777 0327 41484232 		.ascii	"AHB2LPENR\000"
 1777      4C50454E 
 1777      5200
 1778              	.LASF50:
 1779 0331 43524350 		.ascii	"CRCPR\000"
 1779      5200
 1780              	.LASF25:
 1781 0337 52455345 		.ascii	"RESERVED0\000"
 1781      52564544 
 1781      3000
 1782              	.LASF28:
 1783 0341 52455345 		.ascii	"RESERVED1\000"
 1783      52564544 
 1783      3100
 1784              	.LASF32:
 1785 034b 52455345 		.ascii	"RESERVED2\000"
 1785      52564544 
 1785      3200
 1786              	.LASF35:
 1787 0355 52455345 		.ascii	"RESERVED3\000"
 1787      52564544 
 1787      3300
 1788              	.LASF39:
 1789 035f 52455345 		.ascii	"RESERVED4\000"
 1789      52564544 
 1789      3400
 1790              	.LASF42:
 1791 0369 52455345 		.ascii	"RESERVED5\000"
 1791      52564544 
 1791      3500
 1792              	.LASF44:
 1793 0373 52455345 		.ascii	"RESERVED6\000"
ARM GAS  c:\Tmp\cccz0DGf.s 			page 35


 1793      52564544 
 1793      3600
 1794              	.LASF54:
 1795 037d 52455345 		.ascii	"RESERVED7\000"
 1795      52564544 
 1795      3700
 1796              	.LASF68:
 1797 0387 7369676E 		.ascii	"sign\000"
 1797      00
 1798              	.LASF79:
 1799 038c 49544D5F 		.ascii	"ITM_RxBuffer\000"
 1799      52784275 
 1799      66666572 
 1799      00
 1800              	.LASF29:
 1801 0399 41484231 		.ascii	"AHB1ENR\000"
 1801      454E5200 
 1802              	.LASF7:
 1803 03a1 5F5F696E 		.ascii	"__int32_t\000"
 1803      7433325F 
 1803      7400
 1804              	.LASF69:
 1805 03ab 70736967 		.ascii	"psigned\000"
 1805      6E656400 
 1806              	.LASF67:
 1807 03b3 4750494F 		.ascii	"GPIO_TypeDef\000"
 1807      5F547970 
 1807      65446566 
 1807      00
 1808              	.LASF24:
 1809 03c0 41484233 		.ascii	"AHB3RSTR\000"
 1809      52535452 
 1809      00
 1810              	.LASF53:
 1811 03c9 49325343 		.ascii	"I2SCFGR\000"
 1811      46475200 
 1812              	.LASF55:
 1813 03d1 49325350 		.ascii	"I2SPR\000"
 1813      5200
 1814              	.LASF64:
 1815 03d7 4C434B52 		.ascii	"LCKR\000"
 1815      00
 1816              	.LASF41:
 1817 03dc 41504232 		.ascii	"APB2LPENR\000"
 1817      4C50454E 
 1817      5200
 1818              	.LASF51:
 1819 03e6 52584352 		.ascii	"RXCRCR\000"
 1819      435200
 1820              	.LASF63:
 1821 03ed 42535252 		.ascii	"BSRR\000"
 1821      00
 1822              		.ident	"GCC: (GNU Tools for ARM Embedded Processors) 4.8.3 20140228 (release) [ARM/embedded-4_8-br
ARM GAS  c:\Tmp\cccz0DGf.s 			page 36


DEFINED SYMBOLS
                            *ABS*:00000000 accel.c
   c:\Tmp\cccz0DGf.s:21     .text.initAccel:00000000 $t
   c:\Tmp\cccz0DGf.s:27     .text.initAccel:00000000 initAccel
   c:\Tmp\cccz0DGf.s:429    .text.writeAccel:00000000 writeAccel
   c:\Tmp\cccz0DGf.s:107    .text.initAccel:00000084 $d
   c:\Tmp\cccz0DGf.s:114    .text.readAccel:00000000 $t
   c:\Tmp\cccz0DGf.s:120    .text.readAccel:00000000 readAccel
   c:\Tmp\cccz0DGf.s:265    .text.readAccel:000000dc $d
   c:\Tmp\cccz0DGf.s:271    .text.itoa:00000000 $t
   c:\Tmp\cccz0DGf.s:277    .text.itoa:00000000 itoa
   c:\Tmp\cccz0DGf.s:423    .text.writeAccel:00000000 $t
   c:\Tmp\cccz0DGf.s:545    .text.writeAccel:000000a4 $d
                     .debug_frame:00000010 $d
   c:\Tmp\cccz0DGf.s:270    .text.readAccel:000000e4 $t
   c:\Tmp\cccz0DGf.s:550    .text.writeAccel:000000ac $t

UNDEFINED SYMBOLS
gptDelayUs
