ARM GAS  c:\Tmp\ccXx8mKG.s 			page 1


   1              		.syntax unified
   2              		.cpu cortex-m4
   3              		.eabi_attribute 27, 3
   4              		.eabi_attribute 28, 1
   5              		.fpu fpv4-sp-d16
   6              		.eabi_attribute 20, 1
   7              		.eabi_attribute 21, 1
   8              		.eabi_attribute 23, 3
   9              		.eabi_attribute 24, 1
  10              		.eabi_attribute 25, 1
  11              		.eabi_attribute 26, 1
  12              		.eabi_attribute 30, 6
  13              		.eabi_attribute 34, 1
  14              		.eabi_attribute 18, 4
  15              		.thumb
  16              		.file	"lcd.c"
  17              		.text
  18              	.Ltext0:
  19              		.cfi_sections	.debug_frame
  20              		.section	.text.GPIO_ModePushPull,"ax",%progbits
  21              		.align	2
  22              		.p2align 4,,15
  23              		.global	GPIO_ModePushPull
  24              		.thumb
  25              		.thumb_func
  26              		.type	GPIO_ModePushPull, %function
  27              	GPIO_ModePushPull:
  28              	.LFB118:
  29              		.file 1 "lcd.c"
  30              		.loc 1 24 0
  31              		.cfi_startproc
  32              		@ args = 0, pretend = 0, frame = 8
  33              		@ frame_needed = 0, uses_anonymous_args = 0
  34              		@ link register save eliminated.
  35 0000 82B0     		sub	sp, sp, #8
  36              		.cfi_def_cfa_offset 8
  37 0002 0190     		str	r0, [sp, #4]
  38 0004 0091     		str	r1, [sp]
  39              		.loc 1 26 0
  40 0006 019B     		ldr	r3, [sp, #4]
  41 0008 1A68     		ldr	r2, [r3]
  42 000a 009B     		ldr	r3, [sp]
  43 000c 5B00     		lsls	r3, r3, #1
  44 000e 0121     		movs	r1, #1
  45 0010 01FA03F3 		lsl	r3, r1, r3
  46 0014 1A43     		orrs	r2, r2, r3
  47 0016 019B     		ldr	r3, [sp, #4]
  48 0018 1A60     		str	r2, [r3]
  49              		.loc 1 27 0
  50 001a 019B     		ldr	r3, [sp, #4]
  51 001c 1A68     		ldr	r2, [r3]
  52 001e 009B     		ldr	r3, [sp]
  53 0020 5B00     		lsls	r3, r3, #1
  54 0022 0133     		adds	r3, r3, #1
  55 0024 0121     		movs	r1, #1
  56 0026 01FA03F3 		lsl	r3, r1, r3
  57 002a DB43     		mvns	r3, r3
ARM GAS  c:\Tmp\ccXx8mKG.s 			page 2


  58 002c 1A40     		ands	r2, r2, r3
  59 002e 019B     		ldr	r3, [sp, #4]
  60 0030 1A60     		str	r2, [r3]
  61              		.loc 1 30 0
  62 0032 019B     		ldr	r3, [sp, #4]
  63 0034 5A68     		ldr	r2, [r3, #4]
  64 0036 0121     		movs	r1, #1
  65 0038 009B     		ldr	r3, [sp]
  66 003a 01FA03F3 		lsl	r3, r1, r3
  67 003e DB43     		mvns	r3, r3
  68 0040 1A40     		ands	r2, r2, r3
  69 0042 019B     		ldr	r3, [sp, #4]
  70 0044 5A60     		str	r2, [r3, #4]
  71              		.loc 1 35 0
  72 0046 019B     		ldr	r3, [sp, #4]
  73 0048 9A68     		ldr	r2, [r3, #8]
  74 004a 009B     		ldr	r3, [sp]
  75 004c 5B00     		lsls	r3, r3, #1
  76 004e 0121     		movs	r1, #1
  77 0050 01FA03F3 		lsl	r3, r1, r3
  78 0054 DB43     		mvns	r3, r3
  79 0056 1A40     		ands	r2, r2, r3
  80 0058 009B     		ldr	r3, [sp]
  81 005a 5B00     		lsls	r3, r3, #1
  82 005c 0133     		adds	r3, r3, #1
  83 005e 0121     		movs	r1, #1
  84 0060 01FA03F3 		lsl	r3, r1, r3
  85 0064 DB43     		mvns	r3, r3
  86 0066 1A40     		ands	r2, r2, r3
  87 0068 019B     		ldr	r3, [sp, #4]
  88 006a 9A60     		str	r2, [r3, #8]
  89              		.loc 1 38 0
  90 006c 019B     		ldr	r3, [sp, #4]
  91 006e DA68     		ldr	r2, [r3, #12]
  92 0070 009B     		ldr	r3, [sp]
  93 0072 5B00     		lsls	r3, r3, #1
  94 0074 0121     		movs	r1, #1
  95 0076 01FA03F3 		lsl	r3, r1, r3
  96 007a DB43     		mvns	r3, r3
  97 007c 1A40     		ands	r2, r2, r3
  98 007e 009B     		ldr	r3, [sp]
  99 0080 5B00     		lsls	r3, r3, #1
 100 0082 0133     		adds	r3, r3, #1
 101 0084 0121     		movs	r1, #1
 102 0086 01FA03F3 		lsl	r3, r1, r3
 103 008a DB43     		mvns	r3, r3
 104 008c 1A40     		ands	r2, r2, r3
 105 008e 019B     		ldr	r3, [sp, #4]
 106 0090 DA60     		str	r2, [r3, #12]
 107              		.loc 1 39 0
 108 0092 02B0     		add	sp, sp, #8
 109              		@ sp needed
 110 0094 7047     		bx	lr
 111              		.cfi_endproc
 112              	.LFE118:
 113              		.size	GPIO_ModePushPull, .-GPIO_ModePushPull
 114 0096 00BFAFF3 		.section	.rodata
ARM GAS  c:\Tmp\ccXx8mKG.s 			page 3


 114      0080AFF3 
 114      0080
 115              		.align	2
 116              	.LC0:
 117 0000 09       		.byte	9
 118 0001 0A       		.byte	10
 119 0002 0B       		.byte	11
 120 0003 0C       		.byte	12
 121 0004 0D       		.byte	13
 122 0005 0E       		.byte	14
 123 0006 0F       		.byte	15
 124 0007 00       		.section	.text.lcdGPIOInit,"ax",%progbits
 125              		.align	2
 126              		.p2align 4,,15
 127              		.thumb
 128              		.thumb_func
 129              		.type	lcdGPIOInit, %function
 130              	lcdGPIOInit:
 131              	.LFB119:
 132              		.loc 1 40 0
 133              		.cfi_startproc
 134              		@ args = 0, pretend = 0, frame = 8
 135              		@ frame_needed = 0, uses_anonymous_args = 0
 136 0000 00B5     		push	{lr}
 137              		.cfi_def_cfa_offset 4
 138              		.cfi_offset 14, -4
 139 0002 83B0     		sub	sp, sp, #12
 140              		.cfi_def_cfa_offset 16
 141              		.loc 1 41 0
 142 0004 104A     		ldr	r2, .L5
 143 0006 6B46     		mov	r3, sp
 144 0008 1068     		ldr	r0, [r2]	@ unaligned
 145 000a 1860     		str	r0, [r3]	@ unaligned
 146 000c 9188     		ldrh	r1, [r2, #4]	@ unaligned
 147 000e 9279     		ldrb	r2, [r2, #6]
 148 0010 9980     		strh	r1, [r3, #4]	@ unaligned
 149 0012 9A71     		strb	r2, [r3, #6]
 150              		.loc 1 44 0
 151 0014 0023     		movs	r3, #0
 152 0016 8DF80730 		strb	r3, [sp, #7]
 153 001a 0EE0     		b	.L3
 154              	.L4:
 155              		.loc 1 45 0 discriminator 2
 156 001c 9DF80730 		ldrb	r3, [sp, #7]	@ zero_extendqisi2
 157 0020 02AA     		add	r2, sp, #8
 158 0022 1344     		add	r3, r3, r2
 159 0024 13F8083C 		ldrb	r3, [r3, #-8]	@ zero_extendqisi2
 160 0028 0848     		ldr	r0, .L5+4
 161 002a 1946     		mov	r1, r3
 162 002c FFF7FEFF 		bl	GPIO_ModePushPull
 163              		.loc 1 44 0 discriminator 2
 164 0030 9DF80730 		ldrb	r3, [sp, #7]	@ zero_extendqisi2
 165 0034 0133     		adds	r3, r3, #1
 166 0036 8DF80730 		strb	r3, [sp, #7]
 167              	.L3:
 168              		.loc 1 44 0 is_stmt 0 discriminator 1
 169 003a 9DF80730 		ldrb	r3, [sp, #7]	@ zero_extendqisi2
ARM GAS  c:\Tmp\ccXx8mKG.s 			page 4


 170 003e 062B     		cmp	r3, #6
 171 0040 ECD9     		bls	.L4
 172              		.loc 1 48 0 is_stmt 1
 173 0042 03B0     		add	sp, sp, #12
 174              		@ sp needed
 175 0044 5DF804FB 		ldr	pc, [sp], #4
 176              	.L6:
 177              		.align	2
 178              	.L5:
 179 0048 00000000 		.word	.LC0
 180 004c 00100240 		.word	1073876992
 181              		.cfi_endproc
 182              	.LFE119:
 183              		.size	lcdGPIOInit, .-lcdGPIOInit
 184              		.section	.text.lcdNibble,"ax",%progbits
 185              		.align	2
 186              		.p2align 4,,15
 187              		.thumb
 188              		.thumb_func
 189              		.type	lcdNibble, %function
 190              	lcdNibble:
 191              	.LFB120:
 192              		.loc 1 55 0
 193              		.cfi_startproc
 194              		@ args = 0, pretend = 0, frame = 8
 195              		@ frame_needed = 0, uses_anonymous_args = 0
 196 0000 00B5     		push	{lr}
 197              		.cfi_def_cfa_offset 4
 198              		.cfi_offset 14, -4
 199 0002 83B0     		sub	sp, sp, #12
 200              		.cfi_def_cfa_offset 16
 201 0004 0190     		str	r0, [sp, #4]
 202 0006 0091     		str	r1, [sp]
 203              		.loc 1 58 0
 204 0008 164B     		ldr	r3, .L10
 205 000a 164A     		ldr	r2, .L10
 206 000c 5269     		ldr	r2, [r2, #20]
 207 000e 22F47042 		bic	r2, r2, #61440
 208 0012 5A61     		str	r2, [r3, #20]
 209              		.loc 1 60 0
 210 0014 134B     		ldr	r3, .L10
 211 0016 134A     		ldr	r2, .L10
 212 0018 5169     		ldr	r1, [r2, #20]
 213 001a 019A     		ldr	r2, [sp, #4]
 214 001c 1203     		lsls	r2, r2, #12
 215 001e 92B2     		uxth	r2, r2
 216 0020 0A43     		orrs	r2, r2, r1
 217 0022 5A61     		str	r2, [r3, #20]
 218              		.loc 1 61 0
 219 0024 009B     		ldr	r3, [sp]
 220 0026 002B     		cmp	r3, #0
 221 0028 04D0     		beq	.L8
 222              		.loc 1 62 0
 223 002a 0E4B     		ldr	r3, .L10
 224 002c 4FF40062 		mov	r2, #2048
 225 0030 1A83     		strh	r2, [r3, #24]	@ movhi
 226 0032 03E0     		b	.L9
ARM GAS  c:\Tmp\ccXx8mKG.s 			page 5


 227              	.L8:
 228              		.loc 1 64 0
 229 0034 0B4B     		ldr	r3, .L10
 230 0036 4FF40062 		mov	r2, #2048
 231 003a 5A83     		strh	r2, [r3, #26]	@ movhi
 232              	.L9:
 233              		.loc 1 67 0
 234 003c 0A20     		movs	r0, #10
 235 003e FFF7FEFF 		bl	gptDelayUs
 236              		.loc 1 69 0
 237 0042 084B     		ldr	r3, .L10
 238 0044 4FF48062 		mov	r2, #1024
 239 0048 1A83     		strh	r2, [r3, #24]	@ movhi
 240              		.loc 1 71 0
 241 004a 0A20     		movs	r0, #10
 242 004c FFF7FEFF 		bl	gptDelayUs
 243              		.loc 1 73 0
 244 0050 044B     		ldr	r3, .L10
 245 0052 4FF48062 		mov	r2, #1024
 246 0056 5A83     		strh	r2, [r3, #26]	@ movhi
 247              		.loc 1 75 0
 248 0058 0A20     		movs	r0, #10
 249 005a FFF7FEFF 		bl	gptDelayUs
 250              		.loc 1 76 0
 251 005e 03B0     		add	sp, sp, #12
 252              		@ sp needed
 253 0060 5DF804FB 		ldr	pc, [sp], #4
 254              	.L11:
 255              		.align	2
 256              	.L10:
 257 0064 00100240 		.word	1073876992
 258              		.cfi_endproc
 259              	.LFE120:
 260              		.size	lcdNibble, .-lcdNibble
 261 0068 AFF30080 		.section	.text.LCD_Backlight,"ax",%progbits
 261      AFF30080 
 262              		.align	2
 263              		.p2align 4,,15
 264              		.global	LCD_Backlight
 265              		.thumb
 266              		.thumb_func
 267              		.type	LCD_Backlight, %function
 268              	LCD_Backlight:
 269              	.LFB121:
 270              		.loc 1 86 0
 271              		.cfi_startproc
 272              		@ args = 0, pretend = 0, frame = 8
 273              		@ frame_needed = 0, uses_anonymous_args = 0
 274              		@ link register save eliminated.
 275 0000 82B0     		sub	sp, sp, #8
 276              		.cfi_def_cfa_offset 8
 277 0002 0190     		str	r0, [sp, #4]
 278              		.loc 1 87 0
 279 0004 019B     		ldr	r3, [sp, #4]
 280 0006 002B     		cmp	r3, #0
 281 0008 04D0     		beq	.L13
 282              		.loc 1 89 0
ARM GAS  c:\Tmp\ccXx8mKG.s 			page 6


 283 000a 054B     		ldr	r3, .L15
 284 000c 4FF40072 		mov	r2, #512
 285 0010 1A83     		strh	r2, [r3, #24]	@ movhi
 286 0012 03E0     		b	.L12
 287              	.L13:
 288              		.loc 1 92 0
 289 0014 024B     		ldr	r3, .L15
 290 0016 4FF40072 		mov	r2, #512
 291 001a 5A83     		strh	r2, [r3, #26]	@ movhi
 292              	.L12:
 293              		.loc 1 94 0
 294 001c 02B0     		add	sp, sp, #8
 295              		@ sp needed
 296 001e 7047     		bx	lr
 297              	.L16:
 298              		.align	2
 299              	.L15:
 300 0020 00100240 		.word	1073876992
 301              		.cfi_endproc
 302              	.LFE121:
 303              		.size	LCD_Backlight, .-LCD_Backlight
 304 0024 AFF30080 		.section	.text.LCD_ClearDisplay,"ax",%progbits
 304      AFF30080 
 304      AFF30080 
 305              		.align	2
 306              		.p2align 4,,15
 307              		.global	LCD_ClearDisplay
 308              		.thumb
 309              		.thumb_func
 310              		.type	LCD_ClearDisplay, %function
 311              	LCD_ClearDisplay:
 312              	.LFB122:
 313              		.loc 1 97 0
 314              		.cfi_startproc
 315              		@ args = 0, pretend = 0, frame = 0
 316              		@ frame_needed = 0, uses_anonymous_args = 0
 317 0000 08B5     		push	{r3, lr}
 318              		.cfi_def_cfa_offset 8
 319              		.cfi_offset 3, -8
 320              		.cfi_offset 14, -4
 321              		.loc 1 98 0
 322 0002 0020     		movs	r0, #0
 323 0004 0021     		movs	r1, #0
 324 0006 FFF7FEFF 		bl	lcdNibble
 325              		.loc 1 99 0
 326 000a 0120     		movs	r0, #1
 327 000c 0021     		movs	r1, #0
 328 000e FFF7FEFF 		bl	lcdNibble
 329              		.loc 1 100 0
 330 0012 4FF47A70 		mov	r0, #1000
 331 0016 FFF7FEFF 		bl	gptDelayUs
 332              		.loc 1 101 0
 333 001a 08BD     		pop	{r3, pc}
 334              		.cfi_endproc
 335              	.LFE122:
 336              		.size	LCD_ClearDisplay, .-LCD_ClearDisplay
 337 001c AFF30080 		.section	.text.LCD_Config,"ax",%progbits
ARM GAS  c:\Tmp\ccXx8mKG.s 			page 7


 338              		.align	2
 339              		.p2align 4,,15
 340              		.global	LCD_Config
 341              		.thumb
 342              		.thumb_func
 343              		.type	LCD_Config, %function
 344              	LCD_Config:
 345              	.LFB123:
 346              		.loc 1 107 0
 347              		.cfi_startproc
 348              		@ args = 0, pretend = 0, frame = 16
 349              		@ frame_needed = 0, uses_anonymous_args = 0
 350 0000 00B5     		push	{lr}
 351              		.cfi_def_cfa_offset 4
 352              		.cfi_offset 14, -4
 353 0002 85B0     		sub	sp, sp, #20
 354              		.cfi_def_cfa_offset 24
 355 0004 0390     		str	r0, [sp, #12]
 356 0006 0291     		str	r1, [sp, #8]
 357 0008 0192     		str	r2, [sp, #4]
 358              		.loc 1 108 0
 359 000a 0020     		movs	r0, #0
 360 000c 0021     		movs	r1, #0
 361 000e FFF7FEFF 		bl	lcdNibble
 362              		.loc 1 109 0
 363 0012 039B     		ldr	r3, [sp, #12]
 364 0014 002B     		cmp	r3, #0
 365 0016 01D0     		beq	.L19
 366              		.loc 1 109 0 is_stmt 0 discriminator 1
 367 0018 0123     		movs	r3, #1
 368 001a 0393     		str	r3, [sp, #12]
 369              	.L19:
 370              		.loc 1 110 0 is_stmt 1
 371 001c 029B     		ldr	r3, [sp, #8]
 372 001e 002B     		cmp	r3, #0
 373 0020 01D0     		beq	.L20
 374              		.loc 1 110 0 is_stmt 0 discriminator 1
 375 0022 0123     		movs	r3, #1
 376 0024 0293     		str	r3, [sp, #8]
 377              	.L20:
 378              		.loc 1 111 0 is_stmt 1
 379 0026 019B     		ldr	r3, [sp, #4]
 380 0028 002B     		cmp	r3, #0
 381 002a 01D0     		beq	.L21
 382              		.loc 1 111 0 is_stmt 0 discriminator 1
 383 002c 0123     		movs	r3, #1
 384 002e 0193     		str	r3, [sp, #4]
 385              	.L21:
 386              		.loc 1 113 0 is_stmt 1
 387 0030 039B     		ldr	r3, [sp, #12]
 388 0032 9B00     		lsls	r3, r3, #2
 389 0034 43F00802 		orr	r2, r3, #8
 390 0038 029B     		ldr	r3, [sp, #8]
 391 003a 5B00     		lsls	r3, r3, #1
 392 003c 1A43     		orrs	r2, r2, r3
 393 003e 019B     		ldr	r3, [sp, #4]
 394 0040 1343     		orrs	r3, r3, r2
ARM GAS  c:\Tmp\ccXx8mKG.s 			page 8


 395 0042 1846     		mov	r0, r3
 396 0044 0021     		movs	r1, #0
 397 0046 FFF7FEFF 		bl	lcdNibble
 398              		.loc 1 114 0
 399 004a 2820     		movs	r0, #40
 400 004c FFF7FEFF 		bl	gptDelayUs
 401              		.loc 1 115 0
 402 0050 05B0     		add	sp, sp, #20
 403              		@ sp needed
 404 0052 5DF804FB 		ldr	pc, [sp], #4
 405              		.cfi_endproc
 406              	.LFE123:
 407              		.size	LCD_Config, .-LCD_Config
 408 0056 00BFAFF3 		.section	.text.LCD_GotoXY,"ax",%progbits
 408      0080AFF3 
 408      0080
 409              		.align	2
 410              		.p2align 4,,15
 411              		.global	LCD_GotoXY
 412              		.thumb
 413              		.thumb_func
 414              		.type	LCD_GotoXY, %function
 415              	LCD_GotoXY:
 416              	.LFB124:
 417              		.loc 1 120 0
 418              		.cfi_startproc
 419              		@ args = 0, pretend = 0, frame = 16
 420              		@ frame_needed = 0, uses_anonymous_args = 0
 421 0000 00B5     		push	{lr}
 422              		.cfi_def_cfa_offset 4
 423              		.cfi_offset 14, -4
 424 0002 85B0     		sub	sp, sp, #20
 425              		.cfi_def_cfa_offset 24
 426 0004 0190     		str	r0, [sp, #4]
 427 0006 0091     		str	r1, [sp]
 428              		.loc 1 122 0
 429 0008 0823     		movs	r3, #8
 430 000a 0393     		str	r3, [sp, #12]
 431              		.loc 1 123 0
 432 000c 009B     		ldr	r3, [sp]
 433 000e 002B     		cmp	r3, #0
 434 0010 03D0     		beq	.L23
 435              		.loc 1 125 0
 436 0012 039B     		ldr	r3, [sp, #12]
 437 0014 43F00403 		orr	r3, r3, #4
 438 0018 0393     		str	r3, [sp, #12]
 439              	.L23:
 440              		.loc 1 127 0
 441 001a 0398     		ldr	r0, [sp, #12]
 442 001c 0021     		movs	r1, #0
 443 001e FFF7FEFF 		bl	lcdNibble
 444              		.loc 1 128 0
 445 0022 0198     		ldr	r0, [sp, #4]
 446 0024 0021     		movs	r1, #0
 447 0026 FFF7FEFF 		bl	lcdNibble
 448              		.loc 1 129 0
 449 002a 2820     		movs	r0, #40
ARM GAS  c:\Tmp\ccXx8mKG.s 			page 9


 450 002c FFF7FEFF 		bl	gptDelayUs
 451              		.loc 1 130 0
 452 0030 05B0     		add	sp, sp, #20
 453              		@ sp needed
 454 0032 5DF804FB 		ldr	pc, [sp], #4
 455              		.cfi_endproc
 456              	.LFE124:
 457              		.size	LCD_GotoXY, .-LCD_GotoXY
 458 0036 00BFAFF3 		.section	.text.LCD_SendChar,"ax",%progbits
 458      0080AFF3 
 458      0080
 459              		.align	2
 460              		.p2align 4,,15
 461              		.global	LCD_SendChar
 462              		.thumb
 463              		.thumb_func
 464              		.type	LCD_SendChar, %function
 465              	LCD_SendChar:
 466              	.LFB125:
 467              		.loc 1 135 0
 468              		.cfi_startproc
 469              		@ args = 0, pretend = 0, frame = 8
 470              		@ frame_needed = 0, uses_anonymous_args = 0
 471 0000 00B5     		push	{lr}
 472              		.cfi_def_cfa_offset 4
 473              		.cfi_offset 14, -4
 474 0002 83B0     		sub	sp, sp, #12
 475              		.cfi_def_cfa_offset 16
 476 0004 0346     		mov	r3, r0
 477 0006 8DF80730 		strb	r3, [sp, #7]
 478              		.loc 1 137 0
 479 000a 9DF80730 		ldrb	r3, [sp, #7]	@ zero_extendqisi2
 480 000e 1B09     		lsrs	r3, r3, #4
 481 0010 DBB2     		uxtb	r3, r3
 482 0012 1846     		mov	r0, r3
 483 0014 0121     		movs	r1, #1
 484 0016 FFF7FEFF 		bl	lcdNibble
 485              		.loc 1 138 0
 486 001a 9DF80730 		ldrb	r3, [sp, #7]	@ zero_extendqisi2
 487 001e 1846     		mov	r0, r3
 488 0020 0121     		movs	r1, #1
 489 0022 FFF7FEFF 		bl	lcdNibble
 490              		.loc 1 139 0
 491 0026 3220     		movs	r0, #50
 492 0028 FFF7FEFF 		bl	gptDelayUs
 493              		.loc 1 140 0
 494 002c 03B0     		add	sp, sp, #12
 495              		@ sp needed
 496 002e 5DF804FB 		ldr	pc, [sp], #4
 497              		.cfi_endproc
 498              	.LFE125:
 499              		.size	LCD_SendChar, .-LCD_SendChar
 500 0032 00BFAFF3 		.section	.text.LCD_SendString,"ax",%progbits
 500      0080AFF3 
 500      0080AFF3 
 500      0080
 501              		.align	2
ARM GAS  c:\Tmp\ccXx8mKG.s 			page 10


 502              		.p2align 4,,15
 503              		.global	LCD_SendString
 504              		.thumb
 505              		.thumb_func
 506              		.type	LCD_SendString, %function
 507              	LCD_SendString:
 508              	.LFB126:
 509              		.loc 1 143 0
 510              		.cfi_startproc
 511              		@ args = 0, pretend = 0, frame = 16
 512              		@ frame_needed = 0, uses_anonymous_args = 0
 513 0000 00B5     		push	{lr}
 514              		.cfi_def_cfa_offset 4
 515              		.cfi_offset 14, -4
 516 0002 85B0     		sub	sp, sp, #20
 517              		.cfi_def_cfa_offset 24
 518 0004 0190     		str	r0, [sp, #4]
 519              		.loc 1 145 0
 520 0006 0023     		movs	r3, #0
 521 0008 0393     		str	r3, [sp, #12]
 522              		.loc 1 148 0
 523 000a 09E0     		b	.L26
 524              	.L27:
 525              		.loc 1 149 0
 526 000c 019A     		ldr	r2, [sp, #4]
 527 000e 039B     		ldr	r3, [sp, #12]
 528 0010 1344     		add	r3, r3, r2
 529 0012 1B78     		ldrb	r3, [r3]	@ zero_extendqisi2
 530 0014 1846     		mov	r0, r3
 531 0016 FFF7FEFF 		bl	LCD_SendChar
 532              		.loc 1 150 0
 533 001a 039B     		ldr	r3, [sp, #12]
 534 001c 0133     		adds	r3, r3, #1
 535 001e 0393     		str	r3, [sp, #12]
 536              	.L26:
 537              		.loc 1 148 0 discriminator 1
 538 0020 019A     		ldr	r2, [sp, #4]
 539 0022 039B     		ldr	r3, [sp, #12]
 540 0024 1344     		add	r3, r3, r2
 541 0026 1B78     		ldrb	r3, [r3]	@ zero_extendqisi2
 542 0028 002B     		cmp	r3, #0
 543 002a EFD1     		bne	.L27
 544              		.loc 1 152 0
 545 002c 05B0     		add	sp, sp, #20
 546              		@ sp needed
 547 002e 5DF804FB 		ldr	pc, [sp], #4
 548              		.cfi_endproc
 549              	.LFE126:
 550              		.size	LCD_SendString, .-LCD_SendString
 551 0032 00BFAFF3 		.section	.text.LCD_CustomChar,"ax",%progbits
 551      0080AFF3 
 551      0080AFF3 
 551      0080
 552              		.align	2
 553              		.p2align 4,,15
 554              		.global	LCD_CustomChar
 555              		.thumb
ARM GAS  c:\Tmp\ccXx8mKG.s 			page 11


 556              		.thumb_func
 557              		.type	LCD_CustomChar, %function
 558              	LCD_CustomChar:
 559              	.LFB127:
 560              		.loc 1 154 0
 561              		.cfi_startproc
 562              		@ args = 0, pretend = 0, frame = 16
 563              		@ frame_needed = 0, uses_anonymous_args = 0
 564 0000 00B5     		push	{lr}
 565              		.cfi_def_cfa_offset 4
 566              		.cfi_offset 14, -4
 567 0002 85B0     		sub	sp, sp, #20
 568              		.cfi_def_cfa_offset 24
 569 0004 0190     		str	r0, [sp, #4]
 570 0006 0091     		str	r1, [sp]
 571              		.loc 1 155 0
 572 0008 019B     		ldr	r3, [sp, #4]
 573 000a DB00     		lsls	r3, r3, #3
 574 000c 43F04003 		orr	r3, r3, #64
 575 0010 0293     		str	r3, [sp, #8]
 576              		.loc 1 157 0
 577 0012 029B     		ldr	r3, [sp, #8]
 578 0014 DBB2     		uxtb	r3, r3
 579 0016 1846     		mov	r0, r3
 580 0018 FFF7FEFF 		bl	LCD_SendChar
 581              		.loc 1 159 0
 582 001c 0023     		movs	r3, #0
 583 001e 0393     		str	r3, [sp, #12]
 584 0020 0BE0     		b	.L29
 585              	.L30:
 586              		.loc 1 160 0 discriminator 2
 587 0022 039B     		ldr	r3, [sp, #12]
 588 0024 9B00     		lsls	r3, r3, #2
 589 0026 009A     		ldr	r2, [sp]
 590 0028 1344     		add	r3, r3, r2
 591 002a 1B68     		ldr	r3, [r3]
 592 002c DBB2     		uxtb	r3, r3
 593 002e 1846     		mov	r0, r3
 594 0030 FFF7FEFF 		bl	LCD_SendChar
 595              		.loc 1 159 0 discriminator 2
 596 0034 039B     		ldr	r3, [sp, #12]
 597 0036 0133     		adds	r3, r3, #1
 598 0038 0393     		str	r3, [sp, #12]
 599              	.L29:
 600              		.loc 1 159 0 is_stmt 0 discriminator 1
 601 003a 039B     		ldr	r3, [sp, #12]
 602 003c 072B     		cmp	r3, #7
 603 003e F0DD     		ble	.L30
 604              		.loc 1 162 0 is_stmt 1
 605 0040 05B0     		add	sp, sp, #20
 606              		@ sp needed
 607 0042 5DF804FB 		ldr	pc, [sp], #4
 608              		.cfi_endproc
 609              	.LFE127:
 610              		.size	LCD_CustomChar, .-LCD_CustomChar
 611 0046 00BFAFF3 		.section	.text.LCD_Init,"ax",%progbits
 611      0080AFF3 
ARM GAS  c:\Tmp\ccXx8mKG.s 			page 12


 611      0080
 612              		.align	2
 613              		.p2align 4,,15
 614              		.global	LCD_Init
 615              		.thumb
 616              		.thumb_func
 617              		.type	LCD_Init, %function
 618              	LCD_Init:
 619              	.LFB128:
 620              		.loc 1 172 0
 621              		.cfi_startproc
 622              		@ args = 0, pretend = 0, frame = 0
 623              		@ frame_needed = 0, uses_anonymous_args = 0
 624 0000 08B5     		push	{r3, lr}
 625              		.cfi_def_cfa_offset 8
 626              		.cfi_offset 3, -8
 627              		.cfi_offset 14, -4
 628              		.loc 1 174 0
 629 0002 FFF7FEFF 		bl	lcdGPIOInit
 630              		.loc 1 177 0
 631 0006 3220     		movs	r0, #50
 632 0008 FFF7FEFF 		bl	chThdSleep
 633              		.loc 1 180 0
 634 000c 0320     		movs	r0, #3
 635 000e 0021     		movs	r1, #0
 636 0010 FFF7FEFF 		bl	lcdNibble
 637              		.loc 1 181 0
 638 0014 0A20     		movs	r0, #10
 639 0016 FFF7FEFF 		bl	chThdSleep
 640              		.loc 1 184 0
 641 001a 0320     		movs	r0, #3
 642 001c 0021     		movs	r1, #0
 643 001e FFF7FEFF 		bl	lcdNibble
 644              		.loc 1 187 0
 645 0022 4FF4FA70 		mov	r0, #500
 646 0026 FFF7FEFF 		bl	gptDelayUs
 647              		.loc 1 190 0
 648 002a 0320     		movs	r0, #3
 649 002c 0021     		movs	r1, #0
 650 002e FFF7FEFF 		bl	lcdNibble
 651              		.loc 1 193 0
 652 0032 0220     		movs	r0, #2
 653 0034 0021     		movs	r1, #0
 654 0036 FFF7FEFF 		bl	lcdNibble
 655              		.loc 1 196 0
 656 003a 0820     		movs	r0, #8
 657 003c 0021     		movs	r1, #0
 658 003e FFF7FEFF 		bl	lcdNibble
 659              		.loc 1 197 0
 660 0042 0220     		movs	r0, #2
 661 0044 0021     		movs	r1, #0
 662 0046 FFF7FEFF 		bl	lcdNibble
 663              		.loc 1 198 0
 664 004a 3220     		movs	r0, #50
 665 004c FFF7FEFF 		bl	gptDelayUs
 666              		.loc 1 201 0
 667 0050 0020     		movs	r0, #0
ARM GAS  c:\Tmp\ccXx8mKG.s 			page 13


 668 0052 0021     		movs	r1, #0
 669 0054 FFF7FEFF 		bl	lcdNibble
 670              		.loc 1 202 0
 671 0058 0E20     		movs	r0, #14
 672 005a 0021     		movs	r1, #0
 673 005c FFF7FEFF 		bl	lcdNibble
 674              		.loc 1 203 0
 675 0060 3220     		movs	r0, #50
 676 0062 FFF7FEFF 		bl	gptDelayUs
 677              		.loc 1 206 0
 678 0066 0020     		movs	r0, #0
 679 0068 0021     		movs	r1, #0
 680 006a FFF7FEFF 		bl	lcdNibble
 681              		.loc 1 207 0
 682 006e 0120     		movs	r0, #1
 683 0070 0021     		movs	r1, #0
 684 0072 FFF7FEFF 		bl	lcdNibble
 685              		.loc 1 208 0
 686 0076 0520     		movs	r0, #5
 687 0078 FFF7FEFF 		bl	chThdSleep
 688              		.loc 1 211 0
 689 007c 0020     		movs	r0, #0
 690 007e 0021     		movs	r1, #0
 691 0080 FFF7FEFF 		bl	lcdNibble
 692              		.loc 1 212 0
 693 0084 0620     		movs	r0, #6
 694 0086 0021     		movs	r1, #0
 695 0088 FFF7FEFF 		bl	lcdNibble
 696              		.loc 1 213 0
 697 008c 3220     		movs	r0, #50
 698 008e FFF7FEFF 		bl	gptDelayUs
 699              		.loc 1 216 0
 700 0092 0820     		movs	r0, #8
 701 0094 0021     		movs	r1, #0
 702 0096 FFF7FEFF 		bl	lcdNibble
 703              		.loc 1 217 0
 704 009a 0020     		movs	r0, #0
 705 009c 0021     		movs	r1, #0
 706 009e FFF7FEFF 		bl	lcdNibble
 707              		.loc 1 218 0
 708 00a2 3220     		movs	r0, #50
 709 00a4 FFF7FEFF 		bl	gptDelayUs
 710              		.loc 1 221 0
 711 00a8 0420     		movs	r0, #4
 712 00aa 0121     		movs	r1, #1
 713 00ac FFF7FEFF 		bl	lcdNibble
 714              		.loc 1 222 0
 715 00b0 0F20     		movs	r0, #15
 716 00b2 0121     		movs	r1, #1
 717 00b4 FFF7FEFF 		bl	lcdNibble
 718              		.loc 1 223 0
 719 00b8 3220     		movs	r0, #50
 720 00ba FFF7FEFF 		bl	gptDelayUs
 721              		.loc 1 224 0
 722 00be 0420     		movs	r0, #4
 723 00c0 0121     		movs	r1, #1
 724 00c2 FFF7FEFF 		bl	lcdNibble
ARM GAS  c:\Tmp\ccXx8mKG.s 			page 14


 725              		.loc 1 225 0
 726 00c6 0B20     		movs	r0, #11
 727 00c8 0121     		movs	r1, #1
 728 00ca FFF7FEFF 		bl	lcdNibble
 729              		.loc 1 226 0
 730 00ce 3220     		movs	r0, #50
 731 00d0 FFF7FEFF 		bl	gptDelayUs
 732              		.loc 1 227 0
 733 00d4 08BD     		pop	{r3, pc}
 734              		.cfi_endproc
 735              	.LFE128:
 736              		.size	LCD_Init, .-LCD_Init
 737 00d6 00BFAFF3 		.text
 737      0080AFF3 
 737      0080
 738              	.Letext0:
 739              		.file 2 "c:\\stm32v2\\gnu-arm\\arm-none-eabi\\include\\machine\\_default_types.h"
 740              		.file 3 "c:\\stm32v2\\gnu-arm\\arm-none-eabi\\include\\stdint.h"
 741              		.file 4 "C:/STM32v2/ChibiOS_2.6.2/os/hal/platforms/STM32/GPIOv2/pal_lld.h"
 742              		.file 5 "C:/STM32v2/ChibiOS_2.6.2/os/ports/common/ARMCMx/CMSIS/include/core_cm4.h"
 743              		.section	.debug_info,"",%progbits
 744              	.Ldebug_info0:
 745 0000 D2030000 		.4byte	0x3d2
 746 0004 0400     		.2byte	0x4
 747 0006 00000000 		.4byte	.Ldebug_abbrev0
 748 000a 04       		.byte	0x4
 749 000b 01       		.uleb128 0x1
 750 000c 0D000000 		.4byte	.LASF51
 751 0010 01       		.byte	0x1
 752 0011 80020000 		.4byte	.LASF52
 753 0015 61010000 		.4byte	.LASF53
 754 0019 00000000 		.4byte	.Ldebug_ranges0+0
 755 001d 00000000 		.4byte	0
 756 0021 00000000 		.4byte	.Ldebug_line0
 757 0025 02       		.uleb128 0x2
 758 0026 04       		.byte	0x4
 759 0027 05       		.byte	0x5
 760 0028 696E7400 		.ascii	"int\000"
 761 002c 03       		.uleb128 0x3
 762 002d 04       		.byte	0x4
 763 002e 07       		.byte	0x7
 764 002f 40020000 		.4byte	.LASF0
 765 0033 03       		.uleb128 0x3
 766 0034 01       		.byte	0x1
 767 0035 06       		.byte	0x6
 768 0036 14020000 		.4byte	.LASF1
 769 003a 04       		.uleb128 0x4
 770 003b DB010000 		.4byte	.LASF4
 771 003f 02       		.byte	0x2
 772 0040 1C       		.byte	0x1c
 773 0041 45000000 		.4byte	0x45
 774 0045 03       		.uleb128 0x3
 775 0046 01       		.byte	0x1
 776 0047 08       		.byte	0x8
 777 0048 06020000 		.4byte	.LASF2
 778 004c 03       		.uleb128 0x3
 779 004d 02       		.byte	0x2
ARM GAS  c:\Tmp\ccXx8mKG.s 			page 15


 780 004e 05       		.byte	0x5
 781 004f 87010000 		.4byte	.LASF3
 782 0053 04       		.uleb128 0x4
 783 0054 46010000 		.4byte	.LASF5
 784 0058 02       		.byte	0x2
 785 0059 26       		.byte	0x26
 786 005a 5E000000 		.4byte	0x5e
 787 005e 03       		.uleb128 0x3
 788 005f 02       		.byte	0x2
 789 0060 07       		.byte	0x7
 790 0061 60020000 		.4byte	.LASF6
 791 0065 04       		.uleb128 0x4
 792 0066 0F030000 		.4byte	.LASF7
 793 006a 02       		.byte	0x2
 794 006b 37       		.byte	0x37
 795 006c 70000000 		.4byte	0x70
 796 0070 03       		.uleb128 0x3
 797 0071 04       		.byte	0x4
 798 0072 05       		.byte	0x5
 799 0073 AF010000 		.4byte	.LASF8
 800 0077 04       		.uleb128 0x4
 801 0078 3B010000 		.4byte	.LASF9
 802 007c 02       		.byte	0x2
 803 007d 38       		.byte	0x38
 804 007e 82000000 		.4byte	0x82
 805 0082 03       		.uleb128 0x3
 806 0083 04       		.byte	0x4
 807 0084 07       		.byte	0x7
 808 0085 CB020000 		.4byte	.LASF10
 809 0089 03       		.uleb128 0x3
 810 008a 08       		.byte	0x8
 811 008b 05       		.byte	0x5
 812 008c 91010000 		.4byte	.LASF11
 813 0090 03       		.uleb128 0x3
 814 0091 08       		.byte	0x8
 815 0092 07       		.byte	0x7
 816 0093 20020000 		.4byte	.LASF12
 817 0097 04       		.uleb128 0x4
 818 0098 73010000 		.4byte	.LASF13
 819 009c 03       		.byte	0x3
 820 009d 2A       		.byte	0x2a
 821 009e 3A000000 		.4byte	0x3a
 822 00a2 04       		.uleb128 0x4
 823 00a3 4D020000 		.4byte	.LASF14
 824 00a7 03       		.byte	0x3
 825 00a8 36       		.byte	0x36
 826 00a9 53000000 		.4byte	0x53
 827 00ad 04       		.uleb128 0x4
 828 00ae 78020000 		.4byte	.LASF15
 829 00b2 03       		.byte	0x3
 830 00b3 41       		.byte	0x41
 831 00b4 65000000 		.4byte	0x65
 832 00b8 04       		.uleb128 0x4
 833 00b9 37020000 		.4byte	.LASF16
 834 00bd 03       		.byte	0x3
 835 00be 42       		.byte	0x42
 836 00bf 77000000 		.4byte	0x77
ARM GAS  c:\Tmp\ccXx8mKG.s 			page 16


 837 00c3 03       		.uleb128 0x3
 838 00c4 01       		.byte	0x1
 839 00c5 02       		.byte	0x2
 840 00c6 96020000 		.4byte	.LASF17
 841 00ca 05       		.uleb128 0x5
 842 00cb B8000000 		.4byte	0xb8
 843 00cf 03       		.uleb128 0x3
 844 00d0 04       		.byte	0x4
 845 00d1 07       		.byte	0x7
 846 00d2 2B010000 		.4byte	.LASF18
 847 00d6 03       		.uleb128 0x3
 848 00d7 01       		.byte	0x1
 849 00d8 08       		.byte	0x8
 850 00d9 73020000 		.4byte	.LASF19
 851 00dd 05       		.uleb128 0x5
 852 00de AD000000 		.4byte	0xad
 853 00e2 06       		.uleb128 0x6
 854 00e3 04       		.byte	0x4
 855 00e4 04       		.byte	0x4
 856 00e5 96       		.byte	0x96
 857 00e6 03010000 		.4byte	0x103
 858 00ea 07       		.uleb128 0x7
 859 00eb 73657400 		.ascii	"set\000"
 860 00ef 04       		.byte	0x4
 861 00f0 97       		.byte	0x97
 862 00f1 A2000000 		.4byte	0xa2
 863 00f5 00       		.byte	0
 864 00f6 08       		.uleb128 0x8
 865 00f7 E5010000 		.4byte	.LASF20
 866 00fb 04       		.byte	0x4
 867 00fc 98       		.byte	0x98
 868 00fd A2000000 		.4byte	0xa2
 869 0101 02       		.byte	0x2
 870 0102 00       		.byte	0
 871 0103 09       		.uleb128 0x9
 872 0104 04       		.byte	0x4
 873 0105 04       		.byte	0x4
 874 0106 94       		.byte	0x94
 875 0107 1E010000 		.4byte	0x11e
 876 010b 0A       		.uleb128 0xa
 877 010c 5700     		.ascii	"W\000"
 878 010e 04       		.byte	0x4
 879 010f 95       		.byte	0x95
 880 0110 B8000000 		.4byte	0xb8
 881 0114 0A       		.uleb128 0xa
 882 0115 4800     		.ascii	"H\000"
 883 0117 04       		.byte	0x4
 884 0118 99       		.byte	0x99
 885 0119 E2000000 		.4byte	0xe2
 886 011d 00       		.byte	0
 887 011e 06       		.uleb128 0x6
 888 011f 28       		.byte	0x28
 889 0120 04       		.byte	0x4
 890 0121 8C       		.byte	0x8c
 891 0122 9F010000 		.4byte	0x19f
 892 0126 08       		.uleb128 0x8
 893 0127 C7010000 		.4byte	.LASF21
ARM GAS  c:\Tmp\ccXx8mKG.s 			page 17


 894 012b 04       		.byte	0x4
 895 012c 8E       		.byte	0x8e
 896 012d CA000000 		.4byte	0xca
 897 0131 00       		.byte	0
 898 0132 08       		.uleb128 0x8
 899 0133 7B010000 		.4byte	.LASF22
 900 0137 04       		.byte	0x4
 901 0138 8F       		.byte	0x8f
 902 0139 CA000000 		.4byte	0xca
 903 013d 04       		.byte	0x4
 904 013e 08       		.uleb128 0x8
 905 013f C3020000 		.4byte	.LASF23
 906 0143 04       		.byte	0x4
 907 0144 90       		.byte	0x90
 908 0145 CA000000 		.4byte	0xca
 909 0149 08       		.byte	0x8
 910 014a 08       		.uleb128 0x8
 911 014b 9F010000 		.4byte	.LASF24
 912 014f 04       		.byte	0x4
 913 0150 91       		.byte	0x91
 914 0151 CA000000 		.4byte	0xca
 915 0155 0C       		.byte	0xc
 916 0156 07       		.uleb128 0x7
 917 0157 49445200 		.ascii	"IDR\000"
 918 015b 04       		.byte	0x4
 919 015c 92       		.byte	0x92
 920 015d CA000000 		.4byte	0xca
 921 0161 10       		.byte	0x10
 922 0162 07       		.uleb128 0x7
 923 0163 4F445200 		.ascii	"ODR\000"
 924 0167 04       		.byte	0x4
 925 0168 93       		.byte	0x93
 926 0169 CA000000 		.4byte	0xca
 927 016d 14       		.byte	0x14
 928 016e 08       		.uleb128 0x8
 929 016f 5C010000 		.4byte	.LASF25
 930 0173 04       		.byte	0x4
 931 0174 9A       		.byte	0x9a
 932 0175 9F010000 		.4byte	0x19f
 933 0179 18       		.byte	0x18
 934 017a 08       		.uleb128 0x8
 935 017b 26030000 		.4byte	.LASF26
 936 017f 04       		.byte	0x4
 937 0180 9B       		.byte	0x9b
 938 0181 CA000000 		.4byte	0xca
 939 0185 1C       		.byte	0x1c
 940 0186 08       		.uleb128 0x8
 941 0187 5B020000 		.4byte	.LASF27
 942 018b 04       		.byte	0x4
 943 018c 9C       		.byte	0x9c
 944 018d CA000000 		.4byte	0xca
 945 0191 20       		.byte	0x20
 946 0192 08       		.uleb128 0x8
 947 0193 56020000 		.4byte	.LASF28
 948 0197 04       		.byte	0x4
 949 0198 9D       		.byte	0x9d
 950 0199 CA000000 		.4byte	0xca
ARM GAS  c:\Tmp\ccXx8mKG.s 			page 18


 951 019d 24       		.byte	0x24
 952 019e 00       		.byte	0
 953 019f 05       		.uleb128 0x5
 954 01a0 03010000 		.4byte	0x103
 955 01a4 04       		.uleb128 0x4
 956 01a5 00000000 		.4byte	.LASF29
 957 01a9 04       		.byte	0x4
 958 01aa 9E       		.byte	0x9e
 959 01ab 1E010000 		.4byte	0x11e
 960 01af 0B       		.uleb128 0xb
 961 01b0 04       		.byte	0x4
 962 01b1 A4010000 		.4byte	0x1a4
 963 01b5 0C       		.uleb128 0xc
 964 01b6 B1020000 		.4byte	.LASF36
 965 01ba 01       		.byte	0x1
 966 01bb 18       		.byte	0x18
 967 01bc 00000000 		.4byte	.LFB118
 968 01c0 96000000 		.4byte	.LFE118-.LFB118
 969 01c4 01       		.uleb128 0x1
 970 01c5 9C       		.byte	0x9c
 971 01c6 E7010000 		.4byte	0x1e7
 972 01ca 0D       		.uleb128 0xd
 973 01cb AC020000 		.4byte	.LASF30
 974 01cf 01       		.byte	0x1
 975 01d0 18       		.byte	0x18
 976 01d1 AF010000 		.4byte	0x1af
 977 01d5 02       		.uleb128 0x2
 978 01d6 91       		.byte	0x91
 979 01d7 7C       		.sleb128 -4
 980 01d8 0D       		.uleb128 0xd
 981 01d9 03030000 		.4byte	.LASF31
 982 01dd 01       		.byte	0x1
 983 01de 18       		.byte	0x18
 984 01df AD000000 		.4byte	0xad
 985 01e3 02       		.uleb128 0x2
 986 01e4 91       		.byte	0x91
 987 01e5 78       		.sleb128 -8
 988 01e6 00       		.byte	0
 989 01e7 0E       		.uleb128 0xe
 990 01e8 DD020000 		.4byte	.LASF33
 991 01ec 01       		.byte	0x1
 992 01ed 28       		.byte	0x28
 993 01ee 00000000 		.4byte	.LFB119
 994 01f2 50000000 		.4byte	.LFE119-.LFB119
 995 01f6 01       		.uleb128 0x1
 996 01f7 9C       		.byte	0x9c
 997 01f8 17020000 		.4byte	0x217
 998 01fc 0F       		.uleb128 0xf
 999 01fd 86020000 		.4byte	.LASF32
 1000 0201 01       		.byte	0x1
 1001 0202 29       		.byte	0x29
 1002 0203 17020000 		.4byte	0x217
 1003 0207 02       		.uleb128 0x2
 1004 0208 91       		.byte	0x91
 1005 0209 70       		.sleb128 -16
 1006 020a 10       		.uleb128 0x10
 1007 020b 6900     		.ascii	"i\000"
ARM GAS  c:\Tmp\ccXx8mKG.s 			page 19


 1008 020d 01       		.byte	0x1
 1009 020e 2B       		.byte	0x2b
 1010 020f 97000000 		.4byte	0x97
 1011 0213 02       		.uleb128 0x2
 1012 0214 91       		.byte	0x91
 1013 0215 77       		.sleb128 -9
 1014 0216 00       		.byte	0
 1015 0217 11       		.uleb128 0x11
 1016 0218 97000000 		.4byte	0x97
 1017 021c 27020000 		.4byte	0x227
 1018 0220 12       		.uleb128 0x12
 1019 0221 CF000000 		.4byte	0xcf
 1020 0225 06       		.byte	0x6
 1021 0226 00       		.byte	0
 1022 0227 0E       		.uleb128 0xe
 1023 0228 A5010000 		.4byte	.LASF34
 1024 022c 01       		.byte	0x1
 1025 022d 37       		.byte	0x37
 1026 022e 00000000 		.4byte	.LFB120
 1027 0232 68000000 		.4byte	.LFE120-.LFB120
 1028 0236 01       		.uleb128 0x1
 1029 0237 9C       		.byte	0x9c
 1030 0238 58020000 		.4byte	0x258
 1031 023c 0D       		.uleb128 0xd
 1032 023d EB010000 		.4byte	.LASF35
 1033 0241 01       		.byte	0x1
 1034 0242 37       		.byte	0x37
 1035 0243 AD000000 		.4byte	0xad
 1036 0247 02       		.uleb128 0x2
 1037 0248 91       		.byte	0x91
 1038 0249 74       		.sleb128 -12
 1039 024a 13       		.uleb128 0x13
 1040 024b 525300   		.ascii	"RS\000"
 1041 024e 01       		.byte	0x1
 1042 024f 37       		.byte	0x37
 1043 0250 AD000000 		.4byte	0xad
 1044 0254 02       		.uleb128 0x2
 1045 0255 91       		.byte	0x91
 1046 0256 70       		.sleb128 -16
 1047 0257 00       		.byte	0
 1048 0258 0C       		.uleb128 0xc
 1049 0259 CD010000 		.4byte	.LASF37
 1050 025d 01       		.byte	0x1
 1051 025e 56       		.byte	0x56
 1052 025f 00000000 		.4byte	.LFB121
 1053 0263 24000000 		.4byte	.LFE121-.LFB121
 1054 0267 01       		.uleb128 0x1
 1055 0268 9C       		.byte	0x9c
 1056 0269 7B020000 		.4byte	0x27b
 1057 026d 13       		.uleb128 0x13
 1058 026e 6F6E00   		.ascii	"on\000"
 1059 0271 01       		.byte	0x1
 1060 0272 56       		.byte	0x56
 1061 0273 AD000000 		.4byte	0xad
 1062 0277 02       		.uleb128 0x2
 1063 0278 91       		.byte	0x91
 1064 0279 7C       		.sleb128 -4
ARM GAS  c:\Tmp\ccXx8mKG.s 			page 20


 1065 027a 00       		.byte	0
 1066 027b 14       		.uleb128 0x14
 1067 027c F5010000 		.4byte	.LASF49
 1068 0280 01       		.byte	0x1
 1069 0281 61       		.byte	0x61
 1070 0282 00000000 		.4byte	.LFB122
 1071 0286 1C000000 		.4byte	.LFE122-.LFB122
 1072 028a 01       		.uleb128 0x1
 1073 028b 9C       		.byte	0x9c
 1074 028c 15       		.uleb128 0x15
 1075 028d 51010000 		.4byte	.LASF38
 1076 0291 01       		.byte	0x1
 1077 0292 6B       		.byte	0x6b
 1078 0293 00000000 		.4byte	.LFB123
 1079 0297 56000000 		.4byte	.LFE123-.LFB123
 1080 029b 01       		.uleb128 0x1
 1081 029c 9C       		.byte	0x9c
 1082 029d CC020000 		.4byte	0x2cc
 1083 02a1 0D       		.uleb128 0xd
 1084 02a2 82010000 		.4byte	.LASF39
 1085 02a6 01       		.byte	0x1
 1086 02a7 6B       		.byte	0x6b
 1087 02a8 AD000000 		.4byte	0xad
 1088 02ac 02       		.uleb128 0x2
 1089 02ad 91       		.byte	0x91
 1090 02ae 74       		.sleb128 -12
 1091 02af 0D       		.uleb128 0xd
 1092 02b0 9C020000 		.4byte	.LASF40
 1093 02b4 01       		.byte	0x1
 1094 02b5 6B       		.byte	0x6b
 1095 02b6 AD000000 		.4byte	0xad
 1096 02ba 02       		.uleb128 0x2
 1097 02bb 91       		.byte	0x91
 1098 02bc 70       		.sleb128 -16
 1099 02bd 0D       		.uleb128 0xd
 1100 02be 09030000 		.4byte	.LASF41
 1101 02c2 01       		.byte	0x1
 1102 02c3 6B       		.byte	0x6b
 1103 02c4 AD000000 		.4byte	0xad
 1104 02c8 02       		.uleb128 0x2
 1105 02c9 91       		.byte	0x91
 1106 02ca 6C       		.sleb128 -20
 1107 02cb 00       		.byte	0
 1108 02cc 15       		.uleb128 0x15
 1109 02cd E9020000 		.4byte	.LASF42
 1110 02d1 01       		.byte	0x1
 1111 02d2 78       		.byte	0x78
 1112 02d3 00000000 		.4byte	.LFB124
 1113 02d7 36000000 		.4byte	.LFE124-.LFB124
 1114 02db 01       		.uleb128 0x1
 1115 02dc 9C       		.byte	0x9c
 1116 02dd 0C030000 		.4byte	0x30c
 1117 02e1 13       		.uleb128 0x13
 1118 02e2 636F6C00 		.ascii	"col\000"
 1119 02e6 01       		.byte	0x1
 1120 02e7 78       		.byte	0x78
 1121 02e8 AD000000 		.4byte	0xad
ARM GAS  c:\Tmp\ccXx8mKG.s 			page 21


 1122 02ec 02       		.uleb128 0x2
 1123 02ed 91       		.byte	0x91
 1124 02ee 6C       		.sleb128 -20
 1125 02ef 13       		.uleb128 0x13
 1126 02f0 726F7700 		.ascii	"row\000"
 1127 02f4 01       		.byte	0x1
 1128 02f5 78       		.byte	0x78
 1129 02f6 AD000000 		.4byte	0xad
 1130 02fa 02       		.uleb128 0x2
 1131 02fb 91       		.byte	0x91
 1132 02fc 68       		.sleb128 -24
 1133 02fd 10       		.uleb128 0x10
 1134 02fe 6E756D00 		.ascii	"num\000"
 1135 0302 01       		.byte	0x1
 1136 0303 7A       		.byte	0x7a
 1137 0304 AD000000 		.4byte	0xad
 1138 0308 02       		.uleb128 0x2
 1139 0309 91       		.byte	0x91
 1140 030a 74       		.sleb128 -12
 1141 030b 00       		.byte	0
 1142 030c 15       		.uleb128 0x15
 1143 030d 2B030000 		.4byte	.LASF43
 1144 0311 01       		.byte	0x1
 1145 0312 87       		.byte	0x87
 1146 0313 00000000 		.4byte	.LFB125
 1147 0317 32000000 		.4byte	.LFE125-.LFB125
 1148 031b 01       		.uleb128 0x1
 1149 031c 9C       		.byte	0x9c
 1150 031d 30030000 		.4byte	0x330
 1151 0321 13       		.uleb128 0x13
 1152 0322 63617200 		.ascii	"car\000"
 1153 0326 01       		.byte	0x1
 1154 0327 87       		.byte	0x87
 1155 0328 D6000000 		.4byte	0xd6
 1156 032c 02       		.uleb128 0x2
 1157 032d 91       		.byte	0x91
 1158 032e 77       		.sleb128 -9
 1159 032f 00       		.byte	0
 1160 0330 15       		.uleb128 0x15
 1161 0331 B8010000 		.4byte	.LASF44
 1162 0335 01       		.byte	0x1
 1163 0336 8F       		.byte	0x8f
 1164 0337 00000000 		.4byte	.LFB126
 1165 033b 32000000 		.4byte	.LFE126-.LFB126
 1166 033f 01       		.uleb128 0x1
 1167 0340 9C       		.byte	0x9c
 1168 0341 60030000 		.4byte	0x360
 1169 0345 0D       		.uleb128 0xd
 1170 0346 34010000 		.4byte	.LASF45
 1171 034a 01       		.byte	0x1
 1172 034b 8F       		.byte	0x8f
 1173 034c 60030000 		.4byte	0x360
 1174 0350 02       		.uleb128 0x2
 1175 0351 91       		.byte	0x91
 1176 0352 6C       		.sleb128 -20
 1177 0353 10       		.uleb128 0x10
 1178 0354 6900     		.ascii	"i\000"
ARM GAS  c:\Tmp\ccXx8mKG.s 			page 22


 1179 0356 01       		.byte	0x1
 1180 0357 91       		.byte	0x91
 1181 0358 B8000000 		.4byte	0xb8
 1182 035c 02       		.uleb128 0x2
 1183 035d 91       		.byte	0x91
 1184 035e 74       		.sleb128 -12
 1185 035f 00       		.byte	0
 1186 0360 0B       		.uleb128 0xb
 1187 0361 04       		.byte	0x4
 1188 0362 D6000000 		.4byte	0xd6
 1189 0366 15       		.uleb128 0x15
 1190 0367 F4020000 		.4byte	.LASF46
 1191 036b 01       		.byte	0x1
 1192 036c 9A       		.byte	0x9a
 1193 036d 00000000 		.4byte	.LFB127
 1194 0371 46000000 		.4byte	.LFE127-.LFB127
 1195 0375 01       		.uleb128 0x1
 1196 0376 9C       		.byte	0x9c
 1197 0377 B2030000 		.4byte	0x3b2
 1198 037b 13       		.uleb128 0x13
 1199 037c 706F7300 		.ascii	"pos\000"
 1200 0380 01       		.byte	0x1
 1201 0381 9A       		.byte	0x9a
 1202 0382 AD000000 		.4byte	0xad
 1203 0386 02       		.uleb128 0x2
 1204 0387 91       		.byte	0x91
 1205 0388 6C       		.sleb128 -20
 1206 0389 0D       		.uleb128 0xd
 1207 038a 26010000 		.4byte	.LASF47
 1208 038e 01       		.byte	0x1
 1209 038f 9A       		.byte	0x9a
 1210 0390 B2030000 		.4byte	0x3b2
 1211 0394 02       		.uleb128 0x2
 1212 0395 91       		.byte	0x91
 1213 0396 68       		.sleb128 -24
 1214 0397 0F       		.uleb128 0xf
 1215 0398 A3020000 		.4byte	.LASF48
 1216 039c 01       		.byte	0x1
 1217 039d 9B       		.byte	0x9b
 1218 039e AD000000 		.4byte	0xad
 1219 03a2 02       		.uleb128 0x2
 1220 03a3 91       		.byte	0x91
 1221 03a4 70       		.sleb128 -16
 1222 03a5 10       		.uleb128 0x10
 1223 03a6 6900     		.ascii	"i\000"
 1224 03a8 01       		.byte	0x1
 1225 03a9 9E       		.byte	0x9e
 1226 03aa AD000000 		.4byte	0xad
 1227 03ae 02       		.uleb128 0x2
 1228 03af 91       		.byte	0x91
 1229 03b0 74       		.sleb128 -12
 1230 03b1 00       		.byte	0
 1231 03b2 0B       		.uleb128 0xb
 1232 03b3 04       		.byte	0x4
 1233 03b4 B8000000 		.4byte	0xb8
 1234 03b8 14       		.uleb128 0x14
 1235 03b9 8D020000 		.4byte	.LASF50
ARM GAS  c:\Tmp\ccXx8mKG.s 			page 23


 1236 03bd 01       		.byte	0x1
 1237 03be AC       		.byte	0xac
 1238 03bf 00000000 		.4byte	.LFB128
 1239 03c3 D6000000 		.4byte	.LFE128-.LFB128
 1240 03c7 01       		.uleb128 0x1
 1241 03c8 9C       		.byte	0x9c
 1242 03c9 16       		.uleb128 0x16
 1243 03ca 19030000 		.4byte	.LASF54
 1244 03ce 05       		.byte	0x5
 1245 03cf 9806     		.2byte	0x698
 1246 03d1 DD000000 		.4byte	0xdd
 1247 03d5 00       		.byte	0
 1248              		.section	.debug_abbrev,"",%progbits
 1249              	.Ldebug_abbrev0:
 1250 0000 01       		.uleb128 0x1
 1251 0001 11       		.uleb128 0x11
 1252 0002 01       		.byte	0x1
 1253 0003 25       		.uleb128 0x25
 1254 0004 0E       		.uleb128 0xe
 1255 0005 13       		.uleb128 0x13
 1256 0006 0B       		.uleb128 0xb
 1257 0007 03       		.uleb128 0x3
 1258 0008 0E       		.uleb128 0xe
 1259 0009 1B       		.uleb128 0x1b
 1260 000a 0E       		.uleb128 0xe
 1261 000b 55       		.uleb128 0x55
 1262 000c 17       		.uleb128 0x17
 1263 000d 11       		.uleb128 0x11
 1264 000e 01       		.uleb128 0x1
 1265 000f 10       		.uleb128 0x10
 1266 0010 17       		.uleb128 0x17
 1267 0011 00       		.byte	0
 1268 0012 00       		.byte	0
 1269 0013 02       		.uleb128 0x2
 1270 0014 24       		.uleb128 0x24
 1271 0015 00       		.byte	0
 1272 0016 0B       		.uleb128 0xb
 1273 0017 0B       		.uleb128 0xb
 1274 0018 3E       		.uleb128 0x3e
 1275 0019 0B       		.uleb128 0xb
 1276 001a 03       		.uleb128 0x3
 1277 001b 08       		.uleb128 0x8
 1278 001c 00       		.byte	0
 1279 001d 00       		.byte	0
 1280 001e 03       		.uleb128 0x3
 1281 001f 24       		.uleb128 0x24
 1282 0020 00       		.byte	0
 1283 0021 0B       		.uleb128 0xb
 1284 0022 0B       		.uleb128 0xb
 1285 0023 3E       		.uleb128 0x3e
 1286 0024 0B       		.uleb128 0xb
 1287 0025 03       		.uleb128 0x3
 1288 0026 0E       		.uleb128 0xe
 1289 0027 00       		.byte	0
 1290 0028 00       		.byte	0
 1291 0029 04       		.uleb128 0x4
 1292 002a 16       		.uleb128 0x16
ARM GAS  c:\Tmp\ccXx8mKG.s 			page 24


 1293 002b 00       		.byte	0
 1294 002c 03       		.uleb128 0x3
 1295 002d 0E       		.uleb128 0xe
 1296 002e 3A       		.uleb128 0x3a
 1297 002f 0B       		.uleb128 0xb
 1298 0030 3B       		.uleb128 0x3b
 1299 0031 0B       		.uleb128 0xb
 1300 0032 49       		.uleb128 0x49
 1301 0033 13       		.uleb128 0x13
 1302 0034 00       		.byte	0
 1303 0035 00       		.byte	0
 1304 0036 05       		.uleb128 0x5
 1305 0037 35       		.uleb128 0x35
 1306 0038 00       		.byte	0
 1307 0039 49       		.uleb128 0x49
 1308 003a 13       		.uleb128 0x13
 1309 003b 00       		.byte	0
 1310 003c 00       		.byte	0
 1311 003d 06       		.uleb128 0x6
 1312 003e 13       		.uleb128 0x13
 1313 003f 01       		.byte	0x1
 1314 0040 0B       		.uleb128 0xb
 1315 0041 0B       		.uleb128 0xb
 1316 0042 3A       		.uleb128 0x3a
 1317 0043 0B       		.uleb128 0xb
 1318 0044 3B       		.uleb128 0x3b
 1319 0045 0B       		.uleb128 0xb
 1320 0046 01       		.uleb128 0x1
 1321 0047 13       		.uleb128 0x13
 1322 0048 00       		.byte	0
 1323 0049 00       		.byte	0
 1324 004a 07       		.uleb128 0x7
 1325 004b 0D       		.uleb128 0xd
 1326 004c 00       		.byte	0
 1327 004d 03       		.uleb128 0x3
 1328 004e 08       		.uleb128 0x8
 1329 004f 3A       		.uleb128 0x3a
 1330 0050 0B       		.uleb128 0xb
 1331 0051 3B       		.uleb128 0x3b
 1332 0052 0B       		.uleb128 0xb
 1333 0053 49       		.uleb128 0x49
 1334 0054 13       		.uleb128 0x13
 1335 0055 38       		.uleb128 0x38
 1336 0056 0B       		.uleb128 0xb
 1337 0057 00       		.byte	0
 1338 0058 00       		.byte	0
 1339 0059 08       		.uleb128 0x8
 1340 005a 0D       		.uleb128 0xd
 1341 005b 00       		.byte	0
 1342 005c 03       		.uleb128 0x3
 1343 005d 0E       		.uleb128 0xe
 1344 005e 3A       		.uleb128 0x3a
 1345 005f 0B       		.uleb128 0xb
 1346 0060 3B       		.uleb128 0x3b
 1347 0061 0B       		.uleb128 0xb
 1348 0062 49       		.uleb128 0x49
 1349 0063 13       		.uleb128 0x13
ARM GAS  c:\Tmp\ccXx8mKG.s 			page 25


 1350 0064 38       		.uleb128 0x38
 1351 0065 0B       		.uleb128 0xb
 1352 0066 00       		.byte	0
 1353 0067 00       		.byte	0
 1354 0068 09       		.uleb128 0x9
 1355 0069 17       		.uleb128 0x17
 1356 006a 01       		.byte	0x1
 1357 006b 0B       		.uleb128 0xb
 1358 006c 0B       		.uleb128 0xb
 1359 006d 3A       		.uleb128 0x3a
 1360 006e 0B       		.uleb128 0xb
 1361 006f 3B       		.uleb128 0x3b
 1362 0070 0B       		.uleb128 0xb
 1363 0071 01       		.uleb128 0x1
 1364 0072 13       		.uleb128 0x13
 1365 0073 00       		.byte	0
 1366 0074 00       		.byte	0
 1367 0075 0A       		.uleb128 0xa
 1368 0076 0D       		.uleb128 0xd
 1369 0077 00       		.byte	0
 1370 0078 03       		.uleb128 0x3
 1371 0079 08       		.uleb128 0x8
 1372 007a 3A       		.uleb128 0x3a
 1373 007b 0B       		.uleb128 0xb
 1374 007c 3B       		.uleb128 0x3b
 1375 007d 0B       		.uleb128 0xb
 1376 007e 49       		.uleb128 0x49
 1377 007f 13       		.uleb128 0x13
 1378 0080 00       		.byte	0
 1379 0081 00       		.byte	0
 1380 0082 0B       		.uleb128 0xb
 1381 0083 0F       		.uleb128 0xf
 1382 0084 00       		.byte	0
 1383 0085 0B       		.uleb128 0xb
 1384 0086 0B       		.uleb128 0xb
 1385 0087 49       		.uleb128 0x49
 1386 0088 13       		.uleb128 0x13
 1387 0089 00       		.byte	0
 1388 008a 00       		.byte	0
 1389 008b 0C       		.uleb128 0xc
 1390 008c 2E       		.uleb128 0x2e
 1391 008d 01       		.byte	0x1
 1392 008e 3F       		.uleb128 0x3f
 1393 008f 19       		.uleb128 0x19
 1394 0090 03       		.uleb128 0x3
 1395 0091 0E       		.uleb128 0xe
 1396 0092 3A       		.uleb128 0x3a
 1397 0093 0B       		.uleb128 0xb
 1398 0094 3B       		.uleb128 0x3b
 1399 0095 0B       		.uleb128 0xb
 1400 0096 27       		.uleb128 0x27
 1401 0097 19       		.uleb128 0x19
 1402 0098 11       		.uleb128 0x11
 1403 0099 01       		.uleb128 0x1
 1404 009a 12       		.uleb128 0x12
 1405 009b 06       		.uleb128 0x6
 1406 009c 40       		.uleb128 0x40
ARM GAS  c:\Tmp\ccXx8mKG.s 			page 26


 1407 009d 18       		.uleb128 0x18
 1408 009e 9742     		.uleb128 0x2117
 1409 00a0 19       		.uleb128 0x19
 1410 00a1 01       		.uleb128 0x1
 1411 00a2 13       		.uleb128 0x13
 1412 00a3 00       		.byte	0
 1413 00a4 00       		.byte	0
 1414 00a5 0D       		.uleb128 0xd
 1415 00a6 05       		.uleb128 0x5
 1416 00a7 00       		.byte	0
 1417 00a8 03       		.uleb128 0x3
 1418 00a9 0E       		.uleb128 0xe
 1419 00aa 3A       		.uleb128 0x3a
 1420 00ab 0B       		.uleb128 0xb
 1421 00ac 3B       		.uleb128 0x3b
 1422 00ad 0B       		.uleb128 0xb
 1423 00ae 49       		.uleb128 0x49
 1424 00af 13       		.uleb128 0x13
 1425 00b0 02       		.uleb128 0x2
 1426 00b1 18       		.uleb128 0x18
 1427 00b2 00       		.byte	0
 1428 00b3 00       		.byte	0
 1429 00b4 0E       		.uleb128 0xe
 1430 00b5 2E       		.uleb128 0x2e
 1431 00b6 01       		.byte	0x1
 1432 00b7 03       		.uleb128 0x3
 1433 00b8 0E       		.uleb128 0xe
 1434 00b9 3A       		.uleb128 0x3a
 1435 00ba 0B       		.uleb128 0xb
 1436 00bb 3B       		.uleb128 0x3b
 1437 00bc 0B       		.uleb128 0xb
 1438 00bd 27       		.uleb128 0x27
 1439 00be 19       		.uleb128 0x19
 1440 00bf 11       		.uleb128 0x11
 1441 00c0 01       		.uleb128 0x1
 1442 00c1 12       		.uleb128 0x12
 1443 00c2 06       		.uleb128 0x6
 1444 00c3 40       		.uleb128 0x40
 1445 00c4 18       		.uleb128 0x18
 1446 00c5 9642     		.uleb128 0x2116
 1447 00c7 19       		.uleb128 0x19
 1448 00c8 01       		.uleb128 0x1
 1449 00c9 13       		.uleb128 0x13
 1450 00ca 00       		.byte	0
 1451 00cb 00       		.byte	0
 1452 00cc 0F       		.uleb128 0xf
 1453 00cd 34       		.uleb128 0x34
 1454 00ce 00       		.byte	0
 1455 00cf 03       		.uleb128 0x3
 1456 00d0 0E       		.uleb128 0xe
 1457 00d1 3A       		.uleb128 0x3a
 1458 00d2 0B       		.uleb128 0xb
 1459 00d3 3B       		.uleb128 0x3b
 1460 00d4 0B       		.uleb128 0xb
 1461 00d5 49       		.uleb128 0x49
 1462 00d6 13       		.uleb128 0x13
 1463 00d7 02       		.uleb128 0x2
ARM GAS  c:\Tmp\ccXx8mKG.s 			page 27


 1464 00d8 18       		.uleb128 0x18
 1465 00d9 00       		.byte	0
 1466 00da 00       		.byte	0
 1467 00db 10       		.uleb128 0x10
 1468 00dc 34       		.uleb128 0x34
 1469 00dd 00       		.byte	0
 1470 00de 03       		.uleb128 0x3
 1471 00df 08       		.uleb128 0x8
 1472 00e0 3A       		.uleb128 0x3a
 1473 00e1 0B       		.uleb128 0xb
 1474 00e2 3B       		.uleb128 0x3b
 1475 00e3 0B       		.uleb128 0xb
 1476 00e4 49       		.uleb128 0x49
 1477 00e5 13       		.uleb128 0x13
 1478 00e6 02       		.uleb128 0x2
 1479 00e7 18       		.uleb128 0x18
 1480 00e8 00       		.byte	0
 1481 00e9 00       		.byte	0
 1482 00ea 11       		.uleb128 0x11
 1483 00eb 01       		.uleb128 0x1
 1484 00ec 01       		.byte	0x1
 1485 00ed 49       		.uleb128 0x49
 1486 00ee 13       		.uleb128 0x13
 1487 00ef 01       		.uleb128 0x1
 1488 00f0 13       		.uleb128 0x13
 1489 00f1 00       		.byte	0
 1490 00f2 00       		.byte	0
 1491 00f3 12       		.uleb128 0x12
 1492 00f4 21       		.uleb128 0x21
 1493 00f5 00       		.byte	0
 1494 00f6 49       		.uleb128 0x49
 1495 00f7 13       		.uleb128 0x13
 1496 00f8 2F       		.uleb128 0x2f
 1497 00f9 0B       		.uleb128 0xb
 1498 00fa 00       		.byte	0
 1499 00fb 00       		.byte	0
 1500 00fc 13       		.uleb128 0x13
 1501 00fd 05       		.uleb128 0x5
 1502 00fe 00       		.byte	0
 1503 00ff 03       		.uleb128 0x3
 1504 0100 08       		.uleb128 0x8
 1505 0101 3A       		.uleb128 0x3a
 1506 0102 0B       		.uleb128 0xb
 1507 0103 3B       		.uleb128 0x3b
 1508 0104 0B       		.uleb128 0xb
 1509 0105 49       		.uleb128 0x49
 1510 0106 13       		.uleb128 0x13
 1511 0107 02       		.uleb128 0x2
 1512 0108 18       		.uleb128 0x18
 1513 0109 00       		.byte	0
 1514 010a 00       		.byte	0
 1515 010b 14       		.uleb128 0x14
 1516 010c 2E       		.uleb128 0x2e
 1517 010d 00       		.byte	0
 1518 010e 3F       		.uleb128 0x3f
 1519 010f 19       		.uleb128 0x19
 1520 0110 03       		.uleb128 0x3
ARM GAS  c:\Tmp\ccXx8mKG.s 			page 28


 1521 0111 0E       		.uleb128 0xe
 1522 0112 3A       		.uleb128 0x3a
 1523 0113 0B       		.uleb128 0xb
 1524 0114 3B       		.uleb128 0x3b
 1525 0115 0B       		.uleb128 0xb
 1526 0116 27       		.uleb128 0x27
 1527 0117 19       		.uleb128 0x19
 1528 0118 11       		.uleb128 0x11
 1529 0119 01       		.uleb128 0x1
 1530 011a 12       		.uleb128 0x12
 1531 011b 06       		.uleb128 0x6
 1532 011c 40       		.uleb128 0x40
 1533 011d 18       		.uleb128 0x18
 1534 011e 9642     		.uleb128 0x2116
 1535 0120 19       		.uleb128 0x19
 1536 0121 00       		.byte	0
 1537 0122 00       		.byte	0
 1538 0123 15       		.uleb128 0x15
 1539 0124 2E       		.uleb128 0x2e
 1540 0125 01       		.byte	0x1
 1541 0126 3F       		.uleb128 0x3f
 1542 0127 19       		.uleb128 0x19
 1543 0128 03       		.uleb128 0x3
 1544 0129 0E       		.uleb128 0xe
 1545 012a 3A       		.uleb128 0x3a
 1546 012b 0B       		.uleb128 0xb
 1547 012c 3B       		.uleb128 0x3b
 1548 012d 0B       		.uleb128 0xb
 1549 012e 27       		.uleb128 0x27
 1550 012f 19       		.uleb128 0x19
 1551 0130 11       		.uleb128 0x11
 1552 0131 01       		.uleb128 0x1
 1553 0132 12       		.uleb128 0x12
 1554 0133 06       		.uleb128 0x6
 1555 0134 40       		.uleb128 0x40
 1556 0135 18       		.uleb128 0x18
 1557 0136 9642     		.uleb128 0x2116
 1558 0138 19       		.uleb128 0x19
 1559 0139 01       		.uleb128 0x1
 1560 013a 13       		.uleb128 0x13
 1561 013b 00       		.byte	0
 1562 013c 00       		.byte	0
 1563 013d 16       		.uleb128 0x16
 1564 013e 34       		.uleb128 0x34
 1565 013f 00       		.byte	0
 1566 0140 03       		.uleb128 0x3
 1567 0141 0E       		.uleb128 0xe
 1568 0142 3A       		.uleb128 0x3a
 1569 0143 0B       		.uleb128 0xb
 1570 0144 3B       		.uleb128 0x3b
 1571 0145 05       		.uleb128 0x5
 1572 0146 49       		.uleb128 0x49
 1573 0147 13       		.uleb128 0x13
 1574 0148 3F       		.uleb128 0x3f
 1575 0149 19       		.uleb128 0x19
 1576 014a 3C       		.uleb128 0x3c
 1577 014b 19       		.uleb128 0x19
ARM GAS  c:\Tmp\ccXx8mKG.s 			page 29


 1578 014c 00       		.byte	0
 1579 014d 00       		.byte	0
 1580 014e 00       		.byte	0
 1581              		.section	.debug_aranges,"",%progbits
 1582 0000 6C000000 		.4byte	0x6c
 1583 0004 0200     		.2byte	0x2
 1584 0006 00000000 		.4byte	.Ldebug_info0
 1585 000a 04       		.byte	0x4
 1586 000b 00       		.byte	0
 1587 000c 0000     		.2byte	0
 1588 000e 0000     		.2byte	0
 1589 0010 00000000 		.4byte	.LFB118
 1590 0014 96000000 		.4byte	.LFE118-.LFB118
 1591 0018 00000000 		.4byte	.LFB119
 1592 001c 50000000 		.4byte	.LFE119-.LFB119
 1593 0020 00000000 		.4byte	.LFB120
 1594 0024 68000000 		.4byte	.LFE120-.LFB120
 1595 0028 00000000 		.4byte	.LFB121
 1596 002c 24000000 		.4byte	.LFE121-.LFB121
 1597 0030 00000000 		.4byte	.LFB122
 1598 0034 1C000000 		.4byte	.LFE122-.LFB122
 1599 0038 00000000 		.4byte	.LFB123
 1600 003c 56000000 		.4byte	.LFE123-.LFB123
 1601 0040 00000000 		.4byte	.LFB124
 1602 0044 36000000 		.4byte	.LFE124-.LFB124
 1603 0048 00000000 		.4byte	.LFB125
 1604 004c 32000000 		.4byte	.LFE125-.LFB125
 1605 0050 00000000 		.4byte	.LFB126
 1606 0054 32000000 		.4byte	.LFE126-.LFB126
 1607 0058 00000000 		.4byte	.LFB127
 1608 005c 46000000 		.4byte	.LFE127-.LFB127
 1609 0060 00000000 		.4byte	.LFB128
 1610 0064 D6000000 		.4byte	.LFE128-.LFB128
 1611 0068 00000000 		.4byte	0
 1612 006c 00000000 		.4byte	0
 1613              		.section	.debug_ranges,"",%progbits
 1614              	.Ldebug_ranges0:
 1615 0000 00000000 		.4byte	.LFB118
 1616 0004 96000000 		.4byte	.LFE118
 1617 0008 00000000 		.4byte	.LFB119
 1618 000c 50000000 		.4byte	.LFE119
 1619 0010 00000000 		.4byte	.LFB120
 1620 0014 68000000 		.4byte	.LFE120
 1621 0018 00000000 		.4byte	.LFB121
 1622 001c 24000000 		.4byte	.LFE121
 1623 0020 00000000 		.4byte	.LFB122
 1624 0024 1C000000 		.4byte	.LFE122
 1625 0028 00000000 		.4byte	.LFB123
 1626 002c 56000000 		.4byte	.LFE123
 1627 0030 00000000 		.4byte	.LFB124
 1628 0034 36000000 		.4byte	.LFE124
 1629 0038 00000000 		.4byte	.LFB125
 1630 003c 32000000 		.4byte	.LFE125
 1631 0040 00000000 		.4byte	.LFB126
 1632 0044 32000000 		.4byte	.LFE126
 1633 0048 00000000 		.4byte	.LFB127
 1634 004c 46000000 		.4byte	.LFE127
ARM GAS  c:\Tmp\ccXx8mKG.s 			page 30


 1635 0050 00000000 		.4byte	.LFB128
 1636 0054 D6000000 		.4byte	.LFE128
 1637 0058 00000000 		.4byte	0
 1638 005c 00000000 		.4byte	0
 1639              		.section	.debug_line,"",%progbits
 1640              	.Ldebug_line0:
 1641 0000 6C020000 		.section	.debug_str,"MS",%progbits,1
 1641      02002601 
 1641      00000201 
 1641      FB0E0D00 
 1641      01010101 
 1642              	.LASF29:
 1643 0000 4750494F 		.ascii	"GPIO_TypeDef\000"
 1643      5F547970 
 1643      65446566 
 1643      00
 1644              	.LASF51:
 1645 000d 474E5520 		.ascii	"GNU C 4.8.3 20140228 (release) [ARM/embedded-4_8-br"
 1645      4320342E 
 1645      382E3320 
 1645      32303134 
 1645      30323238 
 1646 0040 616E6368 		.ascii	"anch revision 208322] -mcpu=cortex-m4 -mfloat-abi=h"
 1646      20726576 
 1646      6973696F 
 1646      6E203230 
 1646      38333232 
 1647 0073 61726420 		.ascii	"ard -mfpu=fpv4-sp-d16 -mno-thumb-interwork -mthumb "
 1647      2D6D6670 
 1647      753D6670 
 1647      76342D73 
 1647      702D6431 
 1648 00a6 2D676764 		.ascii	"-ggdb -O0 -fomit-frame-pointer -falign-functions=16"
 1648      62202D4F 
 1648      30202D66 
 1648      6F6D6974 
 1648      2D667261 
 1649 00d9 202D6673 		.ascii	" -fsingle-precision-constant -ffunction-sections -f"
 1649      696E676C 
 1649      652D7072 
 1649      65636973 
 1649      696F6E2D 
 1650 010c 64617461 		.ascii	"data-sections -fno-common\000"
 1650      2D736563 
 1650      74696F6E 
 1650      73202D66 
 1650      6E6F2D63 
 1651              	.LASF47:
 1652 0126 64617461 		.ascii	"data\000"
 1652      00
 1653              	.LASF18:
 1654 012b 73697A65 		.ascii	"sizetype\000"
 1654      74797065 
 1654      00
 1655              	.LASF45:
 1656 0134 73747269 		.ascii	"string\000"
 1656      6E6700
ARM GAS  c:\Tmp\ccXx8mKG.s 			page 31


 1657              	.LASF9:
 1658 013b 5F5F7569 		.ascii	"__uint32_t\000"
 1658      6E743332 
 1658      5F7400
 1659              	.LASF5:
 1660 0146 5F5F7569 		.ascii	"__uint16_t\000"
 1660      6E743136 
 1660      5F7400
 1661              	.LASF38:
 1662 0151 4C43445F 		.ascii	"LCD_Config\000"
 1662      436F6E66 
 1662      696700
 1663              	.LASF25:
 1664 015c 42535252 		.ascii	"BSRR\000"
 1664      00
 1665              	.LASF53:
 1666 0161 4C3A5C53 		.ascii	"L:\\STM32\\Practica\000"
 1666      544D3332 
 1666      5C507261 
 1666      63746963 
 1666      6100
 1667              	.LASF13:
 1668 0173 75696E74 		.ascii	"uint8_t\000"
 1668      385F7400 
 1669              	.LASF22:
 1670 017b 4F545950 		.ascii	"OTYPER\000"
 1670      455200
 1671              	.LASF39:
 1672 0182 44697370 		.ascii	"Disp\000"
 1672      00
 1673              	.LASF3:
 1674 0187 73686F72 		.ascii	"short int\000"
 1674      7420696E 
 1674      7400
 1675              	.LASF11:
 1676 0191 6C6F6E67 		.ascii	"long long int\000"
 1676      206C6F6E 
 1676      6720696E 
 1676      7400
 1677              	.LASF24:
 1678 019f 50555044 		.ascii	"PUPDR\000"
 1678      5200
 1679              	.LASF34:
 1680 01a5 6C63644E 		.ascii	"lcdNibble\000"
 1680      6962626C 
 1680      6500
 1681              	.LASF8:
 1682 01af 6C6F6E67 		.ascii	"long int\000"
 1682      20696E74 
 1682      00
 1683              	.LASF44:
 1684 01b8 4C43445F 		.ascii	"LCD_SendString\000"
 1684      53656E64 
 1684      53747269 
 1684      6E6700
 1685              	.LASF21:
 1686 01c7 4D4F4445 		.ascii	"MODER\000"
ARM GAS  c:\Tmp\ccXx8mKG.s 			page 32


 1686      5200
 1687              	.LASF37:
 1688 01cd 4C43445F 		.ascii	"LCD_Backlight\000"
 1688      4261636B 
 1688      6C696768 
 1688      7400
 1689              	.LASF4:
 1690 01db 5F5F7569 		.ascii	"__uint8_t\000"
 1690      6E74385F 
 1690      7400
 1691              	.LASF20:
 1692 01e5 636C6561 		.ascii	"clear\000"
 1692      7200
 1693              	.LASF35:
 1694 01eb 6E696262 		.ascii	"nibbleCmd\000"
 1694      6C65436D 
 1694      6400
 1695              	.LASF49:
 1696 01f5 4C43445F 		.ascii	"LCD_ClearDisplay\000"
 1696      436C6561 
 1696      72446973 
 1696      706C6179 
 1696      00
 1697              	.LASF2:
 1698 0206 756E7369 		.ascii	"unsigned char\000"
 1698      676E6564 
 1698      20636861 
 1698      7200
 1699              	.LASF1:
 1700 0214 7369676E 		.ascii	"signed char\000"
 1700      65642063 
 1700      68617200 
 1701              	.LASF12:
 1702 0220 6C6F6E67 		.ascii	"long long unsigned int\000"
 1702      206C6F6E 
 1702      6720756E 
 1702      7369676E 
 1702      65642069 
 1703              	.LASF16:
 1704 0237 75696E74 		.ascii	"uint32_t\000"
 1704      33325F74 
 1704      00
 1705              	.LASF0:
 1706 0240 756E7369 		.ascii	"unsigned int\000"
 1706      676E6564 
 1706      20696E74 
 1706      00
 1707              	.LASF14:
 1708 024d 75696E74 		.ascii	"uint16_t\000"
 1708      31365F74 
 1708      00
 1709              	.LASF28:
 1710 0256 41465248 		.ascii	"AFRH\000"
 1710      00
 1711              	.LASF27:
 1712 025b 4146524C 		.ascii	"AFRL\000"
 1712      00
ARM GAS  c:\Tmp\ccXx8mKG.s 			page 33


 1713              	.LASF6:
 1714 0260 73686F72 		.ascii	"short unsigned int\000"
 1714      7420756E 
 1714      7369676E 
 1714      65642069 
 1714      6E7400
 1715              	.LASF19:
 1716 0273 63686172 		.ascii	"char\000"
 1716      00
 1717              	.LASF15:
 1718 0278 696E7433 		.ascii	"int32_t\000"
 1718      325F7400 
 1719              	.LASF52:
 1720 0280 6C63642E 		.ascii	"lcd.c\000"
 1720      6300
 1721              	.LASF32:
 1722 0286 6C696E69 		.ascii	"linies\000"
 1722      657300
 1723              	.LASF50:
 1724 028d 4C43445F 		.ascii	"LCD_Init\000"
 1724      496E6974 
 1724      00
 1725              	.LASF17:
 1726 0296 5F426F6F 		.ascii	"_Bool\000"
 1726      6C00
 1727              	.LASF40:
 1728 029c 43757273 		.ascii	"Cursor\000"
 1728      6F7200
 1729              	.LASF48:
 1730 02a3 63617261 		.ascii	"caracter\000"
 1730      63746572 
 1730      00
 1731              	.LASF30:
 1732 02ac 706F7274 		.ascii	"port\000"
 1732      00
 1733              	.LASF36:
 1734 02b1 4750494F 		.ascii	"GPIO_ModePushPull\000"
 1734      5F4D6F64 
 1734      65507573 
 1734      6850756C 
 1734      6C00
 1735              	.LASF23:
 1736 02c3 4F535045 		.ascii	"OSPEEDR\000"
 1736      45445200 
 1737              	.LASF10:
 1738 02cb 6C6F6E67 		.ascii	"long unsigned int\000"
 1738      20756E73 
 1738      69676E65 
 1738      6420696E 
 1738      7400
 1739              	.LASF33:
 1740 02dd 6C636447 		.ascii	"lcdGPIOInit\000"
 1740      50494F49 
 1740      6E697400 
 1741              	.LASF42:
 1742 02e9 4C43445F 		.ascii	"LCD_GotoXY\000"
 1742      476F746F 
ARM GAS  c:\Tmp\ccXx8mKG.s 			page 34


 1742      585900
 1743              	.LASF46:
 1744 02f4 4C43445F 		.ascii	"LCD_CustomChar\000"
 1744      43757374 
 1744      6F6D4368 
 1744      617200
 1745              	.LASF31:
 1746 0303 6C696E69 		.ascii	"linia\000"
 1746      6100
 1747              	.LASF41:
 1748 0309 426C696E 		.ascii	"Blink\000"
 1748      6B00
 1749              	.LASF7:
 1750 030f 5F5F696E 		.ascii	"__int32_t\000"
 1750      7433325F 
 1750      7400
 1751              	.LASF54:
 1752 0319 49544D5F 		.ascii	"ITM_RxBuffer\000"
 1752      52784275 
 1752      66666572 
 1752      00
 1753              	.LASF26:
 1754 0326 4C434B52 		.ascii	"LCKR\000"
 1754      00
 1755              	.LASF43:
 1756 032b 4C43445F 		.ascii	"LCD_SendChar\000"
 1756      53656E64 
 1756      43686172 
 1756      00
 1757              		.ident	"GCC: (GNU Tools for ARM Embedded Processors) 4.8.3 20140228 (release) [ARM/embedded-4_8-br
ARM GAS  c:\Tmp\ccXx8mKG.s 			page 35


DEFINED SYMBOLS
                            *ABS*:00000000 lcd.c
   c:\Tmp\ccXx8mKG.s:21     .text.GPIO_ModePushPull:00000000 $t
   c:\Tmp\ccXx8mKG.s:27     .text.GPIO_ModePushPull:00000000 GPIO_ModePushPull
   c:\Tmp\ccXx8mKG.s:115    .rodata:00000000 $d
   c:\Tmp\ccXx8mKG.s:125    .text.lcdGPIOInit:00000000 $t
   c:\Tmp\ccXx8mKG.s:130    .text.lcdGPIOInit:00000000 lcdGPIOInit
   c:\Tmp\ccXx8mKG.s:179    .text.lcdGPIOInit:00000048 $d
   c:\Tmp\ccXx8mKG.s:185    .text.lcdNibble:00000000 $t
   c:\Tmp\ccXx8mKG.s:190    .text.lcdNibble:00000000 lcdNibble
   c:\Tmp\ccXx8mKG.s:257    .text.lcdNibble:00000064 $d
   c:\Tmp\ccXx8mKG.s:262    .text.LCD_Backlight:00000000 $t
   c:\Tmp\ccXx8mKG.s:268    .text.LCD_Backlight:00000000 LCD_Backlight
   c:\Tmp\ccXx8mKG.s:300    .text.LCD_Backlight:00000020 $d
   c:\Tmp\ccXx8mKG.s:305    .text.LCD_ClearDisplay:00000000 $t
   c:\Tmp\ccXx8mKG.s:311    .text.LCD_ClearDisplay:00000000 LCD_ClearDisplay
   c:\Tmp\ccXx8mKG.s:338    .text.LCD_Config:00000000 $t
   c:\Tmp\ccXx8mKG.s:344    .text.LCD_Config:00000000 LCD_Config
   c:\Tmp\ccXx8mKG.s:409    .text.LCD_GotoXY:00000000 $t
   c:\Tmp\ccXx8mKG.s:415    .text.LCD_GotoXY:00000000 LCD_GotoXY
   c:\Tmp\ccXx8mKG.s:459    .text.LCD_SendChar:00000000 $t
   c:\Tmp\ccXx8mKG.s:465    .text.LCD_SendChar:00000000 LCD_SendChar
   c:\Tmp\ccXx8mKG.s:501    .text.LCD_SendString:00000000 $t
   c:\Tmp\ccXx8mKG.s:507    .text.LCD_SendString:00000000 LCD_SendString
   c:\Tmp\ccXx8mKG.s:552    .text.LCD_CustomChar:00000000 $t
   c:\Tmp\ccXx8mKG.s:558    .text.LCD_CustomChar:00000000 LCD_CustomChar
   c:\Tmp\ccXx8mKG.s:612    .text.LCD_Init:00000000 $t
   c:\Tmp\ccXx8mKG.s:618    .text.LCD_Init:00000000 LCD_Init
                     .debug_frame:00000010 $d
   c:\Tmp\ccXx8mKG.s:261    .text.lcdNibble:00000068 $t
   c:\Tmp\ccXx8mKG.s:304    .text.LCD_Backlight:00000024 $t

UNDEFINED SYMBOLS
gptDelayUs
chThdSleep
