ARM GAS  c:\Tmp\ccbWgRj7.s 			page 1


   1              		.syntax unified
   2              		.cpu cortex-m4
   3              		.eabi_attribute 27, 3
   4              		.eabi_attribute 28, 1
   5              		.fpu fpv4-sp-d16
   6              		.eabi_attribute 20, 1
   7              		.eabi_attribute 21, 1
   8              		.eabi_attribute 23, 3
   9              		.eabi_attribute 24, 1
  10              		.eabi_attribute 25, 1
  11              		.eabi_attribute 26, 1
  12              		.eabi_attribute 30, 6
  13              		.eabi_attribute 34, 1
  14              		.eabi_attribute 18, 4
  15              		.thumb
  16              		.file	"main.c"
  17              		.text
  18              	.Ltext0:
  19              		.cfi_sections	.debug_frame
  20              		.section	.rodata
  21              		.align	2
  22              	.LC0:
  23 0000 2A00     		.ascii	"*\000"
  24 0002 0000     		.section	.text.displayAccel,"ax",%progbits
  25              		.align	2
  26              		.p2align 4,,15
  27              		.global	displayAccel
  28              		.thumb
  29              		.thumb_func
  30              		.type	displayAccel, %function
  31              	displayAccel:
  32              	.LFB118:
  33              		.file 1 "main.c"
  34              		.loc 1 44 0
  35              		.cfi_startproc
  36              		@ args = 0, pretend = 0, frame = 32
  37              		@ frame_needed = 0, uses_anonymous_args = 0
  38 0000 00B5     		push	{lr}
  39              		.cfi_def_cfa_offset 4
  40              		.cfi_offset 14, -4
  41 0002 89B0     		sub	sp, sp, #36
  42              		.cfi_def_cfa_offset 40
  43 0004 0190     		str	r0, [sp, #4]
  44 0006 0091     		str	r1, [sp]
  45              		.loc 1 46 0
  46 0008 2323     		movs	r3, #35
  47 000a 0793     		str	r3, [sp, #28]
  48              		.loc 1 47 0
  49 000c 6FF02203 		mvn	r3, #34
  50 0010 0693     		str	r3, [sp, #24]
  51              		.loc 1 48 0
  52 0012 2323     		movs	r3, #35
  53 0014 0593     		str	r3, [sp, #20]
  54              		.loc 1 49 0
  55 0016 6FF02203 		mvn	r3, #34
  56 001a 0493     		str	r3, [sp, #16]
  57              		.loc 1 52 0
ARM GAS  c:\Tmp\ccbWgRj7.s 			page 2


  58 001c 019A     		ldr	r2, [sp, #4]
  59 001e 079B     		ldr	r3, [sp, #28]
  60 0020 9A42     		cmp	r2, r3
  61 0022 02DD     		ble	.L2
  62              		.loc 1 53 0
  63 0024 079B     		ldr	r3, [sp, #28]
  64 0026 0193     		str	r3, [sp, #4]
  65 0028 05E0     		b	.L3
  66              	.L2:
  67              		.loc 1 54 0
  68 002a 019A     		ldr	r2, [sp, #4]
  69 002c 069B     		ldr	r3, [sp, #24]
  70 002e 9A42     		cmp	r2, r3
  71 0030 01DA     		bge	.L3
  72              		.loc 1 55 0
  73 0032 069B     		ldr	r3, [sp, #24]
  74 0034 0193     		str	r3, [sp, #4]
  75              	.L3:
  76              		.loc 1 57 0
  77 0036 009A     		ldr	r2, [sp]
  78 0038 059B     		ldr	r3, [sp, #20]
  79 003a 9A42     		cmp	r2, r3
  80 003c 02DD     		ble	.L4
  81              		.loc 1 58 0
  82 003e 059B     		ldr	r3, [sp, #20]
  83 0040 0093     		str	r3, [sp]
  84 0042 05E0     		b	.L5
  85              	.L4:
  86              		.loc 1 59 0
  87 0044 009A     		ldr	r2, [sp]
  88 0046 049B     		ldr	r3, [sp, #16]
  89 0048 9A42     		cmp	r2, r3
  90 004a 01DA     		bge	.L5
  91              		.loc 1 60 0
  92 004c 049B     		ldr	r3, [sp, #16]
  93 004e 0093     		str	r3, [sp]
  94              	.L5:
  95              		.loc 1 64 0
  96 0050 019A     		ldr	r2, [sp, #4]
  97 0052 1346     		mov	r3, r2
  98 0054 DB00     		lsls	r3, r3, #3
  99 0056 9A1A     		subs	r2, r3, r2
 100 0058 079B     		ldr	r3, [sp, #28]
 101 005a 92FBF3F3 		sdiv	r3, r2, r3
 102 005e 0733     		adds	r3, r3, #7
 103 0060 0393     		str	r3, [sp, #12]
 104              		.loc 1 65 0
 105 0062 009A     		ldr	r2, [sp]
 106 0064 1346     		mov	r3, r2
 107 0066 DB00     		lsls	r3, r3, #3
 108 0068 9A1A     		subs	r2, r3, r2
 109 006a 059B     		ldr	r3, [sp, #20]
 110 006c 92FBF3F3 		sdiv	r3, r2, r3
 111 0070 0733     		adds	r3, r3, #7
 112 0072 0293     		str	r3, [sp, #8]
 113              		.loc 1 66 0
 114 0074 0398     		ldr	r0, [sp, #12]
ARM GAS  c:\Tmp\ccbWgRj7.s 			page 3


 115 0076 0021     		movs	r1, #0
 116 0078 FFF7FEFF 		bl	LCD_GotoXY
 117              		.loc 1 67 0
 118 007c 0648     		ldr	r0, .L6
 119 007e FFF7FEFF 		bl	LCD_SendString
 120              		.loc 1 68 0
 121 0082 0298     		ldr	r0, [sp, #8]
 122 0084 0121     		movs	r1, #1
 123 0086 FFF7FEFF 		bl	LCD_GotoXY
 124              		.loc 1 69 0
 125 008a 0348     		ldr	r0, .L6
 126 008c FFF7FEFF 		bl	LCD_SendString
 127              		.loc 1 70 0
 128 0090 09B0     		add	sp, sp, #36
 129              		@ sp needed
 130 0092 5DF804FB 		ldr	pc, [sp], #4
 131              	.L7:
 132 0096 00BF     		.align	2
 133              	.L6:
 134 0098 00000000 		.word	.LC0
 135              		.cfi_endproc
 136              	.LFE118:
 137              		.size	displayAccel, .-displayAccel
 138 009c AFF30080 		.section	.text.main,"ax",%progbits
 139              		.align	2
 140              		.p2align 4,,15
 141              		.global	main
 142              		.thumb
 143              		.thumb_func
 144              		.type	main, %function
 145              	main:
 146              	.LFB119:
 147              		.loc 1 72 0
 148              		.cfi_startproc
 149              		@ args = 0, pretend = 0, frame = 32
 150              		@ frame_needed = 1, uses_anonymous_args = 0
 151 0000 2DE9B043 		push	{r4, r5, r7, r8, r9, lr}
 152              		.cfi_def_cfa_offset 24
 153              		.cfi_offset 4, -24
 154              		.cfi_offset 5, -20
 155              		.cfi_offset 7, -16
 156              		.cfi_offset 8, -12
 157              		.cfi_offset 9, -8
 158              		.cfi_offset 14, -4
 159 0004 88B0     		sub	sp, sp, #32
 160              		.cfi_def_cfa_offset 56
 161 0006 00AF     		add	r7, sp, #0
 162              		.cfi_def_cfa_register 7
 163              		.loc 1 73 0
 164 0008 FFF7FEFF 		bl	baseInit
 165              		.loc 1 74 0
 166 000c FFF7FEFF 		bl	LCD_Init
 167              		.loc 1 75 0
 168 0010 FFF7FEFF 		bl	initAccel
 169              		.loc 1 76 0
 170 0014 FFF7FEFF 		bl	LCD_ClearDisplay
 171              		.loc 1 77 0
ARM GAS  c:\Tmp\ccbWgRj7.s 			page 4


 172 0018 0120     		movs	r0, #1
 173 001a 0021     		movs	r1, #0
 174 001c 0022     		movs	r2, #0
 175 001e FFF7FEFF 		bl	LCD_Config
 176              		.loc 1 79 0
 177 0022 FFF7FEFF 		bl	LCD_ClearDisplay
 178              		.loc 1 85 0
 179 0026 6423     		movs	r3, #100
 180 0028 3B61     		str	r3, [r7, #16]
 181              		.loc 1 87 0
 182 002a 3969     		ldr	r1, [r7, #16]
 183 002c 4B1E     		subs	r3, r1, #1
 184 002e FB60     		str	r3, [r7, #12]
 185 0030 0B46     		mov	r3, r1
 186 0032 1A46     		mov	r2, r3
 187 0034 4FF00003 		mov	r3, #0
 188 0038 4FEA8319 		lsl	r9, r3, #6
 189 003c 49EA9269 		orr	r9, r9, r2, lsr #26
 190 0040 4FEA8218 		lsl	r8, r2, #6
 191 0044 0B46     		mov	r3, r1
 192 0046 1A46     		mov	r2, r3
 193 0048 4FF00003 		mov	r3, #0
 194 004c 9D01     		lsls	r5, r3, #6
 195 004e 45EA9265 		orr	r5, r5, r2, lsr #26
 196 0052 9401     		lsls	r4, r2, #6
 197 0054 0B46     		mov	r3, r1
 198 0056 DB00     		lsls	r3, r3, #3
 199 0058 0333     		adds	r3, r3, #3
 200 005a 0733     		adds	r3, r3, #7
 201 005c DB08     		lsrs	r3, r3, #3
 202 005e DB00     		lsls	r3, r3, #3
 203 0060 ADEB030D 		sub	sp, sp, r3
 204 0064 6B46     		mov	r3, sp
 205 0066 0333     		adds	r3, r3, #3
 206 0068 9B08     		lsrs	r3, r3, #2
 207 006a 9B00     		lsls	r3, r3, #2
 208 006c BB60     		str	r3, [r7, #8]
 209              		.loc 1 89 0
 210 006e 2920     		movs	r0, #41
 211 0070 0121     		movs	r1, #1
 212 0072 FFF7FEFF 		bl	readAccel
 213 0076 7860     		str	r0, [r7, #4]
 214              		.loc 1 90 0
 215 0078 2B20     		movs	r0, #43
 216 007a 0121     		movs	r1, #1
 217 007c FFF7FEFF 		bl	readAccel
 218 0080 3860     		str	r0, [r7]
 219              		.loc 1 94 0
 220 0082 0720     		movs	r0, #7
 221 0084 0021     		movs	r1, #0
 222 0086 FFF7FEFF 		bl	LCD_GotoXY
 223              		.loc 1 95 0
 224 008a 2E48     		ldr	r0, .L14
 225 008c FFF7FEFF 		bl	LCD_SendString
 226              		.loc 1 96 0
 227 0090 0720     		movs	r0, #7
 228 0092 0121     		movs	r1, #1
ARM GAS  c:\Tmp\ccbWgRj7.s 			page 5


 229 0094 FFF7FEFF 		bl	LCD_GotoXY
 230              		.loc 1 97 0
 231 0098 2A48     		ldr	r0, .L14
 232 009a FFF7FEFF 		bl	LCD_SendString
 233              		.loc 1 99 0
 234 009e 4FF47A70 		mov	r0, #1000
 235 00a2 FFF7FEFF 		bl	chThdSleep
 236              	.L13:
 237              		.loc 1 102 0
 238 00a6 0023     		movs	r3, #0
 239 00a8 7B61     		str	r3, [r7, #20]
 240 00aa 15E0     		b	.L9
 241              	.L10:
 242              		.loc 1 103 0 discriminator 2
 243 00ac 2920     		movs	r0, #41
 244 00ae 0121     		movs	r1, #1
 245 00b0 FFF7FEFF 		bl	readAccel
 246 00b4 0146     		mov	r1, r0
 247 00b6 BB68     		ldr	r3, [r7, #8]
 248 00b8 7A69     		ldr	r2, [r7, #20]
 249 00ba 43F83210 		str	r1, [r3, r2, lsl #3]
 250              		.loc 1 104 0 discriminator 2
 251 00be 2B20     		movs	r0, #43
 252 00c0 0121     		movs	r1, #1
 253 00c2 FFF7FEFF 		bl	readAccel
 254 00c6 0246     		mov	r2, r0
 255 00c8 B968     		ldr	r1, [r7, #8]
 256 00ca 7B69     		ldr	r3, [r7, #20]
 257 00cc DB00     		lsls	r3, r3, #3
 258 00ce 0B44     		add	r3, r3, r1
 259 00d0 5A60     		str	r2, [r3, #4]
 260              		.loc 1 102 0 discriminator 2
 261 00d2 7B69     		ldr	r3, [r7, #20]
 262 00d4 0133     		adds	r3, r3, #1
 263 00d6 7B61     		str	r3, [r7, #20]
 264              	.L9:
 265              		.loc 1 102 0 is_stmt 0 discriminator 1
 266 00d8 7A69     		ldr	r2, [r7, #20]
 267 00da 3B69     		ldr	r3, [r7, #16]
 268 00dc 9A42     		cmp	r2, r3
 269 00de E5DB     		blt	.L10
 270              		.loc 1 107 0 is_stmt 1
 271 00e0 0023     		movs	r3, #0
 272 00e2 7B61     		str	r3, [r7, #20]
 273 00e4 15E0     		b	.L11
 274              	.L12:
 275              		.loc 1 108 0 discriminator 2
 276 00e6 BB68     		ldr	r3, [r7, #8]
 277 00e8 7A69     		ldr	r2, [r7, #20]
 278 00ea 53F83220 		ldr	r2, [r3, r2, lsl #3]
 279 00ee 7B68     		ldr	r3, [r7, #4]
 280 00f0 D31A     		subs	r3, r2, r3
 281 00f2 FA69     		ldr	r2, [r7, #28]
 282 00f4 1344     		add	r3, r3, r2
 283 00f6 FB61     		str	r3, [r7, #28]
 284              		.loc 1 109 0 discriminator 2
 285 00f8 BA68     		ldr	r2, [r7, #8]
ARM GAS  c:\Tmp\ccbWgRj7.s 			page 6


 286 00fa 7B69     		ldr	r3, [r7, #20]
 287 00fc DB00     		lsls	r3, r3, #3
 288 00fe 1344     		add	r3, r3, r2
 289 0100 5A68     		ldr	r2, [r3, #4]
 290 0102 3B68     		ldr	r3, [r7]
 291 0104 D31A     		subs	r3, r2, r3
 292 0106 BA69     		ldr	r2, [r7, #24]
 293 0108 1344     		add	r3, r3, r2
 294 010a BB61     		str	r3, [r7, #24]
 295              		.loc 1 107 0 discriminator 2
 296 010c 7B69     		ldr	r3, [r7, #20]
 297 010e 0133     		adds	r3, r3, #1
 298 0110 7B61     		str	r3, [r7, #20]
 299              	.L11:
 300              		.loc 1 107 0 is_stmt 0 discriminator 1
 301 0112 7A69     		ldr	r2, [r7, #20]
 302 0114 3B69     		ldr	r3, [r7, #16]
 303 0116 9A42     		cmp	r2, r3
 304 0118 E5DB     		blt	.L12
 305              		.loc 1 111 0 is_stmt 1
 306 011a FA69     		ldr	r2, [r7, #28]
 307 011c 3B69     		ldr	r3, [r7, #16]
 308 011e 92FBF3F3 		sdiv	r3, r2, r3
 309 0122 FB61     		str	r3, [r7, #28]
 310              		.loc 1 112 0
 311 0124 BA69     		ldr	r2, [r7, #24]
 312 0126 3B69     		ldr	r3, [r7, #16]
 313 0128 92FBF3F3 		sdiv	r3, r2, r3
 314 012c BB61     		str	r3, [r7, #24]
 315              		.loc 1 114 0
 316 012e 1420     		movs	r0, #20
 317 0130 FFF7FEFF 		bl	chThdSleep
 318              		.loc 1 115 0
 319 0134 FFF7FEFF 		bl	LCD_ClearDisplay
 320              		.loc 1 116 0
 321 0138 F869     		ldr	r0, [r7, #28]
 322 013a B969     		ldr	r1, [r7, #24]
 323 013c FFF7FEFF 		bl	displayAccel
 324              		.loc 1 118 0
 325 0140 B1E7     		b	.L13
 326              	.L15:
 327 0142 00BF     		.align	2
 328              	.L14:
 329 0144 00000000 		.word	.LC0
 330              		.cfi_endproc
 331              	.LFE119:
 332              		.size	main, .-main
 333 0148 AFF30080 		.text
 333      AFF30080 
 334              	.Letext0:
 335              		.file 2 "c:\\stm32v2\\gnu-arm\\arm-none-eabi\\include\\machine\\_default_types.h"
 336              		.file 3 "c:\\stm32v2\\gnu-arm\\arm-none-eabi\\include\\stdint.h"
 337              		.file 4 "C:/STM32v2/ChibiOS_2.6.2/os/ports/common/ARMCMx/CMSIS/include/core_cm4.h"
 338              		.section	.debug_info,"",%progbits
 339              	.Ldebug_info0:
 340 0000 B4010000 		.4byte	0x1b4
 341 0004 0400     		.2byte	0x4
ARM GAS  c:\Tmp\ccbWgRj7.s 			page 7


 342 0006 00000000 		.4byte	.Ldebug_abbrev0
 343 000a 04       		.byte	0x4
 344 000b 01       		.uleb128 0x1
 345 000c D6000000 		.4byte	.LASF23
 346 0010 01       		.byte	0x1
 347 0011 BD000000 		.4byte	.LASF24
 348 0015 C4000000 		.4byte	.LASF25
 349 0019 00000000 		.4byte	.Ldebug_ranges0+0
 350 001d 00000000 		.4byte	0
 351 0021 00000000 		.4byte	.Ldebug_line0
 352 0025 02       		.uleb128 0x2
 353 0026 04       		.byte	0x4
 354 0027 05       		.byte	0x5
 355 0028 696E7400 		.ascii	"int\000"
 356 002c 03       		.uleb128 0x3
 357 002d 04       		.byte	0x4
 358 002e 07       		.byte	0x7
 359 002f 82000000 		.4byte	.LASF0
 360 0033 03       		.uleb128 0x3
 361 0034 01       		.byte	0x1
 362 0035 06       		.byte	0x6
 363 0036 02020000 		.4byte	.LASF1
 364 003a 03       		.uleb128 0x3
 365 003b 01       		.byte	0x1
 366 003c 08       		.byte	0x8
 367 003d 6F000000 		.4byte	.LASF2
 368 0041 03       		.uleb128 0x3
 369 0042 02       		.byte	0x2
 370 0043 05       		.byte	0x5
 371 0044 EF010000 		.4byte	.LASF3
 372 0048 03       		.uleb128 0x3
 373 0049 02       		.byte	0x2
 374 004a 07       		.byte	0x7
 375 004b 19000000 		.4byte	.LASF4
 376 004f 04       		.uleb128 0x4
 377 0050 0F000000 		.4byte	.LASF9
 378 0054 02       		.byte	0x2
 379 0055 37       		.byte	0x37
 380 0056 5A000000 		.4byte	0x5a
 381 005a 03       		.uleb128 0x3
 382 005b 04       		.byte	0x4
 383 005c 05       		.byte	0x5
 384 005d F9010000 		.4byte	.LASF5
 385 0061 03       		.uleb128 0x3
 386 0062 04       		.byte	0x4
 387 0063 07       		.byte	0x7
 388 0064 50000000 		.4byte	.LASF6
 389 0068 03       		.uleb128 0x3
 390 0069 08       		.byte	0x8
 391 006a 05       		.byte	0x5
 392 006b AA000000 		.4byte	.LASF7
 393 006f 03       		.uleb128 0x3
 394 0070 08       		.byte	0x8
 395 0071 07       		.byte	0x7
 396 0072 14020000 		.4byte	.LASF8
 397 0076 04       		.uleb128 0x4
 398 0077 99000000 		.4byte	.LASF10
ARM GAS  c:\Tmp\ccbWgRj7.s 			page 8


 399 007b 03       		.byte	0x3
 400 007c 41       		.byte	0x41
 401 007d 4F000000 		.4byte	0x4f
 402 0081 03       		.uleb128 0x3
 403 0082 01       		.byte	0x1
 404 0083 02       		.byte	0x2
 405 0084 0E020000 		.4byte	.LASF11
 406 0088 03       		.uleb128 0x3
 407 0089 04       		.byte	0x4
 408 008a 07       		.byte	0x7
 409 008b A1000000 		.4byte	.LASF12
 410 008f 03       		.uleb128 0x3
 411 0090 01       		.byte	0x1
 412 0091 08       		.byte	0x8
 413 0092 94000000 		.4byte	.LASF13
 414 0096 05       		.uleb128 0x5
 415 0097 76000000 		.4byte	0x76
 416 009b 06       		.uleb128 0x6
 417 009c 43000000 		.4byte	.LASF26
 418 00a0 01       		.byte	0x1
 419 00a1 2C       		.byte	0x2c
 420 00a2 00000000 		.4byte	.LFB118
 421 00a6 9C000000 		.4byte	.LFE118-.LFB118
 422 00aa 01       		.uleb128 0x1
 423 00ab 9C       		.byte	0x9c
 424 00ac 1D010000 		.4byte	0x11d
 425 00b0 07       		.uleb128 0x7
 426 00b1 7800     		.ascii	"x\000"
 427 00b3 01       		.byte	0x1
 428 00b4 2C       		.byte	0x2c
 429 00b5 76000000 		.4byte	0x76
 430 00b9 02       		.uleb128 0x2
 431 00ba 91       		.byte	0x91
 432 00bb 5C       		.sleb128 -36
 433 00bc 07       		.uleb128 0x7
 434 00bd 7900     		.ascii	"y\000"
 435 00bf 01       		.byte	0x1
 436 00c0 2C       		.byte	0x2c
 437 00c1 76000000 		.4byte	0x76
 438 00c5 02       		.uleb128 0x2
 439 00c6 91       		.byte	0x91
 440 00c7 58       		.sleb128 -40
 441 00c8 08       		.uleb128 0x8
 442 00c9 34000000 		.4byte	.LASF14
 443 00cd 01       		.byte	0x1
 444 00ce 2D       		.byte	0x2d
 445 00cf 76000000 		.4byte	0x76
 446 00d3 02       		.uleb128 0x2
 447 00d4 91       		.byte	0x91
 448 00d5 74       		.sleb128 -12
 449 00d6 08       		.uleb128 0x8
 450 00d7 B8000000 		.4byte	.LASF15
 451 00db 01       		.byte	0x1
 452 00dc 2D       		.byte	0x2d
 453 00dd 76000000 		.4byte	0x76
 454 00e1 02       		.uleb128 0x2
 455 00e2 91       		.byte	0x91
ARM GAS  c:\Tmp\ccbWgRj7.s 			page 9


 456 00e3 70       		.sleb128 -16
 457 00e4 08       		.uleb128 0x8
 458 00e5 39000000 		.4byte	.LASF16
 459 00e9 01       		.byte	0x1
 460 00ea 2D       		.byte	0x2d
 461 00eb 76000000 		.4byte	0x76
 462 00ef 02       		.uleb128 0x2
 463 00f0 91       		.byte	0x91
 464 00f1 6C       		.sleb128 -20
 465 00f2 08       		.uleb128 0x8
 466 00f3 8F000000 		.4byte	.LASF17
 467 00f7 01       		.byte	0x1
 468 00f8 2D       		.byte	0x2d
 469 00f9 76000000 		.4byte	0x76
 470 00fd 02       		.uleb128 0x2
 471 00fe 91       		.byte	0x91
 472 00ff 68       		.sleb128 -24
 473 0100 08       		.uleb128 0x8
 474 0101 05000000 		.4byte	.LASF18
 475 0105 01       		.byte	0x1
 476 0106 40       		.byte	0x40
 477 0107 76000000 		.4byte	0x76
 478 010b 02       		.uleb128 0x2
 479 010c 91       		.byte	0x91
 480 010d 64       		.sleb128 -28
 481 010e 08       		.uleb128 0x8
 482 010f 0A000000 		.4byte	.LASF19
 483 0113 01       		.byte	0x1
 484 0114 41       		.byte	0x41
 485 0115 76000000 		.4byte	0x76
 486 0119 02       		.uleb128 0x2
 487 011a 91       		.byte	0x91
 488 011b 60       		.sleb128 -32
 489 011c 00       		.byte	0
 490 011d 09       		.uleb128 0x9
 491 011e 7D000000 		.4byte	.LASF27
 492 0122 01       		.byte	0x1
 493 0123 48       		.byte	0x48
 494 0124 25000000 		.4byte	0x25
 495 0128 00000000 		.4byte	.LFB119
 496 012c 48010000 		.4byte	.LFE119-.LFB119
 497 0130 01       		.uleb128 0x1
 498 0131 9C       		.byte	0x9c
 499 0132 92010000 		.4byte	0x192
 500 0136 0A       		.uleb128 0xa
 501 0137 7800     		.ascii	"x\000"
 502 0139 01       		.byte	0x1
 503 013a 51       		.byte	0x51
 504 013b 76000000 		.4byte	0x76
 505 013f 02       		.uleb128 0x2
 506 0140 91       		.byte	0x91
 507 0141 64       		.sleb128 -28
 508 0142 0A       		.uleb128 0xa
 509 0143 7900     		.ascii	"y\000"
 510 0145 01       		.byte	0x1
 511 0146 51       		.byte	0x51
 512 0147 76000000 		.4byte	0x76
ARM GAS  c:\Tmp\ccbWgRj7.s 			page 10


 513 014b 02       		.uleb128 0x2
 514 014c 91       		.byte	0x91
 515 014d 60       		.sleb128 -32
 516 014e 08       		.uleb128 0x8
 517 014f 00000000 		.4byte	.LASF20
 518 0153 01       		.byte	0x1
 519 0154 51       		.byte	0x51
 520 0155 76000000 		.4byte	0x76
 521 0159 02       		.uleb128 0x2
 522 015a 91       		.byte	0x91
 523 015b 4C       		.sleb128 -52
 524 015c 08       		.uleb128 0x8
 525 015d 3E000000 		.4byte	.LASF21
 526 0161 01       		.byte	0x1
 527 0162 51       		.byte	0x51
 528 0163 76000000 		.4byte	0x76
 529 0167 02       		.uleb128 0x2
 530 0168 91       		.byte	0x91
 531 0169 48       		.sleb128 -56
 532 016a 0A       		.uleb128 0xa
 533 016b 6900     		.ascii	"i\000"
 534 016d 01       		.byte	0x1
 535 016e 52       		.byte	0x52
 536 016f 76000000 		.4byte	0x76
 537 0173 02       		.uleb128 0x2
 538 0174 91       		.byte	0x91
 539 0175 5C       		.sleb128 -36
 540 0176 0A       		.uleb128 0xa
 541 0177 4E00     		.ascii	"N\000"
 542 0179 01       		.byte	0x1
 543 017a 55       		.byte	0x55
 544 017b 76000000 		.4byte	0x76
 545 017f 02       		.uleb128 0x2
 546 0180 91       		.byte	0x91
 547 0181 58       		.sleb128 -40
 548 0182 08       		.uleb128 0x8
 549 0183 2C000000 		.4byte	.LASF22
 550 0187 01       		.byte	0x1
 551 0188 57       		.byte	0x57
 552 0189 92010000 		.4byte	0x192
 553 018d 03       		.uleb128 0x3
 554 018e 91       		.byte	0x91
 555 018f 50       		.sleb128 -48
 556 0190 06       		.byte	0x6
 557 0191 00       		.byte	0
 558 0192 0B       		.uleb128 0xb
 559 0193 76000000 		.4byte	0x76
 560 0197 AB010000 		.4byte	0x1ab
 561 019b 0C       		.uleb128 0xc
 562 019c 88000000 		.4byte	0x88
 563 01a0 03       		.uleb128 0x3
 564 01a1 91       		.byte	0x91
 565 01a2 54       		.sleb128 -44
 566 01a3 06       		.byte	0x6
 567 01a4 0D       		.uleb128 0xd
 568 01a5 88000000 		.4byte	0x88
 569 01a9 01       		.byte	0x1
ARM GAS  c:\Tmp\ccbWgRj7.s 			page 11


 570 01aa 00       		.byte	0
 571 01ab 0E       		.uleb128 0xe
 572 01ac 62000000 		.4byte	.LASF28
 573 01b0 04       		.byte	0x4
 574 01b1 9806     		.2byte	0x698
 575 01b3 96000000 		.4byte	0x96
 576 01b7 00       		.byte	0
 577              		.section	.debug_abbrev,"",%progbits
 578              	.Ldebug_abbrev0:
 579 0000 01       		.uleb128 0x1
 580 0001 11       		.uleb128 0x11
 581 0002 01       		.byte	0x1
 582 0003 25       		.uleb128 0x25
 583 0004 0E       		.uleb128 0xe
 584 0005 13       		.uleb128 0x13
 585 0006 0B       		.uleb128 0xb
 586 0007 03       		.uleb128 0x3
 587 0008 0E       		.uleb128 0xe
 588 0009 1B       		.uleb128 0x1b
 589 000a 0E       		.uleb128 0xe
 590 000b 55       		.uleb128 0x55
 591 000c 17       		.uleb128 0x17
 592 000d 11       		.uleb128 0x11
 593 000e 01       		.uleb128 0x1
 594 000f 10       		.uleb128 0x10
 595 0010 17       		.uleb128 0x17
 596 0011 00       		.byte	0
 597 0012 00       		.byte	0
 598 0013 02       		.uleb128 0x2
 599 0014 24       		.uleb128 0x24
 600 0015 00       		.byte	0
 601 0016 0B       		.uleb128 0xb
 602 0017 0B       		.uleb128 0xb
 603 0018 3E       		.uleb128 0x3e
 604 0019 0B       		.uleb128 0xb
 605 001a 03       		.uleb128 0x3
 606 001b 08       		.uleb128 0x8
 607 001c 00       		.byte	0
 608 001d 00       		.byte	0
 609 001e 03       		.uleb128 0x3
 610 001f 24       		.uleb128 0x24
 611 0020 00       		.byte	0
 612 0021 0B       		.uleb128 0xb
 613 0022 0B       		.uleb128 0xb
 614 0023 3E       		.uleb128 0x3e
 615 0024 0B       		.uleb128 0xb
 616 0025 03       		.uleb128 0x3
 617 0026 0E       		.uleb128 0xe
 618 0027 00       		.byte	0
 619 0028 00       		.byte	0
 620 0029 04       		.uleb128 0x4
 621 002a 16       		.uleb128 0x16
 622 002b 00       		.byte	0
 623 002c 03       		.uleb128 0x3
 624 002d 0E       		.uleb128 0xe
 625 002e 3A       		.uleb128 0x3a
 626 002f 0B       		.uleb128 0xb
ARM GAS  c:\Tmp\ccbWgRj7.s 			page 12


 627 0030 3B       		.uleb128 0x3b
 628 0031 0B       		.uleb128 0xb
 629 0032 49       		.uleb128 0x49
 630 0033 13       		.uleb128 0x13
 631 0034 00       		.byte	0
 632 0035 00       		.byte	0
 633 0036 05       		.uleb128 0x5
 634 0037 35       		.uleb128 0x35
 635 0038 00       		.byte	0
 636 0039 49       		.uleb128 0x49
 637 003a 13       		.uleb128 0x13
 638 003b 00       		.byte	0
 639 003c 00       		.byte	0
 640 003d 06       		.uleb128 0x6
 641 003e 2E       		.uleb128 0x2e
 642 003f 01       		.byte	0x1
 643 0040 3F       		.uleb128 0x3f
 644 0041 19       		.uleb128 0x19
 645 0042 03       		.uleb128 0x3
 646 0043 0E       		.uleb128 0xe
 647 0044 3A       		.uleb128 0x3a
 648 0045 0B       		.uleb128 0xb
 649 0046 3B       		.uleb128 0x3b
 650 0047 0B       		.uleb128 0xb
 651 0048 27       		.uleb128 0x27
 652 0049 19       		.uleb128 0x19
 653 004a 11       		.uleb128 0x11
 654 004b 01       		.uleb128 0x1
 655 004c 12       		.uleb128 0x12
 656 004d 06       		.uleb128 0x6
 657 004e 40       		.uleb128 0x40
 658 004f 18       		.uleb128 0x18
 659 0050 9642     		.uleb128 0x2116
 660 0052 19       		.uleb128 0x19
 661 0053 01       		.uleb128 0x1
 662 0054 13       		.uleb128 0x13
 663 0055 00       		.byte	0
 664 0056 00       		.byte	0
 665 0057 07       		.uleb128 0x7
 666 0058 05       		.uleb128 0x5
 667 0059 00       		.byte	0
 668 005a 03       		.uleb128 0x3
 669 005b 08       		.uleb128 0x8
 670 005c 3A       		.uleb128 0x3a
 671 005d 0B       		.uleb128 0xb
 672 005e 3B       		.uleb128 0x3b
 673 005f 0B       		.uleb128 0xb
 674 0060 49       		.uleb128 0x49
 675 0061 13       		.uleb128 0x13
 676 0062 02       		.uleb128 0x2
 677 0063 18       		.uleb128 0x18
 678 0064 00       		.byte	0
 679 0065 00       		.byte	0
 680 0066 08       		.uleb128 0x8
 681 0067 34       		.uleb128 0x34
 682 0068 00       		.byte	0
 683 0069 03       		.uleb128 0x3
ARM GAS  c:\Tmp\ccbWgRj7.s 			page 13


 684 006a 0E       		.uleb128 0xe
 685 006b 3A       		.uleb128 0x3a
 686 006c 0B       		.uleb128 0xb
 687 006d 3B       		.uleb128 0x3b
 688 006e 0B       		.uleb128 0xb
 689 006f 49       		.uleb128 0x49
 690 0070 13       		.uleb128 0x13
 691 0071 02       		.uleb128 0x2
 692 0072 18       		.uleb128 0x18
 693 0073 00       		.byte	0
 694 0074 00       		.byte	0
 695 0075 09       		.uleb128 0x9
 696 0076 2E       		.uleb128 0x2e
 697 0077 01       		.byte	0x1
 698 0078 3F       		.uleb128 0x3f
 699 0079 19       		.uleb128 0x19
 700 007a 03       		.uleb128 0x3
 701 007b 0E       		.uleb128 0xe
 702 007c 3A       		.uleb128 0x3a
 703 007d 0B       		.uleb128 0xb
 704 007e 3B       		.uleb128 0x3b
 705 007f 0B       		.uleb128 0xb
 706 0080 27       		.uleb128 0x27
 707 0081 19       		.uleb128 0x19
 708 0082 49       		.uleb128 0x49
 709 0083 13       		.uleb128 0x13
 710 0084 11       		.uleb128 0x11
 711 0085 01       		.uleb128 0x1
 712 0086 12       		.uleb128 0x12
 713 0087 06       		.uleb128 0x6
 714 0088 40       		.uleb128 0x40
 715 0089 18       		.uleb128 0x18
 716 008a 9642     		.uleb128 0x2116
 717 008c 19       		.uleb128 0x19
 718 008d 01       		.uleb128 0x1
 719 008e 13       		.uleb128 0x13
 720 008f 00       		.byte	0
 721 0090 00       		.byte	0
 722 0091 0A       		.uleb128 0xa
 723 0092 34       		.uleb128 0x34
 724 0093 00       		.byte	0
 725 0094 03       		.uleb128 0x3
 726 0095 08       		.uleb128 0x8
 727 0096 3A       		.uleb128 0x3a
 728 0097 0B       		.uleb128 0xb
 729 0098 3B       		.uleb128 0x3b
 730 0099 0B       		.uleb128 0xb
 731 009a 49       		.uleb128 0x49
 732 009b 13       		.uleb128 0x13
 733 009c 02       		.uleb128 0x2
 734 009d 18       		.uleb128 0x18
 735 009e 00       		.byte	0
 736 009f 00       		.byte	0
 737 00a0 0B       		.uleb128 0xb
 738 00a1 01       		.uleb128 0x1
 739 00a2 01       		.byte	0x1
 740 00a3 49       		.uleb128 0x49
ARM GAS  c:\Tmp\ccbWgRj7.s 			page 14


 741 00a4 13       		.uleb128 0x13
 742 00a5 01       		.uleb128 0x1
 743 00a6 13       		.uleb128 0x13
 744 00a7 00       		.byte	0
 745 00a8 00       		.byte	0
 746 00a9 0C       		.uleb128 0xc
 747 00aa 21       		.uleb128 0x21
 748 00ab 00       		.byte	0
 749 00ac 49       		.uleb128 0x49
 750 00ad 13       		.uleb128 0x13
 751 00ae 2F       		.uleb128 0x2f
 752 00af 18       		.uleb128 0x18
 753 00b0 00       		.byte	0
 754 00b1 00       		.byte	0
 755 00b2 0D       		.uleb128 0xd
 756 00b3 21       		.uleb128 0x21
 757 00b4 00       		.byte	0
 758 00b5 49       		.uleb128 0x49
 759 00b6 13       		.uleb128 0x13
 760 00b7 2F       		.uleb128 0x2f
 761 00b8 0B       		.uleb128 0xb
 762 00b9 00       		.byte	0
 763 00ba 00       		.byte	0
 764 00bb 0E       		.uleb128 0xe
 765 00bc 34       		.uleb128 0x34
 766 00bd 00       		.byte	0
 767 00be 03       		.uleb128 0x3
 768 00bf 0E       		.uleb128 0xe
 769 00c0 3A       		.uleb128 0x3a
 770 00c1 0B       		.uleb128 0xb
 771 00c2 3B       		.uleb128 0x3b
 772 00c3 05       		.uleb128 0x5
 773 00c4 49       		.uleb128 0x49
 774 00c5 13       		.uleb128 0x13
 775 00c6 3F       		.uleb128 0x3f
 776 00c7 19       		.uleb128 0x19
 777 00c8 3C       		.uleb128 0x3c
 778 00c9 19       		.uleb128 0x19
 779 00ca 00       		.byte	0
 780 00cb 00       		.byte	0
 781 00cc 00       		.byte	0
 782              		.section	.debug_aranges,"",%progbits
 783 0000 24000000 		.4byte	0x24
 784 0004 0200     		.2byte	0x2
 785 0006 00000000 		.4byte	.Ldebug_info0
 786 000a 04       		.byte	0x4
 787 000b 00       		.byte	0
 788 000c 0000     		.2byte	0
 789 000e 0000     		.2byte	0
 790 0010 00000000 		.4byte	.LFB118
 791 0014 9C000000 		.4byte	.LFE118-.LFB118
 792 0018 00000000 		.4byte	.LFB119
 793 001c 48010000 		.4byte	.LFE119-.LFB119
 794 0020 00000000 		.4byte	0
 795 0024 00000000 		.4byte	0
 796              		.section	.debug_ranges,"",%progbits
 797              	.Ldebug_ranges0:
ARM GAS  c:\Tmp\ccbWgRj7.s 			page 15


 798 0000 00000000 		.4byte	.LFB118
 799 0004 9C000000 		.4byte	.LFE118
 800 0008 00000000 		.4byte	.LFB119
 801 000c 48010000 		.4byte	.LFE119
 802 0010 00000000 		.4byte	0
 803 0014 00000000 		.4byte	0
 804              		.section	.debug_line,"",%progbits
 805              	.Ldebug_line0:
 806 0000 60010000 		.section	.debug_str,"MS",%progbits,1
 806      0200E300 
 806      00000201 
 806      FB0E0D00 
 806      01010101 
 807              	.LASF20:
 808 0000 78696E69 		.ascii	"xini\000"
 808      00
 809              	.LASF18:
 810 0005 706F7358 		.ascii	"posX\000"
 810      00
 811              	.LASF19:
 812 000a 706F7359 		.ascii	"posY\000"
 812      00
 813              	.LASF9:
 814 000f 5F5F696E 		.ascii	"__int32_t\000"
 814      7433325F 
 814      7400
 815              	.LASF4:
 816 0019 73686F72 		.ascii	"short unsigned int\000"
 816      7420756E 
 816      7369676E 
 816      65642069 
 816      6E7400
 817              	.LASF22:
 818 002c 6D6F7374 		.ascii	"mostres\000"
 818      72657300 
 819              	.LASF14:
 820 0034 6D617858 		.ascii	"maxX\000"
 820      00
 821              	.LASF16:
 822 0039 6D617859 		.ascii	"maxY\000"
 822      00
 823              	.LASF21:
 824 003e 79696E69 		.ascii	"yini\000"
 824      00
 825              	.LASF26:
 826 0043 64697370 		.ascii	"displayAccel\000"
 826      6C617941 
 826      6363656C 
 826      00
 827              	.LASF6:
 828 0050 6C6F6E67 		.ascii	"long unsigned int\000"
 828      20756E73 
 828      69676E65 
 828      6420696E 
 828      7400
 829              	.LASF28:
 830 0062 49544D5F 		.ascii	"ITM_RxBuffer\000"
ARM GAS  c:\Tmp\ccbWgRj7.s 			page 16


 830      52784275 
 830      66666572 
 830      00
 831              	.LASF2:
 832 006f 756E7369 		.ascii	"unsigned char\000"
 832      676E6564 
 832      20636861 
 832      7200
 833              	.LASF27:
 834 007d 6D61696E 		.ascii	"main\000"
 834      00
 835              	.LASF0:
 836 0082 756E7369 		.ascii	"unsigned int\000"
 836      676E6564 
 836      20696E74 
 836      00
 837              	.LASF17:
 838 008f 6D696E59 		.ascii	"minY\000"
 838      00
 839              	.LASF13:
 840 0094 63686172 		.ascii	"char\000"
 840      00
 841              	.LASF10:
 842 0099 696E7433 		.ascii	"int32_t\000"
 842      325F7400 
 843              	.LASF12:
 844 00a1 73697A65 		.ascii	"sizetype\000"
 844      74797065 
 844      00
 845              	.LASF7:
 846 00aa 6C6F6E67 		.ascii	"long long int\000"
 846      206C6F6E 
 846      6720696E 
 846      7400
 847              	.LASF15:
 848 00b8 6D696E58 		.ascii	"minX\000"
 848      00
 849              	.LASF24:
 850 00bd 6D61696E 		.ascii	"main.c\000"
 850      2E6300
 851              	.LASF25:
 852 00c4 4C3A5C53 		.ascii	"L:\\STM32\\Practica\000"
 852      544D3332 
 852      5C507261 
 852      63746963 
 852      6100
 853              	.LASF23:
 854 00d6 474E5520 		.ascii	"GNU C 4.8.3 20140228 (release) [ARM/embedded-4_8-br"
 854      4320342E 
 854      382E3320 
 854      32303134 
 854      30323238 
 855 0109 616E6368 		.ascii	"anch revision 208322] -mcpu=cortex-m4 -mfloat-abi=h"
 855      20726576 
 855      6973696F 
 855      6E203230 
 855      38333232 
ARM GAS  c:\Tmp\ccbWgRj7.s 			page 17


 856 013c 61726420 		.ascii	"ard -mfpu=fpv4-sp-d16 -mno-thumb-interwork -mthumb "
 856      2D6D6670 
 856      753D6670 
 856      76342D73 
 856      702D6431 
 857 016f 2D676764 		.ascii	"-ggdb -O0 -fomit-frame-pointer -falign-functions=16"
 857      62202D4F 
 857      30202D66 
 857      6F6D6974 
 857      2D667261 
 858 01a2 202D6673 		.ascii	" -fsingle-precision-constant -ffunction-sections -f"
 858      696E676C 
 858      652D7072 
 858      65636973 
 858      696F6E2D 
 859 01d5 64617461 		.ascii	"data-sections -fno-common\000"
 859      2D736563 
 859      74696F6E 
 859      73202D66 
 859      6E6F2D63 
 860              	.LASF3:
 861 01ef 73686F72 		.ascii	"short int\000"
 861      7420696E 
 861      7400
 862              	.LASF5:
 863 01f9 6C6F6E67 		.ascii	"long int\000"
 863      20696E74 
 863      00
 864              	.LASF1:
 865 0202 7369676E 		.ascii	"signed char\000"
 865      65642063 
 865      68617200 
 866              	.LASF11:
 867 020e 5F426F6F 		.ascii	"_Bool\000"
 867      6C00
 868              	.LASF8:
 869 0214 6C6F6E67 		.ascii	"long long unsigned int\000"
 869      206C6F6E 
 869      6720756E 
 869      7369676E 
 869      65642069 
 870              		.ident	"GCC: (GNU Tools for ARM Embedded Processors) 4.8.3 20140228 (release) [ARM/embedded-4_8-br
ARM GAS  c:\Tmp\ccbWgRj7.s 			page 18


DEFINED SYMBOLS
                            *ABS*:00000000 main.c
   c:\Tmp\ccbWgRj7.s:21     .rodata:00000000 $d
   c:\Tmp\ccbWgRj7.s:25     .text.displayAccel:00000000 $t
   c:\Tmp\ccbWgRj7.s:31     .text.displayAccel:00000000 displayAccel
   c:\Tmp\ccbWgRj7.s:134    .text.displayAccel:00000098 $d
   c:\Tmp\ccbWgRj7.s:139    .text.main:00000000 $t
   c:\Tmp\ccbWgRj7.s:145    .text.main:00000000 main
   c:\Tmp\ccbWgRj7.s:329    .text.main:00000144 $d
                     .debug_frame:00000010 $d
   c:\Tmp\ccbWgRj7.s:138    .text.displayAccel:0000009c $t
   c:\Tmp\ccbWgRj7.s:333    .text.main:00000148 $t

UNDEFINED SYMBOLS
LCD_GotoXY
LCD_SendString
baseInit
LCD_Init
initAccel
LCD_ClearDisplay
LCD_Config
readAccel
chThdSleep
